fabric\utils.py:47:8: error: Name 'red' already defined
fabric\utils.py:79:8: error: Name 'magenta' already defined
fabric\utils.py:273:8: error: Need type annotation for variable
fabric\network.py:249:19: error: Unsupported right operand type for in ("Exception")
fabric\network.py:650:4: error: "Callable[..., Any]" has no attribute "undecorated"
fabric\state.py:370:23: error: "Option" has no attribute "default"
fabric\state.py:378:0: error: Need type annotation for variable
fabric\network.py:189:4: error: Need type annotation for variable
fabric\network.py:249:19: error: Unsupported right operand type for in ("Exception")
fabric\task_utils.py:27:25: error: "_Dict" has no attribute "default"
fabric\task_utils.py:52:4: error: Need type annotation for variable
fabric\task_utils.py:71:8: error: Need type annotation for variable
fabric\task_utils.py:81:4: error: Need type annotation for variable
fabric\task_utils.py:82:4: error: Need type annotation for variable
fabric\task_utils.py:83:4: error: Need type annotation for variable
fabric\io.py:72:8: error: Need type annotation for variable
fabric\io.py:77:8: error: Need type annotation for variable
fabric\context_managers.py:69:4: error: "Callable[..., ContextManager[Any]]" has no attribute "undecorated"
fabric\job_queue.py:40:8: error: Need type annotation for variable
fabric\job_queue.py:41:8: error: Need type annotation for variable
fabric\job_queue.py:42:8: error: Need type annotation for variable
fabric\job_queue.py:215:8: error: Name 'Bucket' already defined
fabric\job_queue.py:218:12: error: Need type annotation for variable
fabric\tasks.py:383:20: error: Iterable expected
fabric\tasks.py:383:20: error: "bool" has no attribute "__iter__"
fabric\decorators.py:139:12: error: "Callable[..., Any]" has no attribute "return_value"
fabric\decorators.py:140:15: error: "Callable[..., Any]" has no attribute "return_value"
fabric\decorators.py:180:12: error: Module has no attribute "atfork"
fabric\decorators.py:182:8: error: "Callable[..., Any]" has no attribute "parallel"
fabric\decorators.py:183:8: error: "Callable[..., Any]" has no attribute "serial"
fabric\decorators.py:184:8: error: "Callable[..., Any]" has no attribute "pool_size"
fabric\sftp.py:109:8: error: Module 'fabric.api' has no attribute 'sudo'
fabric\sftp.py:109:8: error: Module 'fabric.api' has no attribute 'hide'
fabric\sftp.py:117:8: error: Module 'fabric.api' has no attribute 'sudo'
fabric\sftp.py:117:8: error: Module 'fabric.api' has no attribute 'hide'
fabric\sftp.py:235:8: error: Module 'fabric.api' has no attribute 'sudo'
fabric\sftp.py:235:8: error: Module 'fabric.api' has no attribute 'hide'
fabric\sftp.py:270:24: error: No overload variant of "int" matches argument types [builtins.basestring, builtins.int]
fabric\operations.py:393:8: error: Need type annotation for variable
fabric\operations.py:412:8: error: "_AttributeList" has no attribute "failed"
fabric\operations.py:413:8: error: "_AttributeList" has no attribute "succeeded"
fabric\operations.py:413:28: error: "_AttributeList" has no attribute "failed"
fabric\operations.py:562:8: error: Need type annotation for variable
fabric\operations.py:598:8: error: "_AttributeList" has no attribute "failed"
fabric\operations.py:599:8: error: "_AttributeList" has no attribute "succeeded"
fabric\operations.py:599:28: error: "_AttributeList" has no attribute "failed"
fabric\operations.py:787:8: error: Need type annotation for variable
fabric\operations.py:935:8: error: "_AttributeString" has no attribute "failed"
fabric\operations.py:936:8: error: "_AttributeString" has no attribute "command"
fabric\operations.py:937:8: error: "_AttributeString" has no attribute "real_command"
fabric\operations.py:939:12: error: "_AttributeString" has no attribute "failed"
fabric\operations.py:953:8: error: "_AttributeString" has no attribute "return_code"
fabric\operations.py:956:8: error: "_AttributeString" has no attribute "succeeded"
fabric\operations.py:956:28: error: "_AttributeString" has no attribute "failed"
fabric\operations.py:959:8: error: "_AttributeString" has no attribute "stderr"
fabric\operations.py:1187:8: error: Incompatible types in assignment (expression has type "BinaryIO", variable has type "int")
fabric\operations.py:1188:8: error: Incompatible types in assignment (expression has type "BinaryIO", variable has type "int")
fabric\operations.py:1201:4: error: "_AttributeString" has no attribute "command"
fabric\operations.py:1202:4: error: "_AttributeString" has no attribute "real_command"
fabric\operations.py:1203:4: error: "_AttributeString" has no attribute "failed"
fabric\operations.py:1204:4: error: "_AttributeString" has no attribute "return_code"
fabric\operations.py:1205:4: error: "_AttributeString" has no attribute "stderr"
fabric\operations.py:1207:8: error: "_AttributeString" has no attribute "failed"
fabric\operations.py:1210:4: error: "_AttributeString" has no attribute "succeeded"
fabric\operations.py:1210:24: error: "_AttributeString" has no attribute "failed"
fabric\utils.py:47:8: error: Name 'red' already defined
fabric\utils.py:79:8: error: Name 'magenta' already defined
fabric\utils.py:273:8: error: Need type annotation for variable
fabric\network.py:249:19: error: Unsupported right operand type for in ("Exception")
fabric\network.py:650:4: error: "Callable[..., Any]" has no attribute "undecorated"
fabric\state.py:370:23: error: "Option" has no attribute "default"
fabric\state.py:378:0: error: Need type annotation for variable
fabric\network.py:189:4: error: Need type annotation for variable
fabric\network.py:249:19: error: Unsupported right operand type for in ("Exception")
fabric\task_utils.py:27:25: error: "_Dict" has no attribute "default"
fabric\task_utils.py:52:4: error: Need type annotation for variable
fabric\task_utils.py:71:8: error: Need type annotation for variable
fabric\task_utils.py:81:4: error: Need type annotation for variable
fabric\task_utils.py:82:4: error: Need type annotation for variable
fabric\task_utils.py:83:4: error: Need type annotation for variable
fabric\io.py:72:8: error: Need type annotation for variable
fabric\io.py:77:8: error: Need type annotation for variable
fabric\context_managers.py:69:4: error: "Callable[..., ContextManager[Any]]" has no attribute "undecorated"
fabric\job_queue.py:40:8: error: Need type annotation for variable
fabric\job_queue.py:41:8: error: Need type annotation for variable
fabric\job_queue.py:42:8: error: Need type annotation for variable
fabric\job_queue.py:215:8: error: Name 'Bucket' already defined
fabric\job_queue.py:218:12: error: Need type annotation for variable
fabric\tasks.py:383:20: error: Iterable expected
fabric\tasks.py:383:20: error: "bool" has no attribute "__iter__"
fabric\decorators.py:139:12: error: "Callable[..., Any]" has no attribute "return_value"
fabric\decorators.py:140:15: error: "Callable[..., Any]" has no attribute "return_value"
fabric\decorators.py:180:12: error: Module has no attribute "atfork"
fabric\decorators.py:182:8: error: "Callable[..., Any]" has no attribute "parallel"
fabric\decorators.py:183:8: error: "Callable[..., Any]" has no attribute "serial"
fabric\decorators.py:184:8: error: "Callable[..., Any]" has no attribute "pool_size"
fabric\sftp.py:109:8: error: Module 'fabric.api' has no attribute 'sudo'
fabric\sftp.py:109:8: error: Module 'fabric.api' has no attribute 'hide'
fabric\sftp.py:117:8: error: Module 'fabric.api' has no attribute 'sudo'
fabric\sftp.py:117:8: error: Module 'fabric.api' has no attribute 'hide'
fabric\sftp.py:235:8: error: Module 'fabric.api' has no attribute 'sudo'
fabric\sftp.py:235:8: error: Module 'fabric.api' has no attribute 'hide'
fabric\sftp.py:270:24: error: No overload variant of "int" matches argument types [builtins.basestring, builtins.int]
fabric\operations.py:393:8: error: Need type annotation for variable
fabric\operations.py:412:8: error: "_AttributeList" has no attribute "failed"
fabric\operations.py:413:8: error: "_AttributeList" has no attribute "succeeded"
fabric\operations.py:413:28: error: "_AttributeList" has no attribute "failed"
fabric\operations.py:562:8: error: Need type annotation for variable
fabric\operations.py:598:8: error: "_AttributeList" has no attribute "failed"
fabric\operations.py:599:8: error: "_AttributeList" has no attribute "succeeded"
fabric\operations.py:599:28: error: "_AttributeList" has no attribute "failed"
fabric\operations.py:787:8: error: Need type annotation for variable
fabric\operations.py:935:8: error: "_AttributeString" has no attribute "failed"
fabric\operations.py:936:8: error: "_AttributeString" has no attribute "command"
fabric\operations.py:937:8: error: "_AttributeString" has no attribute "real_command"
fabric\operations.py:939:12: error: "_AttributeString" has no attribute "failed"
fabric\operations.py:953:8: error: "_AttributeString" has no attribute "return_code"
fabric\operations.py:956:8: error: "_AttributeString" has no attribute "succeeded"
fabric\operations.py:956:28: error: "_AttributeString" has no attribute "failed"
fabric\operations.py:959:8: error: "_AttributeString" has no attribute "stderr"
fabric\operations.py:1187:8: error: Incompatible types in assignment (expression has type "BinaryIO", variable has type "int")
fabric\operations.py:1188:8: error: Incompatible types in assignment (expression has type "BinaryIO", variable has type "int")
fabric\operations.py:1201:4: error: "_AttributeString" has no attribute "command"
fabric\operations.py:1202:4: error: "_AttributeString" has no attribute "real_command"
fabric\operations.py:1203:4: error: "_AttributeString" has no attribute "failed"
fabric\operations.py:1204:4: error: "_AttributeString" has no attribute "return_code"
fabric\operations.py:1205:4: error: "_AttributeString" has no attribute "stderr"
fabric\operations.py:1207:8: error: "_AttributeString" has no attribute "failed"
fabric\operations.py:1210:4: error: "_AttributeString" has no attribute "succeeded"
fabric\operations.py:1210:24: error: "_AttributeString" has no attribute "failed"
fabric\utils.py:47:8: error: Name 'red' already defined
fabric\utils.py:79:8: error: Name 'magenta' already defined
fabric\utils.py:273:8: error: Need type annotation for variable
fabric\network.py:249:19: error: Unsupported right operand type for in ("Exception")
fabric\network.py:650:4: error: "Callable[..., Any]" has no attribute "undecorated"
fabric\state.py:370:23: error: "Option" has no attribute "default"
fabric\state.py:378:0: error: Need type annotation for variable
fabric\network.py:189:4: error: Need type annotation for variable
fabric\network.py:249:19: error: Unsupported right operand type for in ("Exception")
fabric\utils.py:47:8: error: Name 'red' already defined
fabric\utils.py:79:8: error: Name 'magenta' already defined
fabric\utils.py:273:8: error: Need type annotation for variable
fabric\network.py:249:19: error: Unsupported right operand type for in ("Exception")
fabric\network.py:650:4: error: "Callable[..., Any]" has no attribute "undecorated"
fabric\state.py:370:23: error: "Option" has no attribute "default"
fabric\state.py:378:0: error: Need type annotation for variable
fabric\network.py:189:4: error: Need type annotation for variable
fabric\network.py:249:19: error: Unsupported right operand type for in ("Exception")
fabric\context_managers.py:69:4: error: "Callable[..., ContextManager[Any]]" has no attribute "undecorated"
fabric\utils.py:47:8: error: Name 'red' already defined
fabric\utils.py:79:8: error: Name 'magenta' already defined
fabric\utils.py:273:8: error: Need type annotation for variable
fabric\network.py:249:19: error: Unsupported right operand type for in ("Exception")
fabric\network.py:650:4: error: "Callable[..., Any]" has no attribute "undecorated"
fabric\state.py:370:23: error: "Option" has no attribute "default"
fabric\state.py:378:0: error: Need type annotation for variable
fabric\network.py:189:4: error: Need type annotation for variable
fabric\network.py:249:19: error: Unsupported right operand type for in ("Exception")
fabric\task_utils.py:27:25: error: "_Dict" has no attribute "default"
fabric\task_utils.py:52:4: error: Need type annotation for variable
fabric\task_utils.py:71:8: error: Need type annotation for variable
fabric\task_utils.py:81:4: error: Need type annotation for variable
fabric\task_utils.py:82:4: error: Need type annotation for variable
fabric\task_utils.py:83:4: error: Need type annotation for variable
fabric\context_managers.py:69:4: error: "Callable[..., ContextManager[Any]]" has no attribute "undecorated"
fabric\job_queue.py:40:8: error: Need type annotation for variable
fabric\job_queue.py:41:8: error: Need type annotation for variable
fabric\job_queue.py:42:8: error: Need type annotation for variable
fabric\job_queue.py:215:8: error: Name 'Bucket' already defined
fabric\job_queue.py:218:12: error: Need type annotation for variable
fabric\tasks.py:383:20: error: Iterable expected
fabric\tasks.py:383:20: error: "bool" has no attribute "__iter__"
fabric\decorators.py:139:12: error: "Callable[..., Any]" has no attribute "return_value"
fabric\decorators.py:140:15: error: "Callable[..., Any]" has no attribute "return_value"
fabric\decorators.py:180:12: error: Module has no attribute "atfork"
fabric\decorators.py:182:8: error: "Callable[..., Any]" has no attribute "parallel"
fabric\decorators.py:183:8: error: "Callable[..., Any]" has no attribute "serial"
fabric\decorators.py:184:8: error: "Callable[..., Any]" has no attribute "pool_size"
fabric\utils.py:47:8: error: Name 'red' already defined
fabric\utils.py:79:8: error: Name 'magenta' already defined
fabric\utils.py:273:8: error: Need type annotation for variable
fabric\network.py:249:19: error: Unsupported right operand type for in ("Exception")
fabric\network.py:650:4: error: "Callable[..., Any]" has no attribute "undecorated"
fabric\state.py:370:23: error: "Option" has no attribute "default"
fabric\state.py:378:0: error: Need type annotation for variable
fabric\network.py:189:4: error: Need type annotation for variable
fabric\network.py:249:19: error: Unsupported right operand type for in ("Exception")
fabric\task_utils.py:27:25: error: "_Dict" has no attribute "default"
fabric\task_utils.py:52:4: error: Need type annotation for variable
fabric\task_utils.py:71:8: error: Need type annotation for variable
fabric\task_utils.py:81:4: error: Need type annotation for variable
fabric\task_utils.py:82:4: error: Need type annotation for variable
fabric\task_utils.py:83:4: error: Need type annotation for variable
fabric\context_managers.py:69:4: error: "Callable[..., ContextManager[Any]]" has no attribute "undecorated"
fabric\job_queue.py:40:8: error: Need type annotation for variable
fabric\job_queue.py:41:8: error: Need type annotation for variable
fabric\job_queue.py:42:8: error: Need type annotation for variable
fabric\job_queue.py:215:8: error: Name 'Bucket' already defined
fabric\job_queue.py:218:12: error: Need type annotation for variable
fabric\tasks.py:383:20: error: Iterable expected
fabric\tasks.py:383:20: error: "bool" has no attribute "__iter__"
fabric\utils.py:47:8: error: Name 'red' already defined
fabric\utils.py:79:8: error: Name 'magenta' already defined
fabric\utils.py:273:8: error: Need type annotation for variable
fabric\network.py:249:19: error: Unsupported right operand type for in ("Exception")
fabric\network.py:650:4: error: "Callable[..., Any]" has no attribute "undecorated"
fabric\state.py:370:23: error: "Option" has no attribute "default"
fabric\state.py:378:0: error: Need type annotation for variable
fabric\network.py:189:4: error: Need type annotation for variable
fabric\network.py:249:19: error: Unsupported right operand type for in ("Exception")
fabric\io.py:72:8: error: Need type annotation for variable
fabric\io.py:77:8: error: Need type annotation for variable
fabric\utils.py:47:8: error: Name 'red' already defined
fabric\utils.py:79:8: error: Name 'magenta' already defined
fabric\utils.py:273:8: error: Need type annotation for variable
fabric\network.py:249:19: error: Unsupported right operand type for in ("Exception")
fabric\network.py:650:4: error: "Callable[..., Any]" has no attribute "undecorated"
fabric\state.py:370:23: error: "Option" has no attribute "default"
fabric\state.py:378:0: error: Need type annotation for variable
fabric\network.py:189:4: error: Need type annotation for variable
fabric\network.py:249:19: error: Unsupported right operand type for in ("Exception")
fabric\context_managers.py:69:4: error: "Callable[..., ContextManager[Any]]" has no attribute "undecorated"
fabric\job_queue.py:40:8: error: Need type annotation for variable
fabric\job_queue.py:41:8: error: Need type annotation for variable
fabric\job_queue.py:42:8: error: Need type annotation for variable
fabric\job_queue.py:215:8: error: Name 'Bucket' already defined
fabric\job_queue.py:218:12: error: Need type annotation for variable
fabric\utils.py:47:8: error: Name 'red' already defined
fabric\utils.py:79:8: error: Name 'magenta' already defined
fabric\utils.py:273:8: error: Need type annotation for variable
fabric\network.py:249:19: error: Unsupported right operand type for in ("Exception")
fabric\network.py:650:4: error: "Callable[..., Any]" has no attribute "undecorated"
fabric\state.py:370:23: error: "Option" has no attribute "default"
fabric\state.py:378:0: error: Need type annotation for variable
fabric\network.py:189:4: error: Need type annotation for variable
fabric\network.py:249:19: error: Unsupported right operand type for in ("Exception")
fabric\io.py:72:8: error: Need type annotation for variable
fabric\io.py:77:8: error: Need type annotation for variable
fabric\context_managers.py:69:4: error: "Callable[..., ContextManager[Any]]" has no attribute "undecorated"
fabric\task_utils.py:27:25: error: "_Dict" has no attribute "default"
fabric\task_utils.py:52:4: error: Need type annotation for variable
fabric\task_utils.py:71:8: error: Need type annotation for variable
fabric\task_utils.py:81:4: error: Need type annotation for variable
fabric\task_utils.py:82:4: error: Need type annotation for variable
fabric\task_utils.py:83:4: error: Need type annotation for variable
fabric\job_queue.py:40:8: error: Need type annotation for variable
fabric\job_queue.py:41:8: error: Need type annotation for variable
fabric\job_queue.py:42:8: error: Need type annotation for variable
fabric\job_queue.py:215:8: error: Name 'Bucket' already defined
fabric\job_queue.py:218:12: error: Need type annotation for variable
fabric\tasks.py:383:20: error: Iterable expected
fabric\tasks.py:383:20: error: "bool" has no attribute "__iter__"
fabric\decorators.py:139:12: error: "Callable[..., Any]" has no attribute "return_value"
fabric\decorators.py:140:15: error: "Callable[..., Any]" has no attribute "return_value"
fabric\decorators.py:180:12: error: Module has no attribute "atfork"
fabric\decorators.py:182:8: error: "Callable[..., Any]" has no attribute "parallel"
fabric\decorators.py:183:8: error: "Callable[..., Any]" has no attribute "serial"
fabric\decorators.py:184:8: error: "Callable[..., Any]" has no attribute "pool_size"
fabric\sftp.py:109:8: error: Module 'fabric.api' has no attribute 'sudo'
fabric\sftp.py:109:8: error: Module 'fabric.api' has no attribute 'hide'
fabric\sftp.py:117:8: error: Module 'fabric.api' has no attribute 'sudo'
fabric\sftp.py:117:8: error: Module 'fabric.api' has no attribute 'hide'
fabric\sftp.py:235:8: error: Module 'fabric.api' has no attribute 'sudo'
fabric\sftp.py:235:8: error: Module 'fabric.api' has no attribute 'hide'
fabric\sftp.py:270:24: error: No overload variant of "int" matches argument types [builtins.basestring, builtins.int]
fabric\operations.py:393:8: error: Need type annotation for variable
fabric\operations.py:412:8: error: "_AttributeList" has no attribute "failed"
fabric\operations.py:413:8: error: "_AttributeList" has no attribute "succeeded"
fabric\operations.py:413:28: error: "_AttributeList" has no attribute "failed"
fabric\operations.py:562:8: error: Need type annotation for variable
fabric\operations.py:598:8: error: "_AttributeList" has no attribute "failed"
fabric\operations.py:599:8: error: "_AttributeList" has no attribute "succeeded"
fabric\operations.py:599:28: error: "_AttributeList" has no attribute "failed"
fabric\operations.py:787:8: error: Need type annotation for variable
fabric\operations.py:935:8: error: "_AttributeString" has no attribute "failed"
fabric\operations.py:936:8: error: "_AttributeString" has no attribute "command"
fabric\operations.py:937:8: error: "_AttributeString" has no attribute "real_command"
fabric\operations.py:939:12: error: "_AttributeString" has no attribute "failed"
fabric\operations.py:953:8: error: "_AttributeString" has no attribute "return_code"
fabric\operations.py:956:8: error: "_AttributeString" has no attribute "succeeded"
fabric\operations.py:956:28: error: "_AttributeString" has no attribute "failed"
fabric\operations.py:959:8: error: "_AttributeString" has no attribute "stderr"
fabric\operations.py:1187:8: error: Incompatible types in assignment (expression has type "BinaryIO", variable has type "int")
fabric\operations.py:1188:8: error: Incompatible types in assignment (expression has type "BinaryIO", variable has type "int")
fabric\operations.py:1201:4: error: "_AttributeString" has no attribute "command"
fabric\operations.py:1202:4: error: "_AttributeString" has no attribute "real_command"
fabric\operations.py:1203:4: error: "_AttributeString" has no attribute "failed"
fabric\operations.py:1204:4: error: "_AttributeString" has no attribute "return_code"
fabric\operations.py:1205:4: error: "_AttributeString" has no attribute "stderr"
fabric\operations.py:1207:8: error: "_AttributeString" has no attribute "failed"
fabric\operations.py:1210:4: error: "_AttributeString" has no attribute "succeeded"
fabric\operations.py:1210:24: error: "_AttributeString" has no attribute "failed"
fabric\contrib\files.py:51:4: error: Need type annotation for variable
fabric\main.py:32:0: error: Need type annotation for variable
fabric\main.py:44:8: error: Need type annotation for variable
fabric\main.py:189:8: error: Incompatible types in assignment (expression has type "List[Tuple[str, Any]]", variable has type "Dict[str, Any]")
fabric\main.py:192:8: error: Incompatible types in assignment (expression has type "List[Tuple[str, Any]]", variable has type "Dict[str, Any]")
fabric\main.py:528:8: error: Need type annotation for variable
fabric\main.py:529:8: error: Need type annotation for variable
fabric\main.py:530:8: error: Need type annotation for variable
fabric\utils.py:47:8: error: Name 'red' already defined
fabric\utils.py:79:8: error: Name 'magenta' already defined
fabric\utils.py:273:8: error: Need type annotation for variable
fabric\network.py:249:19: error: Unsupported right operand type for in ("Exception")
fabric\network.py:650:4: error: "Callable[..., Any]" has no attribute "undecorated"
fabric\state.py:370:23: error: "Option" has no attribute "default"
fabric\state.py:378:0: error: Need type annotation for variable
fabric\network.py:189:4: error: Need type annotation for variable
fabric\network.py:249:19: error: Unsupported right operand type for in ("Exception")
fabric\utils.py:47:8: error: Name 'red' already defined
fabric\utils.py:79:8: error: Name 'magenta' already defined
fabric\utils.py:273:8: error: Need type annotation for variable
fabric\network.py:249:19: error: Unsupported right operand type for in ("Exception")
fabric\network.py:650:4: error: "Callable[..., Any]" has no attribute "undecorated"
fabric\state.py:370:23: error: "Option" has no attribute "default"
fabric\state.py:378:0: error: Need type annotation for variable
fabric\network.py:189:4: error: Need type annotation for variable
fabric\network.py:249:19: error: Unsupported right operand type for in ("Exception")
fabric\task_utils.py:27:25: error: "_Dict" has no attribute "default"
fabric\task_utils.py:52:4: error: Need type annotation for variable
fabric\task_utils.py:71:8: error: Need type annotation for variable
fabric\task_utils.py:81:4: error: Need type annotation for variable
fabric\task_utils.py:82:4: error: Need type annotation for variable
fabric\task_utils.py:83:4: error: Need type annotation for variable
fabric\io.py:72:8: error: Need type annotation for variable
fabric\io.py:77:8: error: Need type annotation for variable
fabric\context_managers.py:69:4: error: "Callable[..., ContextManager[Any]]" has no attribute "undecorated"
fabric\job_queue.py:40:8: error: Need type annotation for variable
fabric\job_queue.py:41:8: error: Need type annotation for variable
fabric\job_queue.py:42:8: error: Need type annotation for variable
fabric\job_queue.py:215:8: error: Name 'Bucket' already defined
fabric\job_queue.py:218:12: error: Need type annotation for variable
fabric\tasks.py:383:20: error: Iterable expected
fabric\tasks.py:383:20: error: "bool" has no attribute "__iter__"
fabric\decorators.py:139:12: error: "Callable[..., Any]" has no attribute "return_value"
fabric\decorators.py:140:15: error: "Callable[..., Any]" has no attribute "return_value"
fabric\decorators.py:180:12: error: Module has no attribute "atfork"
fabric\decorators.py:182:8: error: "Callable[..., Any]" has no attribute "parallel"
fabric\decorators.py:183:8: error: "Callable[..., Any]" has no attribute "serial"
fabric\decorators.py:184:8: error: "Callable[..., Any]" has no attribute "pool_size"
fabric\sftp.py:109:8: error: Module 'fabric.api' has no attribute 'sudo'
fabric\sftp.py:109:8: error: Module 'fabric.api' has no attribute 'hide'
fabric\sftp.py:117:8: error: Module 'fabric.api' has no attribute 'sudo'
fabric\sftp.py:117:8: error: Module 'fabric.api' has no attribute 'hide'
fabric\sftp.py:235:8: error: Module 'fabric.api' has no attribute 'sudo'
fabric\sftp.py:235:8: error: Module 'fabric.api' has no attribute 'hide'
fabric\sftp.py:270:24: error: No overload variant of "int" matches argument types [builtins.basestring, builtins.int]
fabric\operations.py:393:8: error: Need type annotation for variable
fabric\operations.py:412:8: error: "_AttributeList" has no attribute "failed"
fabric\operations.py:413:8: error: "_AttributeList" has no attribute "succeeded"
fabric\operations.py:413:28: error: "_AttributeList" has no attribute "failed"
fabric\operations.py:562:8: error: Need type annotation for variable
fabric\operations.py:598:8: error: "_AttributeList" has no attribute "failed"
fabric\operations.py:599:8: error: "_AttributeList" has no attribute "succeeded"
fabric\operations.py:599:28: error: "_AttributeList" has no attribute "failed"
fabric\operations.py:787:8: error: Need type annotation for variable
fabric\operations.py:935:8: error: "_AttributeString" has no attribute "failed"
fabric\operations.py:936:8: error: "_AttributeString" has no attribute "command"
fabric\operations.py:937:8: error: "_AttributeString" has no attribute "real_command"
fabric\operations.py:939:12: error: "_AttributeString" has no attribute "failed"
fabric\operations.py:953:8: error: "_AttributeString" has no attribute "return_code"
fabric\operations.py:956:8: error: "_AttributeString" has no attribute "succeeded"
fabric\operations.py:956:28: error: "_AttributeString" has no attribute "failed"
fabric\operations.py:959:8: error: "_AttributeString" has no attribute "stderr"
fabric\operations.py:1187:8: error: Incompatible types in assignment (expression has type "BinaryIO", variable has type "int")
fabric\operations.py:1188:8: error: Incompatible types in assignment (expression has type "BinaryIO", variable has type "int")
fabric\operations.py:1201:4: error: "_AttributeString" has no attribute "command"
fabric\operations.py:1202:4: error: "_AttributeString" has no attribute "real_command"
fabric\operations.py:1203:4: error: "_AttributeString" has no attribute "failed"
fabric\operations.py:1204:4: error: "_AttributeString" has no attribute "return_code"
fabric\operations.py:1205:4: error: "_AttributeString" has no attribute "stderr"
fabric\operations.py:1207:8: error: "_AttributeString" has no attribute "failed"
fabric\operations.py:1210:4: error: "_AttributeString" has no attribute "succeeded"
fabric\operations.py:1210:24: error: "_AttributeString" has no attribute "failed"
fabric\utils.py:47:8: error: Name 'red' already defined
fabric\utils.py:79:8: error: Name 'magenta' already defined
fabric\utils.py:273:8: error: Need type annotation for variable
fabric\network.py:249:19: error: Unsupported right operand type for in ("Exception")
fabric\network.py:650:4: error: "Callable[..., Any]" has no attribute "undecorated"
fabric\state.py:370:23: error: "Option" has no attribute "default"
fabric\state.py:378:0: error: Need type annotation for variable
fabric\network.py:189:4: error: Need type annotation for variable
fabric\network.py:249:19: error: Unsupported right operand type for in ("Exception")
fabric\task_utils.py:27:25: error: "_Dict" has no attribute "default"
fabric\task_utils.py:52:4: error: Need type annotation for variable
fabric\task_utils.py:71:8: error: Need type annotation for variable
fabric\task_utils.py:81:4: error: Need type annotation for variable
fabric\task_utils.py:82:4: error: Need type annotation for variable
fabric\task_utils.py:83:4: error: Need type annotation for variable
fabric\io.py:72:8: error: Need type annotation for variable
fabric\io.py:77:8: error: Need type annotation for variable
fabric\context_managers.py:69:4: error: "Callable[..., ContextManager[Any]]" has no attribute "undecorated"
fabric\job_queue.py:40:8: error: Need type annotation for variable
fabric\job_queue.py:41:8: error: Need type annotation for variable
fabric\job_queue.py:42:8: error: Need type annotation for variable
fabric\job_queue.py:215:8: error: Name 'Bucket' already defined
fabric\job_queue.py:218:12: error: Need type annotation for variable
fabric\tasks.py:383:20: error: Iterable expected
fabric\tasks.py:383:20: error: "bool" has no attribute "__iter__"
fabric\decorators.py:139:12: error: "Callable[..., Any]" has no attribute "return_value"
fabric\decorators.py:140:15: error: "Callable[..., Any]" has no attribute "return_value"
fabric\decorators.py:180:12: error: Module has no attribute "atfork"
fabric\decorators.py:182:8: error: "Callable[..., Any]" has no attribute "parallel"
fabric\decorators.py:183:8: error: "Callable[..., Any]" has no attribute "serial"
fabric\decorators.py:184:8: error: "Callable[..., Any]" has no attribute "pool_size"
fabric\sftp.py:109:8: error: Module 'fabric.api' has no attribute 'sudo'
fabric\sftp.py:109:8: error: Module 'fabric.api' has no attribute 'hide'
fabric\sftp.py:117:8: error: Module 'fabric.api' has no attribute 'sudo'
fabric\sftp.py:117:8: error: Module 'fabric.api' has no attribute 'hide'
fabric\sftp.py:235:8: error: Module 'fabric.api' has no attribute 'sudo'
fabric\sftp.py:235:8: error: Module 'fabric.api' has no attribute 'hide'
fabric\sftp.py:270:24: error: No overload variant of "int" matches argument types [builtins.basestring, builtins.int]
fabric\operations.py:393:8: error: Need type annotation for variable
fabric\operations.py:412:8: error: "_AttributeList" has no attribute "failed"
fabric\operations.py:413:8: error: "_AttributeList" has no attribute "succeeded"
fabric\operations.py:413:28: error: "_AttributeList" has no attribute "failed"
fabric\operations.py:562:8: error: Need type annotation for variable
fabric\operations.py:598:8: error: "_AttributeList" has no attribute "failed"
fabric\operations.py:599:8: error: "_AttributeList" has no attribute "succeeded"
fabric\operations.py:599:28: error: "_AttributeList" has no attribute "failed"
fabric\operations.py:787:8: error: Need type annotation for variable
fabric\operations.py:935:8: error: "_AttributeString" has no attribute "failed"
fabric\operations.py:936:8: error: "_AttributeString" has no attribute "command"
fabric\operations.py:937:8: error: "_AttributeString" has no attribute "real_command"
fabric\operations.py:939:12: error: "_AttributeString" has no attribute "failed"
fabric\operations.py:953:8: error: "_AttributeString" has no attribute "return_code"
fabric\operations.py:956:8: error: "_AttributeString" has no attribute "succeeded"
fabric\operations.py:956:28: error: "_AttributeString" has no attribute "failed"
fabric\operations.py:959:8: error: "_AttributeString" has no attribute "stderr"
fabric\operations.py:1187:8: error: Incompatible types in assignment (expression has type "BinaryIO", variable has type "int")
fabric\operations.py:1188:8: error: Incompatible types in assignment (expression has type "BinaryIO", variable has type "int")
fabric\operations.py:1201:4: error: "_AttributeString" has no attribute "command"
fabric\operations.py:1202:4: error: "_AttributeString" has no attribute "real_command"
fabric\operations.py:1203:4: error: "_AttributeString" has no attribute "failed"
fabric\operations.py:1204:4: error: "_AttributeString" has no attribute "return_code"
fabric\operations.py:1205:4: error: "_AttributeString" has no attribute "stderr"
fabric\operations.py:1207:8: error: "_AttributeString" has no attribute "failed"
fabric\operations.py:1210:4: error: "_AttributeString" has no attribute "succeeded"
fabric\operations.py:1210:24: error: "_AttributeString" has no attribute "failed"
fabric\utils.py:47:8: error: Name 'red' already defined
fabric\utils.py:79:8: error: Name 'magenta' already defined
fabric\utils.py:273:8: error: Need type annotation for variable
fabric\network.py:249:19: error: Unsupported right operand type for in ("Exception")
fabric\network.py:650:4: error: "Callable[..., Any]" has no attribute "undecorated"
fabric\state.py:370:23: error: "Option" has no attribute "default"
fabric\state.py:378:0: error: Need type annotation for variable
fabric\network.py:189:4: error: Need type annotation for variable
fabric\network.py:249:19: error: Unsupported right operand type for in ("Exception")
fabric\utils.py:47:8: error: Name 'red' already defined
fabric\utils.py:79:8: error: Name 'magenta' already defined
fabric\utils.py:273:8: error: Need type annotation for variable
fabric\network.py:249:19: error: Unsupported right operand type for in ("Exception")
fabric\network.py:650:4: error: "Callable[..., Any]" has no attribute "undecorated"
fabric\state.py:370:23: error: "Option" has no attribute "default"
fabric\state.py:378:0: error: Need type annotation for variable
fabric\network.py:189:4: error: Need type annotation for variable
fabric\network.py:249:19: error: Unsupported right operand type for in ("Exception")
fabric\task_utils.py:27:25: error: "_Dict" has no attribute "default"
fabric\task_utils.py:52:4: error: Need type annotation for variable
fabric\task_utils.py:71:8: error: Need type annotation for variable
fabric\task_utils.py:81:4: error: Need type annotation for variable
fabric\task_utils.py:82:4: error: Need type annotation for variable
fabric\task_utils.py:83:4: error: Need type annotation for variable
fabric\context_managers.py:69:4: error: "Callable[..., ContextManager[Any]]" has no attribute "undecorated"
fabric\job_queue.py:40:8: error: Need type annotation for variable
fabric\job_queue.py:41:8: error: Need type annotation for variable
fabric\job_queue.py:42:8: error: Need type annotation for variable
fabric\job_queue.py:215:8: error: Name 'Bucket' already defined
fabric\job_queue.py:218:12: error: Need type annotation for variable
fabric\tasks.py:383:20: error: Iterable expected
fabric\tasks.py:383:20: error: "bool" has no attribute "__iter__"
fabric\utils.py:47:8: error: Name 'red' already defined
fabric\utils.py:79:8: error: Name 'magenta' already defined
fabric\utils.py:273:8: error: Need type annotation for variable
fabric\network.py:249:19: error: Unsupported right operand type for in ("Exception")
fabric\network.py:650:4: error: "Callable[..., Any]" has no attribute "undecorated"
fabric\state.py:370:23: error: "Option" has no attribute "default"
fabric\state.py:378:0: error: Need type annotation for variable
fabric\network.py:189:4: error: Need type annotation for variable
fabric\network.py:249:19: error: Unsupported right operand type for in ("Exception")
fabric\task_utils.py:27:25: error: "_Dict" has no attribute "default"
fabric\task_utils.py:52:4: error: Need type annotation for variable
fabric\task_utils.py:71:8: error: Need type annotation for variable
fabric\task_utils.py:81:4: error: Need type annotation for variable
fabric\task_utils.py:82:4: error: Need type annotation for variable
fabric\task_utils.py:83:4: error: Need type annotation for variable
fabric\utils.py:47:8: error: Name 'red' already defined
fabric\utils.py:79:8: error: Name 'magenta' already defined
fabric\utils.py:273:8: error: Need type annotation for variable
fabric\network.py:249:19: error: Unsupported right operand type for in ("Exception")
fabric\network.py:650:4: error: "Callable[..., Any]" has no attribute "undecorated"
fabric\state.py:370:23: error: "Option" has no attribute "default"
fabric\state.py:378:0: error: Need type annotation for variable
fabric\network.py:189:4: error: Need type annotation for variable
fabric\network.py:249:19: error: Unsupported right operand type for in ("Exception")
fabric\utils.py:47:8: error: Name 'red' already defined
fabric\utils.py:79:8: error: Name 'magenta' already defined
fabric\utils.py:273:8: error: Need type annotation for variable
fabric\network.py:249:19: error: Unsupported right operand type for in ("Exception")
fabric\network.py:650:4: error: "Callable[..., Any]" has no attribute "undecorated"
fabric\state.py:370:23: error: "Option" has no attribute "default"
fabric\state.py:378:0: error: Need type annotation for variable
fabric\network.py:189:4: error: Need type annotation for variable
fabric\network.py:249:19: error: Unsupported right operand type for in ("Exception")
fabric\io.py:72:8: error: Need type annotation for variable
fabric\io.py:77:8: error: Need type annotation for variable
fabric\context_managers.py:69:4: error: "Callable[..., ContextManager[Any]]" has no attribute "undecorated"
fabric\task_utils.py:27:25: error: "_Dict" has no attribute "default"
fabric\task_utils.py:52:4: error: Need type annotation for variable
fabric\task_utils.py:71:8: error: Need type annotation for variable
fabric\task_utils.py:81:4: error: Need type annotation for variable
fabric\task_utils.py:82:4: error: Need type annotation for variable
fabric\task_utils.py:83:4: error: Need type annotation for variable
fabric\job_queue.py:40:8: error: Need type annotation for variable
fabric\job_queue.py:41:8: error: Need type annotation for variable
fabric\job_queue.py:42:8: error: Need type annotation for variable
fabric\job_queue.py:215:8: error: Name 'Bucket' already defined
fabric\job_queue.py:218:12: error: Need type annotation for variable
fabric\tasks.py:383:20: error: Iterable expected
fabric\tasks.py:383:20: error: "bool" has no attribute "__iter__"
fabric\decorators.py:139:12: error: "Callable[..., Any]" has no attribute "return_value"
fabric\decorators.py:140:15: error: "Callable[..., Any]" has no attribute "return_value"
fabric\decorators.py:180:12: error: Module has no attribute "atfork"
fabric\decorators.py:182:8: error: "Callable[..., Any]" has no attribute "parallel"
fabric\decorators.py:183:8: error: "Callable[..., Any]" has no attribute "serial"
fabric\decorators.py:184:8: error: "Callable[..., Any]" has no attribute "pool_size"
fabric\sftp.py:109:8: error: Module 'fabric.api' has no attribute 'sudo'
fabric\sftp.py:109:8: error: Module 'fabric.api' has no attribute 'hide'
fabric\sftp.py:117:8: error: Module 'fabric.api' has no attribute 'sudo'
fabric\sftp.py:117:8: error: Module 'fabric.api' has no attribute 'hide'
fabric\sftp.py:235:8: error: Module 'fabric.api' has no attribute 'sudo'
fabric\sftp.py:235:8: error: Module 'fabric.api' has no attribute 'hide'
fabric\sftp.py:270:24: error: No overload variant of "int" matches argument types [builtins.basestring, builtins.int]
fabric\operations.py:393:8: error: Need type annotation for variable
fabric\operations.py:412:8: error: "_AttributeList" has no attribute "failed"
fabric\operations.py:413:8: error: "_AttributeList" has no attribute "succeeded"
fabric\operations.py:413:28: error: "_AttributeList" has no attribute "failed"
fabric\operations.py:562:8: error: Need type annotation for variable
fabric\operations.py:598:8: error: "_AttributeList" has no attribute "failed"
fabric\operations.py:599:8: error: "_AttributeList" has no attribute "succeeded"
fabric\operations.py:599:28: error: "_AttributeList" has no attribute "failed"
fabric\operations.py:787:8: error: Need type annotation for variable
fabric\operations.py:935:8: error: "_AttributeString" has no attribute "failed"
fabric\operations.py:936:8: error: "_AttributeString" has no attribute "command"
fabric\operations.py:937:8: error: "_AttributeString" has no attribute "real_command"
fabric\operations.py:939:12: error: "_AttributeString" has no attribute "failed"
fabric\operations.py:953:8: error: "_AttributeString" has no attribute "return_code"
fabric\operations.py:956:8: error: "_AttributeString" has no attribute "succeeded"
fabric\operations.py:956:28: error: "_AttributeString" has no attribute "failed"
fabric\operations.py:959:8: error: "_AttributeString" has no attribute "stderr"
fabric\operations.py:1187:8: error: Incompatible types in assignment (expression has type "BinaryIO", variable has type "int")
fabric\operations.py:1188:8: error: Incompatible types in assignment (expression has type "BinaryIO", variable has type "int")
fabric\operations.py:1201:4: error: "_AttributeString" has no attribute "command"
fabric\operations.py:1202:4: error: "_AttributeString" has no attribute "real_command"
fabric\operations.py:1203:4: error: "_AttributeString" has no attribute "failed"
fabric\operations.py:1204:4: error: "_AttributeString" has no attribute "return_code"
fabric\operations.py:1205:4: error: "_AttributeString" has no attribute "stderr"
fabric\operations.py:1207:8: error: "_AttributeString" has no attribute "failed"
fabric\operations.py:1210:4: error: "_AttributeString" has no attribute "succeeded"
fabric\operations.py:1210:24: error: "_AttributeString" has no attribute "failed"
fabric\contrib\files.py:51:4: error: Need type annotation for variable
fabric\main.py:32:0: error: Need type annotation for variable
fabric\main.py:44:8: error: Need type annotation for variable
fabric\main.py:189:8: error: Incompatible types in assignment (expression has type "List[Tuple[str, Any]]", variable has type "Dict[str, Any]")
fabric\main.py:192:8: error: Incompatible types in assignment (expression has type "List[Tuple[str, Any]]", variable has type "Dict[str, Any]")
fabric\main.py:528:8: error: Need type annotation for variable
fabric\main.py:529:8: error: Need type annotation for variable
fabric\main.py:530:8: error: Need type annotation for variable
fabric\utils.py:47:8: error: Name 'red' already defined
fabric\utils.py:79:8: error: Name 'magenta' already defined
fabric\utils.py:273:8: error: Need type annotation for variable
fabric\network.py:249:19: error: Unsupported right operand type for in ("Exception")
fabric\network.py:650:4: error: "Callable[..., Any]" has no attribute "undecorated"
fabric\state.py:370:23: error: "Option" has no attribute "default"
fabric\state.py:378:0: error: Need type annotation for variable
fabric\network.py:189:4: error: Need type annotation for variable
fabric\network.py:249:19: error: Unsupported right operand type for in ("Exception")
fabric\task_utils.py:27:25: error: "_Dict" has no attribute "default"
fabric\task_utils.py:52:4: error: Need type annotation for variable
fabric\task_utils.py:71:8: error: Need type annotation for variable
fabric\task_utils.py:81:4: error: Need type annotation for variable
fabric\task_utils.py:82:4: error: Need type annotation for variable
fabric\task_utils.py:83:4: error: Need type annotation for variable
fabric\io.py:72:8: error: Need type annotation for variable
fabric\io.py:77:8: error: Need type annotation for variable
fabric\context_managers.py:69:4: error: "Callable[..., ContextManager[Any]]" has no attribute "undecorated"
fabric\job_queue.py:40:8: error: Need type annotation for variable
fabric\job_queue.py:41:8: error: Need type annotation for variable
fabric\job_queue.py:42:8: error: Need type annotation for variable
fabric\job_queue.py:215:8: error: Name 'Bucket' already defined
fabric\job_queue.py:218:12: error: Need type annotation for variable
fabric\tasks.py:383:20: error: Iterable expected
fabric\tasks.py:383:20: error: "bool" has no attribute "__iter__"
fabric\decorators.py:139:12: error: "Callable[..., Any]" has no attribute "return_value"
fabric\decorators.py:140:15: error: "Callable[..., Any]" has no attribute "return_value"
fabric\decorators.py:180:12: error: Module has no attribute "atfork"
fabric\decorators.py:182:8: error: "Callable[..., Any]" has no attribute "parallel"
fabric\decorators.py:183:8: error: "Callable[..., Any]" has no attribute "serial"
fabric\decorators.py:184:8: error: "Callable[..., Any]" has no attribute "pool_size"
fabric\sftp.py:109:8: error: Module 'fabric.api' has no attribute 'sudo'
fabric\sftp.py:109:8: error: Module 'fabric.api' has no attribute 'hide'
fabric\sftp.py:117:8: error: Module 'fabric.api' has no attribute 'sudo'
fabric\sftp.py:117:8: error: Module 'fabric.api' has no attribute 'hide'
fabric\sftp.py:235:8: error: Module 'fabric.api' has no attribute 'sudo'
fabric\sftp.py:235:8: error: Module 'fabric.api' has no attribute 'hide'
fabric\sftp.py:270:24: error: No overload variant of "int" matches argument types [builtins.basestring, builtins.int]
fabric\operations.py:393:8: error: Need type annotation for variable
fabric\operations.py:412:8: error: "_AttributeList" has no attribute "failed"
fabric\operations.py:413:8: error: "_AttributeList" has no attribute "succeeded"
fabric\operations.py:413:28: error: "_AttributeList" has no attribute "failed"
fabric\operations.py:562:8: error: Need type annotation for variable
fabric\operations.py:598:8: error: "_AttributeList" has no attribute "failed"
fabric\operations.py:599:8: error: "_AttributeList" has no attribute "succeeded"
fabric\operations.py:599:28: error: "_AttributeList" has no attribute "failed"
fabric\operations.py:787:8: error: Need type annotation for variable
fabric\operations.py:935:8: error: "_AttributeString" has no attribute "failed"
fabric\operations.py:936:8: error: "_AttributeString" has no attribute "command"
fabric\operations.py:937:8: error: "_AttributeString" has no attribute "real_command"
fabric\operations.py:939:12: error: "_AttributeString" has no attribute "failed"
fabric\operations.py:953:8: error: "_AttributeString" has no attribute "return_code"
fabric\operations.py:956:8: error: "_AttributeString" has no attribute "succeeded"
fabric\operations.py:956:28: error: "_AttributeString" has no attribute "failed"
fabric\operations.py:959:8: error: "_AttributeString" has no attribute "stderr"
fabric\operations.py:1187:8: error: Incompatible types in assignment (expression has type "BinaryIO", variable has type "int")
fabric\operations.py:1188:8: error: Incompatible types in assignment (expression has type "BinaryIO", variable has type "int")
fabric\operations.py:1201:4: error: "_AttributeString" has no attribute "command"
fabric\operations.py:1202:4: error: "_AttributeString" has no attribute "real_command"
fabric\operations.py:1203:4: error: "_AttributeString" has no attribute "failed"
fabric\operations.py:1204:4: error: "_AttributeString" has no attribute "return_code"
fabric\operations.py:1205:4: error: "_AttributeString" has no attribute "stderr"
fabric\operations.py:1207:8: error: "_AttributeString" has no attribute "failed"
fabric\operations.py:1210:4: error: "_AttributeString" has no attribute "succeeded"
fabric\operations.py:1210:24: error: "_AttributeString" has no attribute "failed"
fabric\utils.py:47:8: error: Name 'red' already defined
fabric\utils.py:79:8: error: Name 'magenta' already defined
fabric\utils.py:273:8: error: Need type annotation for variable
fabric\network.py:249:19: error: Unsupported right operand type for in ("Exception")
fabric\network.py:650:4: error: "Callable[..., Any]" has no attribute "undecorated"
fabric\state.py:370:23: error: "Option" has no attribute "default"
fabric\state.py:378:0: error: Need type annotation for variable
fabric\network.py:189:4: error: Need type annotation for variable
fabric\network.py:249:19: error: Unsupported right operand type for in ("Exception")
fabric\task_utils.py:27:25: error: "_Dict" has no attribute "default"
fabric\task_utils.py:52:4: error: Need type annotation for variable
fabric\task_utils.py:71:8: error: Need type annotation for variable
fabric\task_utils.py:81:4: error: Need type annotation for variable
fabric\task_utils.py:82:4: error: Need type annotation for variable
fabric\task_utils.py:83:4: error: Need type annotation for variable
fabric\io.py:72:8: error: Need type annotation for variable
fabric\io.py:77:8: error: Need type annotation for variable
fabric\context_managers.py:69:4: error: "Callable[..., ContextManager[Any]]" has no attribute "undecorated"
fabric\job_queue.py:40:8: error: Need type annotation for variable
fabric\job_queue.py:41:8: error: Need type annotation for variable
fabric\job_queue.py:42:8: error: Need type annotation for variable
fabric\job_queue.py:215:8: error: Name 'Bucket' already defined
fabric\job_queue.py:218:12: error: Need type annotation for variable
fabric\tasks.py:383:20: error: Iterable expected
fabric\tasks.py:383:20: error: "bool" has no attribute "__iter__"
fabric\decorators.py:139:12: error: "Callable[..., Any]" has no attribute "return_value"
fabric\decorators.py:140:15: error: "Callable[..., Any]" has no attribute "return_value"
fabric\decorators.py:180:12: error: Module has no attribute "atfork"
fabric\decorators.py:182:8: error: "Callable[..., Any]" has no attribute "parallel"
fabric\decorators.py:183:8: error: "Callable[..., Any]" has no attribute "serial"
fabric\decorators.py:184:8: error: "Callable[..., Any]" has no attribute "pool_size"
fabric\sftp.py:109:8: error: Module 'fabric.api' has no attribute 'sudo'
fabric\sftp.py:109:8: error: Module 'fabric.api' has no attribute 'hide'
fabric\sftp.py:117:8: error: Module 'fabric.api' has no attribute 'sudo'
fabric\sftp.py:117:8: error: Module 'fabric.api' has no attribute 'hide'
fabric\sftp.py:235:8: error: Module 'fabric.api' has no attribute 'sudo'
fabric\sftp.py:235:8: error: Module 'fabric.api' has no attribute 'hide'
fabric\sftp.py:270:24: error: No overload variant of "int" matches argument types [builtins.basestring, builtins.int]
fabric\operations.py:393:8: error: Need type annotation for variable
fabric\operations.py:412:8: error: "_AttributeList" has no attribute "failed"
fabric\operations.py:413:8: error: "_AttributeList" has no attribute "succeeded"
fabric\operations.py:413:28: error: "_AttributeList" has no attribute "failed"
fabric\operations.py:562:8: error: Need type annotation for variable
fabric\operations.py:598:8: error: "_AttributeList" has no attribute "failed"
fabric\operations.py:599:8: error: "_AttributeList" has no attribute "succeeded"
fabric\operations.py:599:28: error: "_AttributeList" has no attribute "failed"
fabric\operations.py:787:8: error: Need type annotation for variable
fabric\operations.py:935:8: error: "_AttributeString" has no attribute "failed"
fabric\operations.py:936:8: error: "_AttributeString" has no attribute "command"
fabric\operations.py:937:8: error: "_AttributeString" has no attribute "real_command"
fabric\operations.py:939:12: error: "_AttributeString" has no attribute "failed"
fabric\operations.py:953:8: error: "_AttributeString" has no attribute "return_code"
fabric\operations.py:956:8: error: "_AttributeString" has no attribute "succeeded"
fabric\operations.py:956:28: error: "_AttributeString" has no attribute "failed"
fabric\operations.py:959:8: error: "_AttributeString" has no attribute "stderr"
fabric\operations.py:1187:8: error: Incompatible types in assignment (expression has type "BinaryIO", variable has type "int")
fabric\operations.py:1188:8: error: Incompatible types in assignment (expression has type "BinaryIO", variable has type "int")
fabric\operations.py:1201:4: error: "_AttributeString" has no attribute "command"
fabric\operations.py:1202:4: error: "_AttributeString" has no attribute "real_command"
fabric\operations.py:1203:4: error: "_AttributeString" has no attribute "failed"
fabric\operations.py:1204:4: error: "_AttributeString" has no attribute "return_code"
fabric\operations.py:1205:4: error: "_AttributeString" has no attribute "stderr"
fabric\operations.py:1207:8: error: "_AttributeString" has no attribute "failed"
fabric\operations.py:1210:4: error: "_AttributeString" has no attribute "succeeded"
fabric\operations.py:1210:24: error: "_AttributeString" has no attribute "failed"
fabric\contrib\files.py:51:4: error: Need type annotation for variable
fabric\utils.py:47:8: error: Name 'red' already defined
fabric\utils.py:79:8: error: Name 'magenta' already defined
fabric\utils.py:273:8: error: Need type annotation for variable
fabric\network.py:249:19: error: Unsupported right operand type for in ("Exception")
fabric\network.py:650:4: error: "Callable[..., Any]" has no attribute "undecorated"
fabric\state.py:370:23: error: "Option" has no attribute "default"
fabric\state.py:378:0: error: Need type annotation for variable
fabric\network.py:189:4: error: Need type annotation for variable
fabric\network.py:249:19: error: Unsupported right operand type for in ("Exception")
fabric\task_utils.py:27:25: error: "_Dict" has no attribute "default"
fabric\task_utils.py:52:4: error: Need type annotation for variable
fabric\task_utils.py:71:8: error: Need type annotation for variable
fabric\task_utils.py:81:4: error: Need type annotation for variable
fabric\task_utils.py:82:4: error: Need type annotation for variable
fabric\task_utils.py:83:4: error: Need type annotation for variable
fabric\io.py:72:8: error: Need type annotation for variable
fabric\io.py:77:8: error: Need type annotation for variable
fabric\context_managers.py:69:4: error: "Callable[..., ContextManager[Any]]" has no attribute "undecorated"
fabric\job_queue.py:40:8: error: Need type annotation for variable
fabric\job_queue.py:41:8: error: Need type annotation for variable
fabric\job_queue.py:42:8: error: Need type annotation for variable
fabric\job_queue.py:215:8: error: Name 'Bucket' already defined
fabric\job_queue.py:218:12: error: Need type annotation for variable
fabric\tasks.py:383:20: error: Iterable expected
fabric\tasks.py:383:20: error: "bool" has no attribute "__iter__"
fabric\decorators.py:139:12: error: "Callable[..., Any]" has no attribute "return_value"
fabric\decorators.py:140:15: error: "Callable[..., Any]" has no attribute "return_value"
fabric\decorators.py:180:12: error: Module has no attribute "atfork"
fabric\decorators.py:182:8: error: "Callable[..., Any]" has no attribute "parallel"
fabric\decorators.py:183:8: error: "Callable[..., Any]" has no attribute "serial"
fabric\decorators.py:184:8: error: "Callable[..., Any]" has no attribute "pool_size"
fabric\sftp.py:109:8: error: Module 'fabric.api' has no attribute 'sudo'
fabric\sftp.py:109:8: error: Module 'fabric.api' has no attribute 'hide'
fabric\sftp.py:117:8: error: Module 'fabric.api' has no attribute 'sudo'
fabric\sftp.py:117:8: error: Module 'fabric.api' has no attribute 'hide'
fabric\sftp.py:235:8: error: Module 'fabric.api' has no attribute 'sudo'
fabric\sftp.py:235:8: error: Module 'fabric.api' has no attribute 'hide'
fabric\sftp.py:270:24: error: No overload variant of "int" matches argument types [builtins.basestring, builtins.int]
fabric\operations.py:393:8: error: Need type annotation for variable
fabric\operations.py:412:8: error: "_AttributeList" has no attribute "failed"
fabric\operations.py:413:8: error: "_AttributeList" has no attribute "succeeded"
fabric\operations.py:413:28: error: "_AttributeList" has no attribute "failed"
fabric\operations.py:562:8: error: Need type annotation for variable
fabric\operations.py:598:8: error: "_AttributeList" has no attribute "failed"
fabric\operations.py:599:8: error: "_AttributeList" has no attribute "succeeded"
fabric\operations.py:599:28: error: "_AttributeList" has no attribute "failed"
fabric\operations.py:787:8: error: Need type annotation for variable
fabric\operations.py:935:8: error: "_AttributeString" has no attribute "failed"
fabric\operations.py:936:8: error: "_AttributeString" has no attribute "command"
fabric\operations.py:937:8: error: "_AttributeString" has no attribute "real_command"
fabric\operations.py:939:12: error: "_AttributeString" has no attribute "failed"
fabric\operations.py:953:8: error: "_AttributeString" has no attribute "return_code"
fabric\operations.py:956:8: error: "_AttributeString" has no attribute "succeeded"
fabric\operations.py:956:28: error: "_AttributeString" has no attribute "failed"
fabric\operations.py:959:8: error: "_AttributeString" has no attribute "stderr"
fabric\operations.py:1187:8: error: Incompatible types in assignment (expression has type "BinaryIO", variable has type "int")
fabric\operations.py:1188:8: error: Incompatible types in assignment (expression has type "BinaryIO", variable has type "int")
fabric\operations.py:1201:4: error: "_AttributeString" has no attribute "command"
fabric\operations.py:1202:4: error: "_AttributeString" has no attribute "real_command"
fabric\operations.py:1203:4: error: "_AttributeString" has no attribute "failed"
fabric\operations.py:1204:4: error: "_AttributeString" has no attribute "return_code"
fabric\operations.py:1205:4: error: "_AttributeString" has no attribute "stderr"
fabric\operations.py:1207:8: error: "_AttributeString" has no attribute "failed"
fabric\operations.py:1210:4: error: "_AttributeString" has no attribute "succeeded"
fabric\operations.py:1210:24: error: "_AttributeString" has no attribute "failed"
fabric\utils.py:47:8: error: Name 'red' already defined
fabric\utils.py:79:8: error: Name 'magenta' already defined
fabric\utils.py:273:8: error: Need type annotation for variable
fabric\network.py:249:19: error: Unsupported right operand type for in ("Exception")
fabric\network.py:650:4: error: "Callable[..., Any]" has no attribute "undecorated"
fabric\state.py:370:23: error: "Option" has no attribute "default"
fabric\state.py:378:0: error: Need type annotation for variable
fabric\network.py:189:4: error: Need type annotation for variable
fabric\network.py:249:19: error: Unsupported right operand type for in ("Exception")
fabric\task_utils.py:27:25: error: "_Dict" has no attribute "default"
fabric\task_utils.py:52:4: error: Need type annotation for variable
fabric\task_utils.py:71:8: error: Need type annotation for variable
fabric\task_utils.py:81:4: error: Need type annotation for variable
fabric\task_utils.py:82:4: error: Need type annotation for variable
fabric\task_utils.py:83:4: error: Need type annotation for variable
fabric\io.py:72:8: error: Need type annotation for variable
fabric\io.py:77:8: error: Need type annotation for variable
fabric\context_managers.py:69:4: error: "Callable[..., ContextManager[Any]]" has no attribute "undecorated"
fabric\job_queue.py:40:8: error: Need type annotation for variable
fabric\job_queue.py:41:8: error: Need type annotation for variable
fabric\job_queue.py:42:8: error: Need type annotation for variable
fabric\job_queue.py:215:8: error: Name 'Bucket' already defined
fabric\job_queue.py:218:12: error: Need type annotation for variable
fabric\tasks.py:383:20: error: Iterable expected
fabric\tasks.py:383:20: error: "bool" has no attribute "__iter__"
fabric\decorators.py:139:12: error: "Callable[..., Any]" has no attribute "return_value"
fabric\decorators.py:140:15: error: "Callable[..., Any]" has no attribute "return_value"
fabric\decorators.py:180:12: error: Module has no attribute "atfork"
fabric\decorators.py:182:8: error: "Callable[..., Any]" has no attribute "parallel"
fabric\decorators.py:183:8: error: "Callable[..., Any]" has no attribute "serial"
fabric\decorators.py:184:8: error: "Callable[..., Any]" has no attribute "pool_size"
fabric\sftp.py:109:8: error: Module 'fabric.api' has no attribute 'sudo'
fabric\sftp.py:109:8: error: Module 'fabric.api' has no attribute 'hide'
fabric\sftp.py:117:8: error: Module 'fabric.api' has no attribute 'sudo'
fabric\sftp.py:117:8: error: Module 'fabric.api' has no attribute 'hide'
fabric\sftp.py:235:8: error: Module 'fabric.api' has no attribute 'sudo'
fabric\sftp.py:235:8: error: Module 'fabric.api' has no attribute 'hide'
fabric\sftp.py:270:24: error: No overload variant of "int" matches argument types [builtins.basestring, builtins.int]
fabric\operations.py:393:8: error: Need type annotation for variable
fabric\operations.py:412:8: error: "_AttributeList" has no attribute "failed"
fabric\operations.py:413:8: error: "_AttributeList" has no attribute "succeeded"
fabric\operations.py:413:28: error: "_AttributeList" has no attribute "failed"
fabric\operations.py:562:8: error: Need type annotation for variable
fabric\operations.py:598:8: error: "_AttributeList" has no attribute "failed"
fabric\operations.py:599:8: error: "_AttributeList" has no attribute "succeeded"
fabric\operations.py:599:28: error: "_AttributeList" has no attribute "failed"
fabric\operations.py:787:8: error: Need type annotation for variable
fabric\operations.py:935:8: error: "_AttributeString" has no attribute "failed"
fabric\operations.py:936:8: error: "_AttributeString" has no attribute "command"
fabric\operations.py:937:8: error: "_AttributeString" has no attribute "real_command"
fabric\operations.py:939:12: error: "_AttributeString" has no attribute "failed"
fabric\operations.py:953:8: error: "_AttributeString" has no attribute "return_code"
fabric\operations.py:956:8: error: "_AttributeString" has no attribute "succeeded"
fabric\operations.py:956:28: error: "_AttributeString" has no attribute "failed"
fabric\operations.py:959:8: error: "_AttributeString" has no attribute "stderr"
fabric\operations.py:1187:8: error: Incompatible types in assignment (expression has type "BinaryIO", variable has type "int")
fabric\operations.py:1188:8: error: Incompatible types in assignment (expression has type "BinaryIO", variable has type "int")
fabric\operations.py:1201:4: error: "_AttributeString" has no attribute "command"
fabric\operations.py:1202:4: error: "_AttributeString" has no attribute "real_command"
fabric\operations.py:1203:4: error: "_AttributeString" has no attribute "failed"
fabric\operations.py:1204:4: error: "_AttributeString" has no attribute "return_code"
fabric\operations.py:1205:4: error: "_AttributeString" has no attribute "stderr"
fabric\operations.py:1207:8: error: "_AttributeString" has no attribute "failed"
fabric\operations.py:1210:4: error: "_AttributeString" has no attribute "succeeded"
fabric\operations.py:1210:24: error: "_AttributeString" has no attribute "failed"
fabric\contrib\files.py:51:4: error: Need type annotation for variable
integration\test_contrib.py:28:8: error: Need type annotation for variable
integration\test_contrib.py:29:8: error: Need type annotation for variable
fabric\utils.py:47:8: error: Name 'red' already defined
fabric\utils.py:79:8: error: Name 'magenta' already defined
fabric\utils.py:273:8: error: Need type annotation for variable
fabric\network.py:249:19: error: Unsupported right operand type for in ("Exception")
fabric\network.py:650:4: error: "Callable[..., Any]" has no attribute "undecorated"
fabric\state.py:370:23: error: "Option" has no attribute "default"
fabric\state.py:378:0: error: Need type annotation for variable
fabric\network.py:189:4: error: Need type annotation for variable
fabric\network.py:249:19: error: Unsupported right operand type for in ("Exception")
fabric\task_utils.py:27:25: error: "_Dict" has no attribute "default"
fabric\task_utils.py:52:4: error: Need type annotation for variable
fabric\task_utils.py:71:8: error: Need type annotation for variable
fabric\task_utils.py:81:4: error: Need type annotation for variable
fabric\task_utils.py:82:4: error: Need type annotation for variable
fabric\task_utils.py:83:4: error: Need type annotation for variable
fabric\io.py:72:8: error: Need type annotation for variable
fabric\io.py:77:8: error: Need type annotation for variable
fabric\context_managers.py:69:4: error: "Callable[..., ContextManager[Any]]" has no attribute "undecorated"
fabric\job_queue.py:40:8: error: Need type annotation for variable
fabric\job_queue.py:41:8: error: Need type annotation for variable
fabric\job_queue.py:42:8: error: Need type annotation for variable
fabric\job_queue.py:215:8: error: Name 'Bucket' already defined
fabric\job_queue.py:218:12: error: Need type annotation for variable
fabric\tasks.py:383:20: error: Iterable expected
fabric\tasks.py:383:20: error: "bool" has no attribute "__iter__"
fabric\decorators.py:139:12: error: "Callable[..., Any]" has no attribute "return_value"
fabric\decorators.py:140:15: error: "Callable[..., Any]" has no attribute "return_value"
fabric\decorators.py:180:12: error: Module has no attribute "atfork"
fabric\decorators.py:182:8: error: "Callable[..., Any]" has no attribute "parallel"
fabric\decorators.py:183:8: error: "Callable[..., Any]" has no attribute "serial"
fabric\decorators.py:184:8: error: "Callable[..., Any]" has no attribute "pool_size"
fabric\sftp.py:109:8: error: Module 'fabric.api' has no attribute 'sudo'
fabric\sftp.py:109:8: error: Module 'fabric.api' has no attribute 'hide'
fabric\sftp.py:117:8: error: Module 'fabric.api' has no attribute 'sudo'
fabric\sftp.py:117:8: error: Module 'fabric.api' has no attribute 'hide'
fabric\sftp.py:235:8: error: Module 'fabric.api' has no attribute 'sudo'
fabric\sftp.py:235:8: error: Module 'fabric.api' has no attribute 'hide'
fabric\sftp.py:270:24: error: No overload variant of "int" matches argument types [builtins.basestring, builtins.int]
fabric\operations.py:393:8: error: Need type annotation for variable
fabric\operations.py:412:8: error: "_AttributeList" has no attribute "failed"
fabric\operations.py:413:8: error: "_AttributeList" has no attribute "succeeded"
fabric\operations.py:413:28: error: "_AttributeList" has no attribute "failed"
fabric\operations.py:562:8: error: Need type annotation for variable
fabric\operations.py:598:8: error: "_AttributeList" has no attribute "failed"
fabric\operations.py:599:8: error: "_AttributeList" has no attribute "succeeded"
fabric\operations.py:599:28: error: "_AttributeList" has no attribute "failed"
fabric\operations.py:787:8: error: Need type annotation for variable
fabric\operations.py:935:8: error: "_AttributeString" has no attribute "failed"
fabric\operations.py:936:8: error: "_AttributeString" has no attribute "command"
fabric\operations.py:937:8: error: "_AttributeString" has no attribute "real_command"
fabric\operations.py:939:12: error: "_AttributeString" has no attribute "failed"
fabric\operations.py:953:8: error: "_AttributeString" has no attribute "return_code"
fabric\operations.py:956:8: error: "_AttributeString" has no attribute "succeeded"
fabric\operations.py:956:28: error: "_AttributeString" has no attribute "failed"
fabric\operations.py:959:8: error: "_AttributeString" has no attribute "stderr"
fabric\operations.py:1187:8: error: Incompatible types in assignment (expression has type "BinaryIO", variable has type "int")
fabric\operations.py:1188:8: error: Incompatible types in assignment (expression has type "BinaryIO", variable has type "int")
fabric\operations.py:1201:4: error: "_AttributeString" has no attribute "command"
fabric\operations.py:1202:4: error: "_AttributeString" has no attribute "real_command"
fabric\operations.py:1203:4: error: "_AttributeString" has no attribute "failed"
fabric\operations.py:1204:4: error: "_AttributeString" has no attribute "return_code"
fabric\operations.py:1205:4: error: "_AttributeString" has no attribute "stderr"
fabric\operations.py:1207:8: error: "_AttributeString" has no attribute "failed"
fabric\operations.py:1210:4: error: "_AttributeString" has no attribute "succeeded"
fabric\operations.py:1210:24: error: "_AttributeString" has no attribute "failed"
fabric\contrib\files.py:51:4: error: Need type annotation for variable
sites\docs\conf.py:9:0: error: Name 'extensions' is not defined
sites\docs\conf.py:26:0: error: Name 'html_theme_options' is not defined
sites\www\conf.py:11:0: error: Name 'extensions' is not defined
sites\www\conf.py:15:0: error: Name 'extensions' is not defined
sites\www\conf.py:26:0: error: Name 'html_theme_options' is not defined
fabric\utils.py:47:8: error: Name 'red' already defined
fabric\utils.py:79:8: error: Name 'magenta' already defined
fabric\utils.py:273:8: error: Need type annotation for variable
fabric\network.py:249:19: error: Unsupported right operand type for in ("Exception")
fabric\network.py:650:4: error: "Callable[..., Any]" has no attribute "undecorated"
fabric\state.py:370:23: error: "Option" has no attribute "default"
fabric\state.py:378:0: error: Need type annotation for variable
fabric\network.py:189:4: error: Need type annotation for variable
fabric\network.py:249:19: error: Unsupported right operand type for in ("Exception")
tests\mock_streams.py:64:16: error: Module has no attribute "stdall"
tests\mock_streams.py:65:44: error: Module has no attribute "stdall"
tests\mock_streams.py:66:44: error: Module has no attribute "stdall"
tests\mock_streams.py:68:16: error: Incompatible types in assignment (expression has type "StringIO[str]", variable has type "CarbonCopy")
tests\mock_streams.py:81:24: error: Module has no attribute "stdall"
tests\Python26SocketServer.py:139:4: error: Name 'threading' already defined
tests\Python26SocketServer.py:576:0: error: Definition of "timeout" in base class "ForkingMixIn" is incompatible with definition in base class "BaseServer"
tests\Python26SocketServer.py:580:0: error: Definition of "timeout" in base class "ForkingMixIn" is incompatible with definition in base class "BaseServer"
tests\Python26SocketServer.py:691:12: error: Name 'StringIO' already defined
fabric\utils.py:47:8: error: Name 'red' already defined
fabric\utils.py:79:8: error: Name 'magenta' already defined
fabric\utils.py:273:8: error: Need type annotation for variable
fabric\network.py:249:19: error: Unsupported right operand type for in ("Exception")
fabric\network.py:650:4: error: "Callable[..., Any]" has no attribute "undecorated"
fabric\state.py:370:23: error: "Option" has no attribute "default"
fabric\state.py:378:0: error: Need type annotation for variable
fabric\network.py:189:4: error: Need type annotation for variable
fabric\network.py:249:19: error: Unsupported right operand type for in ("Exception")
tests\Python26SocketServer.py:139:4: error: Name 'threading' already defined
tests\Python26SocketServer.py:576:0: error: Definition of "timeout" in base class "ForkingMixIn" is incompatible with definition in base class "BaseServer"
tests\Python26SocketServer.py:580:0: error: Definition of "timeout" in base class "ForkingMixIn" is incompatible with definition in base class "BaseServer"
tests\Python26SocketServer.py:691:12: error: Name 'StringIO' already defined
fabric\task_utils.py:27:25: error: "_Dict" has no attribute "default"
fabric\task_utils.py:52:4: error: Need type annotation for variable
fabric\task_utils.py:71:8: error: Need type annotation for variable
fabric\task_utils.py:81:4: error: Need type annotation for variable
fabric\task_utils.py:82:4: error: Need type annotation for variable
fabric\task_utils.py:83:4: error: Need type annotation for variable
fabric\io.py:72:8: error: Need type annotation for variable
fabric\io.py:77:8: error: Need type annotation for variable
fabric\context_managers.py:69:4: error: "Callable[..., ContextManager[Any]]" has no attribute "undecorated"
fabric\job_queue.py:40:8: error: Need type annotation for variable
fabric\job_queue.py:41:8: error: Need type annotation for variable
fabric\job_queue.py:42:8: error: Need type annotation for variable
fabric\job_queue.py:215:8: error: Name 'Bucket' already defined
fabric\job_queue.py:218:12: error: Need type annotation for variable
fabric\tasks.py:383:20: error: Iterable expected
fabric\tasks.py:383:20: error: "bool" has no attribute "__iter__"
fabric\decorators.py:139:12: error: "Callable[..., Any]" has no attribute "return_value"
fabric\decorators.py:140:15: error: "Callable[..., Any]" has no attribute "return_value"
fabric\decorators.py:180:12: error: Module has no attribute "atfork"
fabric\decorators.py:182:8: error: "Callable[..., Any]" has no attribute "parallel"
fabric\decorators.py:183:8: error: "Callable[..., Any]" has no attribute "serial"
fabric\decorators.py:184:8: error: "Callable[..., Any]" has no attribute "pool_size"
fabric\sftp.py:109:8: error: Module 'fabric.api' has no attribute 'sudo'
fabric\sftp.py:109:8: error: Module 'fabric.api' has no attribute 'hide'
fabric\sftp.py:117:8: error: Module 'fabric.api' has no attribute 'sudo'
fabric\sftp.py:117:8: error: Module 'fabric.api' has no attribute 'hide'
fabric\sftp.py:235:8: error: Module 'fabric.api' has no attribute 'sudo'
fabric\sftp.py:235:8: error: Module 'fabric.api' has no attribute 'hide'
fabric\sftp.py:270:24: error: No overload variant of "int" matches argument types [builtins.basestring, builtins.int]
fabric\operations.py:393:8: error: Need type annotation for variable
fabric\operations.py:412:8: error: "_AttributeList" has no attribute "failed"
fabric\operations.py:413:8: error: "_AttributeList" has no attribute "succeeded"
fabric\operations.py:413:28: error: "_AttributeList" has no attribute "failed"
fabric\operations.py:562:8: error: Need type annotation for variable
fabric\operations.py:598:8: error: "_AttributeList" has no attribute "failed"
fabric\operations.py:599:8: error: "_AttributeList" has no attribute "succeeded"
fabric\operations.py:599:28: error: "_AttributeList" has no attribute "failed"
fabric\operations.py:787:8: error: Need type annotation for variable
fabric\operations.py:935:8: error: "_AttributeString" has no attribute "failed"
fabric\operations.py:936:8: error: "_AttributeString" has no attribute "command"
fabric\operations.py:937:8: error: "_AttributeString" has no attribute "real_command"
fabric\operations.py:939:12: error: "_AttributeString" has no attribute "failed"
fabric\operations.py:953:8: error: "_AttributeString" has no attribute "return_code"
fabric\operations.py:956:8: error: "_AttributeString" has no attribute "succeeded"
fabric\operations.py:956:28: error: "_AttributeString" has no attribute "failed"
fabric\operations.py:959:8: error: "_AttributeString" has no attribute "stderr"
fabric\operations.py:1187:8: error: Incompatible types in assignment (expression has type "BinaryIO", variable has type "int")
fabric\operations.py:1188:8: error: Incompatible types in assignment (expression has type "BinaryIO", variable has type "int")
fabric\operations.py:1201:4: error: "_AttributeString" has no attribute "command"
fabric\operations.py:1202:4: error: "_AttributeString" has no attribute "real_command"
fabric\operations.py:1203:4: error: "_AttributeString" has no attribute "failed"
fabric\operations.py:1204:4: error: "_AttributeString" has no attribute "return_code"
fabric\operations.py:1205:4: error: "_AttributeString" has no attribute "stderr"
fabric\operations.py:1207:8: error: "_AttributeString" has no attribute "failed"
fabric\operations.py:1210:4: error: "_AttributeString" has no attribute "succeeded"
fabric\operations.py:1210:24: error: "_AttributeString" has no attribute "failed"
tests\server.py:173:12: error: Incompatible types in assignment (expression has type "Tuple[int, int, int, str, Tuple[Any, ...]]", variable has type "int")
tests\server.py:278:8: error: Need type annotation for variable
tests\mock_streams.py:64:16: error: Module has no attribute "stdall"
tests\mock_streams.py:65:44: error: Module has no attribute "stdall"
tests\mock_streams.py:66:44: error: Module has no attribute "stdall"
tests\mock_streams.py:68:16: error: Incompatible types in assignment (expression has type "StringIO[str]", variable has type "CarbonCopy")
tests\mock_streams.py:81:24: error: Module has no attribute "stdall"
tests\Python26SocketServer.py:139:4: error: Name 'threading' already defined
tests\Python26SocketServer.py:576:0: error: Definition of "timeout" in base class "ForkingMixIn" is incompatible with definition in base class "BaseServer"
tests\Python26SocketServer.py:580:0: error: Definition of "timeout" in base class "ForkingMixIn" is incompatible with definition in base class "BaseServer"
tests\Python26SocketServer.py:691:12: error: Name 'StringIO' already defined
fabric\utils.py:47:8: error: Name 'red' already defined
fabric\utils.py:79:8: error: Name 'magenta' already defined
fabric\utils.py:273:8: error: Need type annotation for variable
fabric\network.py:249:19: error: Unsupported right operand type for in ("Exception")
fabric\network.py:650:4: error: "Callable[..., Any]" has no attribute "undecorated"
fabric\state.py:370:23: error: "Option" has no attribute "default"
fabric\state.py:378:0: error: Need type annotation for variable
fabric\network.py:189:4: error: Need type annotation for variable
fabric\network.py:249:19: error: Unsupported right operand type for in ("Exception")
fabric\task_utils.py:27:25: error: "_Dict" has no attribute "default"
fabric\task_utils.py:52:4: error: Need type annotation for variable
fabric\task_utils.py:71:8: error: Need type annotation for variable
fabric\task_utils.py:81:4: error: Need type annotation for variable
fabric\task_utils.py:82:4: error: Need type annotation for variable
fabric\task_utils.py:83:4: error: Need type annotation for variable
fabric\io.py:72:8: error: Need type annotation for variable
fabric\io.py:77:8: error: Need type annotation for variable
fabric\context_managers.py:69:4: error: "Callable[..., ContextManager[Any]]" has no attribute "undecorated"
fabric\job_queue.py:40:8: error: Need type annotation for variable
fabric\job_queue.py:41:8: error: Need type annotation for variable
fabric\job_queue.py:42:8: error: Need type annotation for variable
fabric\job_queue.py:215:8: error: Name 'Bucket' already defined
fabric\job_queue.py:218:12: error: Need type annotation for variable
fabric\tasks.py:383:20: error: Iterable expected
fabric\tasks.py:383:20: error: "bool" has no attribute "__iter__"
fabric\decorators.py:139:12: error: "Callable[..., Any]" has no attribute "return_value"
fabric\decorators.py:140:15: error: "Callable[..., Any]" has no attribute "return_value"
fabric\decorators.py:180:12: error: Module has no attribute "atfork"
fabric\decorators.py:182:8: error: "Callable[..., Any]" has no attribute "parallel"
fabric\decorators.py:183:8: error: "Callable[..., Any]" has no attribute "serial"
fabric\decorators.py:184:8: error: "Callable[..., Any]" has no attribute "pool_size"
fabric\sftp.py:109:8: error: Module 'fabric.api' has no attribute 'sudo'
fabric\sftp.py:109:8: error: Module 'fabric.api' has no attribute 'hide'
fabric\sftp.py:117:8: error: Module 'fabric.api' has no attribute 'sudo'
fabric\sftp.py:117:8: error: Module 'fabric.api' has no attribute 'hide'
fabric\sftp.py:235:8: error: Module 'fabric.api' has no attribute 'sudo'
fabric\sftp.py:235:8: error: Module 'fabric.api' has no attribute 'hide'
fabric\sftp.py:270:24: error: No overload variant of "int" matches argument types [builtins.basestring, builtins.int]
fabric\operations.py:393:8: error: Need type annotation for variable
fabric\operations.py:412:8: error: "_AttributeList" has no attribute "failed"
fabric\operations.py:413:8: error: "_AttributeList" has no attribute "succeeded"
fabric\operations.py:413:28: error: "_AttributeList" has no attribute "failed"
fabric\operations.py:562:8: error: Need type annotation for variable
fabric\operations.py:598:8: error: "_AttributeList" has no attribute "failed"
fabric\operations.py:599:8: error: "_AttributeList" has no attribute "succeeded"
fabric\operations.py:599:28: error: "_AttributeList" has no attribute "failed"
fabric\operations.py:787:8: error: Need type annotation for variable
fabric\operations.py:935:8: error: "_AttributeString" has no attribute "failed"
fabric\operations.py:936:8: error: "_AttributeString" has no attribute "command"
fabric\operations.py:937:8: error: "_AttributeString" has no attribute "real_command"
fabric\operations.py:939:12: error: "_AttributeString" has no attribute "failed"
fabric\operations.py:953:8: error: "_AttributeString" has no attribute "return_code"
fabric\operations.py:956:8: error: "_AttributeString" has no attribute "succeeded"
fabric\operations.py:956:28: error: "_AttributeString" has no attribute "failed"
fabric\operations.py:959:8: error: "_AttributeString" has no attribute "stderr"
fabric\operations.py:1187:8: error: Incompatible types in assignment (expression has type "BinaryIO", variable has type "int")
fabric\operations.py:1188:8: error: Incompatible types in assignment (expression has type "BinaryIO", variable has type "int")
fabric\operations.py:1201:4: error: "_AttributeString" has no attribute "command"
fabric\operations.py:1202:4: error: "_AttributeString" has no attribute "real_command"
fabric\operations.py:1203:4: error: "_AttributeString" has no attribute "failed"
fabric\operations.py:1204:4: error: "_AttributeString" has no attribute "return_code"
fabric\operations.py:1205:4: error: "_AttributeString" has no attribute "stderr"
fabric\operations.py:1207:8: error: "_AttributeString" has no attribute "failed"
fabric\operations.py:1210:4: error: "_AttributeString" has no attribute "succeeded"
fabric\operations.py:1210:24: error: "_AttributeString" has no attribute "failed"
tests\server.py:173:12: error: Incompatible types in assignment (expression has type "Tuple[int, int, int, str, Tuple[Any, ...]]", variable has type "int")
tests\server.py:278:8: error: Need type annotation for variable
tests\test_context_managers.py:256:12: error: "IO[str]" has no attribute "getvalue"
tests\test_context_managers.py:294:19: error: "IO[str]" has no attribute "getvalue"
tests\mock_streams.py:64:16: error: Module has no attribute "stdall"
tests\mock_streams.py:65:44: error: Module has no attribute "stdall"
tests\mock_streams.py:66:44: error: Module has no attribute "stdall"
tests\mock_streams.py:68:16: error: Incompatible types in assignment (expression has type "StringIO[str]", variable has type "CarbonCopy")
tests\mock_streams.py:81:24: error: Module has no attribute "stdall"
tests\Python26SocketServer.py:139:4: error: Name 'threading' already defined
tests\Python26SocketServer.py:576:0: error: Definition of "timeout" in base class "ForkingMixIn" is incompatible with definition in base class "BaseServer"
tests\Python26SocketServer.py:580:0: error: Definition of "timeout" in base class "ForkingMixIn" is incompatible with definition in base class "BaseServer"
tests\Python26SocketServer.py:691:12: error: Name 'StringIO' already defined
fabric\utils.py:47:8: error: Name 'red' already defined
fabric\utils.py:79:8: error: Name 'magenta' already defined
fabric\utils.py:273:8: error: Need type annotation for variable
fabric\network.py:249:19: error: Unsupported right operand type for in ("Exception")
fabric\network.py:650:4: error: "Callable[..., Any]" has no attribute "undecorated"
fabric\state.py:370:23: error: "Option" has no attribute "default"
fabric\state.py:378:0: error: Need type annotation for variable
fabric\network.py:189:4: error: Need type annotation for variable
fabric\network.py:249:19: error: Unsupported right operand type for in ("Exception")
fabric\task_utils.py:27:25: error: "_Dict" has no attribute "default"
fabric\task_utils.py:52:4: error: Need type annotation for variable
fabric\task_utils.py:71:8: error: Need type annotation for variable
fabric\task_utils.py:81:4: error: Need type annotation for variable
fabric\task_utils.py:82:4: error: Need type annotation for variable
fabric\task_utils.py:83:4: error: Need type annotation for variable
fabric\io.py:72:8: error: Need type annotation for variable
fabric\io.py:77:8: error: Need type annotation for variable
fabric\context_managers.py:69:4: error: "Callable[..., ContextManager[Any]]" has no attribute "undecorated"
fabric\job_queue.py:40:8: error: Need type annotation for variable
fabric\job_queue.py:41:8: error: Need type annotation for variable
fabric\job_queue.py:42:8: error: Need type annotation for variable
fabric\job_queue.py:215:8: error: Name 'Bucket' already defined
fabric\job_queue.py:218:12: error: Need type annotation for variable
fabric\tasks.py:383:20: error: Iterable expected
fabric\tasks.py:383:20: error: "bool" has no attribute "__iter__"
fabric\decorators.py:139:12: error: "Callable[..., Any]" has no attribute "return_value"
fabric\decorators.py:140:15: error: "Callable[..., Any]" has no attribute "return_value"
fabric\decorators.py:180:12: error: Module has no attribute "atfork"
fabric\decorators.py:182:8: error: "Callable[..., Any]" has no attribute "parallel"
fabric\decorators.py:183:8: error: "Callable[..., Any]" has no attribute "serial"
fabric\decorators.py:184:8: error: "Callable[..., Any]" has no attribute "pool_size"
fabric\sftp.py:109:8: error: Module 'fabric.api' has no attribute 'sudo'
fabric\sftp.py:109:8: error: Module 'fabric.api' has no attribute 'hide'
fabric\sftp.py:117:8: error: Module 'fabric.api' has no attribute 'sudo'
fabric\sftp.py:117:8: error: Module 'fabric.api' has no attribute 'hide'
fabric\sftp.py:235:8: error: Module 'fabric.api' has no attribute 'sudo'
fabric\sftp.py:235:8: error: Module 'fabric.api' has no attribute 'hide'
fabric\sftp.py:270:24: error: No overload variant of "int" matches argument types [builtins.basestring, builtins.int]
fabric\operations.py:393:8: error: Need type annotation for variable
fabric\operations.py:412:8: error: "_AttributeList" has no attribute "failed"
fabric\operations.py:413:8: error: "_AttributeList" has no attribute "succeeded"
fabric\operations.py:413:28: error: "_AttributeList" has no attribute "failed"
fabric\operations.py:562:8: error: Need type annotation for variable
fabric\operations.py:598:8: error: "_AttributeList" has no attribute "failed"
fabric\operations.py:599:8: error: "_AttributeList" has no attribute "succeeded"
fabric\operations.py:599:28: error: "_AttributeList" has no attribute "failed"
fabric\operations.py:787:8: error: Need type annotation for variable
fabric\operations.py:935:8: error: "_AttributeString" has no attribute "failed"
fabric\operations.py:936:8: error: "_AttributeString" has no attribute "command"
fabric\operations.py:937:8: error: "_AttributeString" has no attribute "real_command"
fabric\operations.py:939:12: error: "_AttributeString" has no attribute "failed"
fabric\operations.py:953:8: error: "_AttributeString" has no attribute "return_code"
fabric\operations.py:956:8: error: "_AttributeString" has no attribute "succeeded"
fabric\operations.py:956:28: error: "_AttributeString" has no attribute "failed"
fabric\operations.py:959:8: error: "_AttributeString" has no attribute "stderr"
fabric\operations.py:1187:8: error: Incompatible types in assignment (expression has type "BinaryIO", variable has type "int")
fabric\operations.py:1188:8: error: Incompatible types in assignment (expression has type "BinaryIO", variable has type "int")
fabric\operations.py:1201:4: error: "_AttributeString" has no attribute "command"
fabric\operations.py:1202:4: error: "_AttributeString" has no attribute "real_command"
fabric\operations.py:1203:4: error: "_AttributeString" has no attribute "failed"
fabric\operations.py:1204:4: error: "_AttributeString" has no attribute "return_code"
fabric\operations.py:1205:4: error: "_AttributeString" has no attribute "stderr"
fabric\operations.py:1207:8: error: "_AttributeString" has no attribute "failed"
fabric\operations.py:1210:4: error: "_AttributeString" has no attribute "succeeded"
fabric\operations.py:1210:24: error: "_AttributeString" has no attribute "failed"
tests\server.py:173:12: error: Incompatible types in assignment (expression has type "Tuple[int, int, int, str, Tuple[Any, ...]]", variable has type "int")
tests\server.py:278:8: error: Need type annotation for variable
fabric\contrib\files.py:51:4: error: Need type annotation for variable
tests\mock_streams.py:64:16: error: Module has no attribute "stdall"
tests\mock_streams.py:65:44: error: Module has no attribute "stdall"
tests\mock_streams.py:66:44: error: Module has no attribute "stdall"
tests\mock_streams.py:68:16: error: Incompatible types in assignment (expression has type "StringIO[str]", variable has type "CarbonCopy")
tests\mock_streams.py:81:24: error: Module has no attribute "stdall"
tests\Python26SocketServer.py:139:4: error: Name 'threading' already defined
tests\Python26SocketServer.py:576:0: error: Definition of "timeout" in base class "ForkingMixIn" is incompatible with definition in base class "BaseServer"
tests\Python26SocketServer.py:580:0: error: Definition of "timeout" in base class "ForkingMixIn" is incompatible with definition in base class "BaseServer"
tests\Python26SocketServer.py:691:12: error: Name 'StringIO' already defined
fabric\utils.py:47:8: error: Name 'red' already defined
fabric\utils.py:79:8: error: Name 'magenta' already defined
fabric\utils.py:273:8: error: Need type annotation for variable
fabric\network.py:249:19: error: Unsupported right operand type for in ("Exception")
fabric\network.py:650:4: error: "Callable[..., Any]" has no attribute "undecorated"
fabric\state.py:370:23: error: "Option" has no attribute "default"
fabric\state.py:378:0: error: Need type annotation for variable
fabric\network.py:189:4: error: Need type annotation for variable
fabric\network.py:249:19: error: Unsupported right operand type for in ("Exception")
fabric\io.py:72:8: error: Need type annotation for variable
fabric\io.py:77:8: error: Need type annotation for variable
fabric\task_utils.py:27:25: error: "_Dict" has no attribute "default"
fabric\task_utils.py:52:4: error: Need type annotation for variable
fabric\task_utils.py:71:8: error: Need type annotation for variable
fabric\task_utils.py:81:4: error: Need type annotation for variable
fabric\task_utils.py:82:4: error: Need type annotation for variable
fabric\task_utils.py:83:4: error: Need type annotation for variable
fabric\context_managers.py:69:4: error: "Callable[..., ContextManager[Any]]" has no attribute "undecorated"
fabric\job_queue.py:40:8: error: Need type annotation for variable
fabric\job_queue.py:41:8: error: Need type annotation for variable
fabric\job_queue.py:42:8: error: Need type annotation for variable
fabric\job_queue.py:215:8: error: Name 'Bucket' already defined
fabric\job_queue.py:218:12: error: Need type annotation for variable
fabric\tasks.py:383:20: error: Iterable expected
fabric\tasks.py:383:20: error: "bool" has no attribute "__iter__"
fabric\decorators.py:139:12: error: "Callable[..., Any]" has no attribute "return_value"
fabric\decorators.py:140:15: error: "Callable[..., Any]" has no attribute "return_value"
fabric\decorators.py:180:12: error: Module has no attribute "atfork"
fabric\decorators.py:182:8: error: "Callable[..., Any]" has no attribute "parallel"
fabric\decorators.py:183:8: error: "Callable[..., Any]" has no attribute "serial"
fabric\decorators.py:184:8: error: "Callable[..., Any]" has no attribute "pool_size"
fabric\sftp.py:109:8: error: Module 'fabric.api' has no attribute 'sudo'
fabric\sftp.py:109:8: error: Module 'fabric.api' has no attribute 'hide'
fabric\sftp.py:117:8: error: Module 'fabric.api' has no attribute 'sudo'
fabric\sftp.py:117:8: error: Module 'fabric.api' has no attribute 'hide'
fabric\sftp.py:235:8: error: Module 'fabric.api' has no attribute 'sudo'
fabric\sftp.py:235:8: error: Module 'fabric.api' has no attribute 'hide'
fabric\sftp.py:270:24: error: No overload variant of "int" matches argument types [builtins.basestring, builtins.int]
fabric\operations.py:393:8: error: Need type annotation for variable
fabric\operations.py:412:8: error: "_AttributeList" has no attribute "failed"
fabric\operations.py:413:8: error: "_AttributeList" has no attribute "succeeded"
fabric\operations.py:413:28: error: "_AttributeList" has no attribute "failed"
fabric\operations.py:562:8: error: Need type annotation for variable
fabric\operations.py:598:8: error: "_AttributeList" has no attribute "failed"
fabric\operations.py:599:8: error: "_AttributeList" has no attribute "succeeded"
fabric\operations.py:599:28: error: "_AttributeList" has no attribute "failed"
fabric\operations.py:787:8: error: Need type annotation for variable
fabric\operations.py:935:8: error: "_AttributeString" has no attribute "failed"
fabric\operations.py:936:8: error: "_AttributeString" has no attribute "command"
fabric\operations.py:937:8: error: "_AttributeString" has no attribute "real_command"
fabric\operations.py:939:12: error: "_AttributeString" has no attribute "failed"
fabric\operations.py:953:8: error: "_AttributeString" has no attribute "return_code"
fabric\operations.py:956:8: error: "_AttributeString" has no attribute "succeeded"
fabric\operations.py:956:28: error: "_AttributeString" has no attribute "failed"
fabric\operations.py:959:8: error: "_AttributeString" has no attribute "stderr"
fabric\operations.py:1187:8: error: Incompatible types in assignment (expression has type "BinaryIO", variable has type "int")
fabric\operations.py:1188:8: error: Incompatible types in assignment (expression has type "BinaryIO", variable has type "int")
fabric\operations.py:1201:4: error: "_AttributeString" has no attribute "command"
fabric\operations.py:1202:4: error: "_AttributeString" has no attribute "real_command"
fabric\operations.py:1203:4: error: "_AttributeString" has no attribute "failed"
fabric\operations.py:1204:4: error: "_AttributeString" has no attribute "return_code"
fabric\operations.py:1205:4: error: "_AttributeString" has no attribute "stderr"
fabric\operations.py:1207:8: error: "_AttributeString" has no attribute "failed"
fabric\operations.py:1210:4: error: "_AttributeString" has no attribute "succeeded"
fabric\operations.py:1210:24: error: "_AttributeString" has no attribute "failed"
tests\server.py:173:12: error: Incompatible types in assignment (expression has type "Tuple[int, int, int, str, Tuple[Any, ...]]", variable has type "int")
tests\server.py:278:8: error: Need type annotation for variable
tests\test_decorators.py:207:8: error: "Callable[[Any, Any], Any]" has no attribute "description"
tests\test_decorators.py:209:12: error: "Callable[[Any, Any], Any]" has no attribute "description"
tests\test_decorators.py:228:13: error: "IO[str]" has no attribute "getvalue"
fabric\utils.py:47:8: error: Name 'red' already defined
fabric\utils.py:79:8: error: Name 'magenta' already defined
fabric\utils.py:273:8: error: Need type annotation for variable
fabric\network.py:249:19: error: Unsupported right operand type for in ("Exception")
fabric\network.py:650:4: error: "Callable[..., Any]" has no attribute "undecorated"
fabric\state.py:370:23: error: "Option" has no attribute "default"
fabric\state.py:378:0: error: Need type annotation for variable
fabric\network.py:189:4: error: Need type annotation for variable
fabric\network.py:249:19: error: Unsupported right operand type for in ("Exception")
fabric\context_managers.py:69:4: error: "Callable[..., ContextManager[Any]]" has no attribute "undecorated"
fabric\io.py:72:8: error: Need type annotation for variable
fabric\io.py:77:8: error: Need type annotation for variable
tests\mock_streams.py:64:16: error: Module has no attribute "stdall"
tests\mock_streams.py:65:44: error: Module has no attribute "stdall"
tests\mock_streams.py:66:44: error: Module has no attribute "stdall"
tests\mock_streams.py:68:16: error: Incompatible types in assignment (expression has type "StringIO[str]", variable has type "CarbonCopy")
tests\mock_streams.py:81:24: error: Module has no attribute "stdall"
tests\Python26SocketServer.py:139:4: error: Name 'threading' already defined
tests\Python26SocketServer.py:576:0: error: Definition of "timeout" in base class "ForkingMixIn" is incompatible with definition in base class "BaseServer"
tests\Python26SocketServer.py:580:0: error: Definition of "timeout" in base class "ForkingMixIn" is incompatible with definition in base class "BaseServer"
tests\Python26SocketServer.py:691:12: error: Name 'StringIO' already defined
fabric\utils.py:47:8: error: Name 'red' already defined
fabric\utils.py:79:8: error: Name 'magenta' already defined
fabric\utils.py:273:8: error: Need type annotation for variable
fabric\network.py:249:19: error: Unsupported right operand type for in ("Exception")
fabric\network.py:650:4: error: "Callable[..., Any]" has no attribute "undecorated"
fabric\state.py:370:23: error: "Option" has no attribute "default"
fabric\state.py:378:0: error: Need type annotation for variable
fabric\network.py:189:4: error: Need type annotation for variable
fabric\network.py:249:19: error: Unsupported right operand type for in ("Exception")
fabric\io.py:72:8: error: Need type annotation for variable
fabric\io.py:77:8: error: Need type annotation for variable
fabric\task_utils.py:27:25: error: "_Dict" has no attribute "default"
fabric\task_utils.py:52:4: error: Need type annotation for variable
fabric\task_utils.py:71:8: error: Need type annotation for variable
fabric\task_utils.py:81:4: error: Need type annotation for variable
fabric\task_utils.py:82:4: error: Need type annotation for variable
fabric\task_utils.py:83:4: error: Need type annotation for variable
fabric\context_managers.py:69:4: error: "Callable[..., ContextManager[Any]]" has no attribute "undecorated"
fabric\job_queue.py:40:8: error: Need type annotation for variable
fabric\job_queue.py:41:8: error: Need type annotation for variable
fabric\job_queue.py:42:8: error: Need type annotation for variable
fabric\job_queue.py:215:8: error: Name 'Bucket' already defined
fabric\job_queue.py:218:12: error: Need type annotation for variable
fabric\tasks.py:383:20: error: Iterable expected
fabric\tasks.py:383:20: error: "bool" has no attribute "__iter__"
fabric\decorators.py:139:12: error: "Callable[..., Any]" has no attribute "return_value"
fabric\decorators.py:140:15: error: "Callable[..., Any]" has no attribute "return_value"
fabric\decorators.py:180:12: error: Module has no attribute "atfork"
fabric\decorators.py:182:8: error: "Callable[..., Any]" has no attribute "parallel"
fabric\decorators.py:183:8: error: "Callable[..., Any]" has no attribute "serial"
fabric\decorators.py:184:8: error: "Callable[..., Any]" has no attribute "pool_size"
fabric\sftp.py:109:8: error: Module 'fabric.api' has no attribute 'sudo'
fabric\sftp.py:109:8: error: Module 'fabric.api' has no attribute 'hide'
fabric\sftp.py:117:8: error: Module 'fabric.api' has no attribute 'sudo'
fabric\sftp.py:117:8: error: Module 'fabric.api' has no attribute 'hide'
fabric\sftp.py:235:8: error: Module 'fabric.api' has no attribute 'sudo'
fabric\sftp.py:235:8: error: Module 'fabric.api' has no attribute 'hide'
fabric\sftp.py:270:24: error: No overload variant of "int" matches argument types [builtins.basestring, builtins.int]
fabric\operations.py:393:8: error: Need type annotation for variable
fabric\operations.py:412:8: error: "_AttributeList" has no attribute "failed"
fabric\operations.py:413:8: error: "_AttributeList" has no attribute "succeeded"
fabric\operations.py:413:28: error: "_AttributeList" has no attribute "failed"
fabric\operations.py:562:8: error: Need type annotation for variable
fabric\operations.py:598:8: error: "_AttributeList" has no attribute "failed"
fabric\operations.py:599:8: error: "_AttributeList" has no attribute "succeeded"
fabric\operations.py:599:28: error: "_AttributeList" has no attribute "failed"
fabric\operations.py:787:8: error: Need type annotation for variable
fabric\operations.py:935:8: error: "_AttributeString" has no attribute "failed"
fabric\operations.py:936:8: error: "_AttributeString" has no attribute "command"
fabric\operations.py:937:8: error: "_AttributeString" has no attribute "real_command"
fabric\operations.py:939:12: error: "_AttributeString" has no attribute "failed"
fabric\operations.py:953:8: error: "_AttributeString" has no attribute "return_code"
fabric\operations.py:956:8: error: "_AttributeString" has no attribute "succeeded"
fabric\operations.py:956:28: error: "_AttributeString" has no attribute "failed"
fabric\operations.py:959:8: error: "_AttributeString" has no attribute "stderr"
fabric\operations.py:1187:8: error: Incompatible types in assignment (expression has type "BinaryIO", variable has type "int")
fabric\operations.py:1188:8: error: Incompatible types in assignment (expression has type "BinaryIO", variable has type "int")
fabric\operations.py:1201:4: error: "_AttributeString" has no attribute "command"
fabric\operations.py:1202:4: error: "_AttributeString" has no attribute "real_command"
fabric\operations.py:1203:4: error: "_AttributeString" has no attribute "failed"
fabric\operations.py:1204:4: error: "_AttributeString" has no attribute "return_code"
fabric\operations.py:1205:4: error: "_AttributeString" has no attribute "stderr"
fabric\operations.py:1207:8: error: "_AttributeString" has no attribute "failed"
fabric\operations.py:1210:4: error: "_AttributeString" has no attribute "succeeded"
fabric\operations.py:1210:24: error: "_AttributeString" has no attribute "failed"
tests\server.py:173:12: error: Incompatible types in assignment (expression has type "Tuple[int, int, int, str, Tuple[Any, ...]]", variable has type "int")
tests\server.py:278:8: error: Need type annotation for variable
fabric\contrib\files.py:51:4: error: Need type annotation for variable
fabric\main.py:32:0: error: Need type annotation for variable
fabric\main.py:44:8: error: Need type annotation for variable
fabric\main.py:189:8: error: Incompatible types in assignment (expression has type "List[Tuple[str, Any]]", variable has type "Dict[str, Any]")
fabric\main.py:192:8: error: Incompatible types in assignment (expression has type "List[Tuple[str, Any]]", variable has type "Dict[str, Any]")
fabric\main.py:528:8: error: Need type annotation for variable
fabric\main.py:529:8: error: Need type annotation for variable
fabric\main.py:530:8: error: Need type annotation for variable
tests\test_main.py:37: error: Need type annotation for variable
tests\test_main.py:108:16: error: "partial" gets multiple values for keyword argument "func"
tests\test_main.py:577:8: error: "Callable[[Any, Any, Any], Any]" has no attribute "description"
tests\test_main.py:579:12: error: "Callable[[Any, Any, Any], Any]" has no attribute "description"
tests\test_main.py:665:8: error: "Callable[[Any, Any, Any], Any]" has no attribute "description"
tests\test_main.py:667:12: error: "Callable[[Any, Any, Any], Any]" has no attribute "description"
tests\mock_streams.py:64:16: error: Module has no attribute "stdall"
tests\mock_streams.py:65:44: error: Module has no attribute "stdall"
tests\mock_streams.py:66:44: error: Module has no attribute "stdall"
tests\mock_streams.py:68:16: error: Incompatible types in assignment (expression has type "StringIO[str]", variable has type "CarbonCopy")
tests\mock_streams.py:81:24: error: Module has no attribute "stdall"
tests\Python26SocketServer.py:139:4: error: Name 'threading' already defined
tests\Python26SocketServer.py:576:0: error: Definition of "timeout" in base class "ForkingMixIn" is incompatible with definition in base class "BaseServer"
tests\Python26SocketServer.py:580:0: error: Definition of "timeout" in base class "ForkingMixIn" is incompatible with definition in base class "BaseServer"
tests\Python26SocketServer.py:691:12: error: Name 'StringIO' already defined
fabric\utils.py:47:8: error: Name 'red' already defined
fabric\utils.py:79:8: error: Name 'magenta' already defined
fabric\utils.py:273:8: error: Need type annotation for variable
fabric\network.py:249:19: error: Unsupported right operand type for in ("Exception")
fabric\network.py:650:4: error: "Callable[..., Any]" has no attribute "undecorated"
fabric\state.py:370:23: error: "Option" has no attribute "default"
fabric\state.py:378:0: error: Need type annotation for variable
fabric\network.py:189:4: error: Need type annotation for variable
fabric\network.py:249:19: error: Unsupported right operand type for in ("Exception")
fabric\task_utils.py:27:25: error: "_Dict" has no attribute "default"
fabric\task_utils.py:52:4: error: Need type annotation for variable
fabric\task_utils.py:71:8: error: Need type annotation for variable
fabric\task_utils.py:81:4: error: Need type annotation for variable
fabric\task_utils.py:82:4: error: Need type annotation for variable
fabric\task_utils.py:83:4: error: Need type annotation for variable
fabric\io.py:72:8: error: Need type annotation for variable
fabric\io.py:77:8: error: Need type annotation for variable
fabric\context_managers.py:69:4: error: "Callable[..., ContextManager[Any]]" has no attribute "undecorated"
fabric\job_queue.py:40:8: error: Need type annotation for variable
fabric\job_queue.py:41:8: error: Need type annotation for variable
fabric\job_queue.py:42:8: error: Need type annotation for variable
fabric\job_queue.py:215:8: error: Name 'Bucket' already defined
fabric\job_queue.py:218:12: error: Need type annotation for variable
fabric\tasks.py:383:20: error: Iterable expected
fabric\tasks.py:383:20: error: "bool" has no attribute "__iter__"
fabric\decorators.py:139:12: error: "Callable[..., Any]" has no attribute "return_value"
fabric\decorators.py:140:15: error: "Callable[..., Any]" has no attribute "return_value"
fabric\decorators.py:180:12: error: Module has no attribute "atfork"
fabric\decorators.py:182:8: error: "Callable[..., Any]" has no attribute "parallel"
fabric\decorators.py:183:8: error: "Callable[..., Any]" has no attribute "serial"
fabric\decorators.py:184:8: error: "Callable[..., Any]" has no attribute "pool_size"
fabric\sftp.py:109:8: error: Module 'fabric.api' has no attribute 'sudo'
fabric\sftp.py:109:8: error: Module 'fabric.api' has no attribute 'hide'
fabric\sftp.py:117:8: error: Module 'fabric.api' has no attribute 'sudo'
fabric\sftp.py:117:8: error: Module 'fabric.api' has no attribute 'hide'
fabric\sftp.py:235:8: error: Module 'fabric.api' has no attribute 'sudo'
fabric\sftp.py:235:8: error: Module 'fabric.api' has no attribute 'hide'
fabric\sftp.py:270:24: error: No overload variant of "int" matches argument types [builtins.basestring, builtins.int]
fabric\operations.py:393:8: error: Need type annotation for variable
fabric\operations.py:412:8: error: "_AttributeList" has no attribute "failed"
fabric\operations.py:413:8: error: "_AttributeList" has no attribute "succeeded"
fabric\operations.py:413:28: error: "_AttributeList" has no attribute "failed"
fabric\operations.py:562:8: error: Need type annotation for variable
fabric\operations.py:598:8: error: "_AttributeList" has no attribute "failed"
fabric\operations.py:599:8: error: "_AttributeList" has no attribute "succeeded"
fabric\operations.py:599:28: error: "_AttributeList" has no attribute "failed"
fabric\operations.py:787:8: error: Need type annotation for variable
fabric\operations.py:935:8: error: "_AttributeString" has no attribute "failed"
fabric\operations.py:936:8: error: "_AttributeString" has no attribute "command"
fabric\operations.py:937:8: error: "_AttributeString" has no attribute "real_command"
fabric\operations.py:939:12: error: "_AttributeString" has no attribute "failed"
fabric\operations.py:953:8: error: "_AttributeString" has no attribute "return_code"
fabric\operations.py:956:8: error: "_AttributeString" has no attribute "succeeded"
fabric\operations.py:956:28: error: "_AttributeString" has no attribute "failed"
fabric\operations.py:959:8: error: "_AttributeString" has no attribute "stderr"
fabric\operations.py:1187:8: error: Incompatible types in assignment (expression has type "BinaryIO", variable has type "int")
fabric\operations.py:1188:8: error: Incompatible types in assignment (expression has type "BinaryIO", variable has type "int")
fabric\operations.py:1201:4: error: "_AttributeString" has no attribute "command"
fabric\operations.py:1202:4: error: "_AttributeString" has no attribute "real_command"
fabric\operations.py:1203:4: error: "_AttributeString" has no attribute "failed"
fabric\operations.py:1204:4: error: "_AttributeString" has no attribute "return_code"
fabric\operations.py:1205:4: error: "_AttributeString" has no attribute "stderr"
fabric\operations.py:1207:8: error: "_AttributeString" has no attribute "failed"
fabric\operations.py:1210:4: error: "_AttributeString" has no attribute "succeeded"
fabric\operations.py:1210:24: error: "_AttributeString" has no attribute "failed"
tests\server.py:173:12: error: Incompatible types in assignment (expression has type "Tuple[int, int, int, str, Tuple[Any, ...]]", variable has type "int")
tests\server.py:278:8: error: Need type annotation for variable
tests\test_network.py:46:12: error: "Callable[[Any, Any, Any], Any]" has no attribute "description"
tests\test_network.py:48:16: error: "Callable[[Any, Any, Any], Any]" has no attribute "description"
tests\test_network.py:69:12: error: "Callable[[Any, Any, Any], Any]" has no attribute "description"
tests\test_network.py:71:16: error: "Callable[[Any, Any, Any], Any]" has no attribute "description"
tests\test_network.py:123:12: error: "Callable[[Any, Any, Any], Any]" has no attribute "description"
tests\test_network.py:125:16: error: "Callable[[Any, Any, Any], Any]" has no attribute "description"
tests\test_network.py:141:12: error: "Callable[[Any, Any, Any], Any]" has no attribute "description"
tests\test_network.py:143:16: error: "Callable[[Any, Any, Any], Any]" has no attribute "description"
tests\test_network.py:262:49: error: "Sequence[str]" has no attribute "split"
tests\test_network.py:267:26: error: "IO[str]" has no attribute "getvalue"
tests\test_network.py:328:31: error: "IO[str]" has no attribute "getvalue"
tests\test_network.py:343:31: error: "IO[str]" has no attribute "getvalue"
tests\test_network.py:390:26: error: Module has no attribute "stdall"
tests\test_network.py:422:12: error: Module has no attribute "stdall"
tests\test_network.py:454:26: error: Module has no attribute "stdall"
tests\test_network.py:482:26: error: Module has no attribute "stdall"
tests\test_network.py:511:26: error: Module has no attribute "stdall"
tests\mock_streams.py:64:16: error: Module has no attribute "stdall"
tests\mock_streams.py:65:44: error: Module has no attribute "stdall"
tests\mock_streams.py:66:44: error: Module has no attribute "stdall"
tests\mock_streams.py:68:16: error: Incompatible types in assignment (expression has type "StringIO[str]", variable has type "CarbonCopy")
tests\mock_streams.py:81:24: error: Module has no attribute "stdall"
tests\Python26SocketServer.py:139:4: error: Name 'threading' already defined
tests\Python26SocketServer.py:576:0: error: Definition of "timeout" in base class "ForkingMixIn" is incompatible with definition in base class "BaseServer"
tests\Python26SocketServer.py:580:0: error: Definition of "timeout" in base class "ForkingMixIn" is incompatible with definition in base class "BaseServer"
tests\Python26SocketServer.py:691:12: error: Name 'StringIO' already defined
fabric\utils.py:47:8: error: Name 'red' already defined
fabric\utils.py:79:8: error: Name 'magenta' already defined
fabric\utils.py:273:8: error: Need type annotation for variable
fabric\network.py:249:19: error: Unsupported right operand type for in ("Exception")
fabric\network.py:650:4: error: "Callable[..., Any]" has no attribute "undecorated"
fabric\state.py:370:23: error: "Option" has no attribute "default"
fabric\state.py:378:0: error: Need type annotation for variable
fabric\network.py:189:4: error: Need type annotation for variable
fabric\network.py:249:19: error: Unsupported right operand type for in ("Exception")
fabric\task_utils.py:27:25: error: "_Dict" has no attribute "default"
fabric\task_utils.py:52:4: error: Need type annotation for variable
fabric\task_utils.py:71:8: error: Need type annotation for variable
fabric\task_utils.py:81:4: error: Need type annotation for variable
fabric\task_utils.py:82:4: error: Need type annotation for variable
fabric\task_utils.py:83:4: error: Need type annotation for variable
fabric\io.py:72:8: error: Need type annotation for variable
fabric\io.py:77:8: error: Need type annotation for variable
fabric\context_managers.py:69:4: error: "Callable[..., ContextManager[Any]]" has no attribute "undecorated"
fabric\job_queue.py:40:8: error: Need type annotation for variable
fabric\job_queue.py:41:8: error: Need type annotation for variable
fabric\job_queue.py:42:8: error: Need type annotation for variable
fabric\job_queue.py:215:8: error: Name 'Bucket' already defined
fabric\job_queue.py:218:12: error: Need type annotation for variable
fabric\tasks.py:383:20: error: Iterable expected
fabric\tasks.py:383:20: error: "bool" has no attribute "__iter__"
fabric\decorators.py:139:12: error: "Callable[..., Any]" has no attribute "return_value"
fabric\decorators.py:140:15: error: "Callable[..., Any]" has no attribute "return_value"
fabric\decorators.py:180:12: error: Module has no attribute "atfork"
fabric\decorators.py:182:8: error: "Callable[..., Any]" has no attribute "parallel"
fabric\decorators.py:183:8: error: "Callable[..., Any]" has no attribute "serial"
fabric\decorators.py:184:8: error: "Callable[..., Any]" has no attribute "pool_size"
fabric\sftp.py:109:8: error: Module 'fabric.api' has no attribute 'sudo'
fabric\sftp.py:109:8: error: Module 'fabric.api' has no attribute 'hide'
fabric\sftp.py:117:8: error: Module 'fabric.api' has no attribute 'sudo'
fabric\sftp.py:117:8: error: Module 'fabric.api' has no attribute 'hide'
fabric\sftp.py:235:8: error: Module 'fabric.api' has no attribute 'sudo'
fabric\sftp.py:235:8: error: Module 'fabric.api' has no attribute 'hide'
fabric\sftp.py:270:24: error: No overload variant of "int" matches argument types [builtins.basestring, builtins.int]
fabric\operations.py:393:8: error: Need type annotation for variable
fabric\operations.py:412:8: error: "_AttributeList" has no attribute "failed"
fabric\operations.py:413:8: error: "_AttributeList" has no attribute "succeeded"
fabric\operations.py:413:28: error: "_AttributeList" has no attribute "failed"
fabric\operations.py:562:8: error: Need type annotation for variable
fabric\operations.py:598:8: error: "_AttributeList" has no attribute "failed"
fabric\operations.py:599:8: error: "_AttributeList" has no attribute "succeeded"
fabric\operations.py:599:28: error: "_AttributeList" has no attribute "failed"
fabric\operations.py:787:8: error: Need type annotation for variable
fabric\operations.py:935:8: error: "_AttributeString" has no attribute "failed"
fabric\operations.py:936:8: error: "_AttributeString" has no attribute "command"
fabric\operations.py:937:8: error: "_AttributeString" has no attribute "real_command"
fabric\operations.py:939:12: error: "_AttributeString" has no attribute "failed"
fabric\operations.py:953:8: error: "_AttributeString" has no attribute "return_code"
fabric\operations.py:956:8: error: "_AttributeString" has no attribute "succeeded"
fabric\operations.py:956:28: error: "_AttributeString" has no attribute "failed"
fabric\operations.py:959:8: error: "_AttributeString" has no attribute "stderr"
fabric\operations.py:1187:8: error: Incompatible types in assignment (expression has type "BinaryIO", variable has type "int")
fabric\operations.py:1188:8: error: Incompatible types in assignment (expression has type "BinaryIO", variable has type "int")
fabric\operations.py:1201:4: error: "_AttributeString" has no attribute "command"
fabric\operations.py:1202:4: error: "_AttributeString" has no attribute "real_command"
fabric\operations.py:1203:4: error: "_AttributeString" has no attribute "failed"
fabric\operations.py:1204:4: error: "_AttributeString" has no attribute "return_code"
fabric\operations.py:1205:4: error: "_AttributeString" has no attribute "stderr"
fabric\operations.py:1207:8: error: "_AttributeString" has no attribute "failed"
fabric\operations.py:1210:4: error: "_AttributeString" has no attribute "succeeded"
fabric\operations.py:1210:24: error: "_AttributeString" has no attribute "failed"
tests\server.py:173:12: error: Incompatible types in assignment (expression has type "Tuple[int, int, int, str, Tuple[Any, ...]]", variable has type "int")
tests\server.py:278:8: error: Need type annotation for variable
tests\test_operations.py:74:14: error: "IO[str]" has no attribute "getvalue"
tests\test_operations.py:175:8: error: "IO[str]" has no attribute "getvalue"
tests\test_operations.py:187:8: error: "IO[str]" has no attribute "getvalue"
tests\test_operations.py:245:8: error: "Callable[[Any, Any, Any], Any]" has no attribute "description"
tests\test_operations.py:247:12: error: "Callable[[Any, Any, Any], Any]" has no attribute "description"
tests\test_operations.py:363:12: error: "IO[str]" has no attribute "getvalue"
tests\test_operations.py:364:12: error: "IO[str]" has no attribute "getvalue"
tests\test_operations.py:375:15: error: "IO[str]" has no attribute "getvalue"
tests\test_operations.py:532:50: error: "IO[str]" has no attribute "getvalue"
tests\test_operations.py:579:46: error: "IO[str]" has no attribute "getvalue"
tests\test_operations.py:1051:39: error: "IO[str]" has no attribute "getvalue"
tests\test_operations.py:1060:40: error: "IO[str]" has no attribute "getvalue"
tests\test_operations.py:1088:20: error: "Callable[[Any, Any, Any], Any]" has no attribute "description"
tests\test_operations.py:1090:24: error: "Callable[[Any, Any, Any], Any]" has no attribute "description"
tests\mock_streams.py:64:16: error: Module has no attribute "stdall"
tests\mock_streams.py:65:44: error: Module has no attribute "stdall"
tests\mock_streams.py:66:44: error: Module has no attribute "stdall"
tests\mock_streams.py:68:16: error: Incompatible types in assignment (expression has type "StringIO[str]", variable has type "CarbonCopy")
tests\mock_streams.py:81:24: error: Module has no attribute "stdall"
tests\Python26SocketServer.py:139:4: error: Name 'threading' already defined
tests\Python26SocketServer.py:576:0: error: Definition of "timeout" in base class "ForkingMixIn" is incompatible with definition in base class "BaseServer"
tests\Python26SocketServer.py:580:0: error: Definition of "timeout" in base class "ForkingMixIn" is incompatible with definition in base class "BaseServer"
tests\Python26SocketServer.py:691:12: error: Name 'StringIO' already defined
fabric\utils.py:47:8: error: Name 'red' already defined
fabric\utils.py:79:8: error: Name 'magenta' already defined
fabric\utils.py:273:8: error: Need type annotation for variable
fabric\network.py:249:19: error: Unsupported right operand type for in ("Exception")
fabric\network.py:650:4: error: "Callable[..., Any]" has no attribute "undecorated"
fabric\state.py:370:23: error: "Option" has no attribute "default"
fabric\state.py:378:0: error: Need type annotation for variable
fabric\network.py:189:4: error: Need type annotation for variable
fabric\network.py:249:19: error: Unsupported right operand type for in ("Exception")
fabric\task_utils.py:27:25: error: "_Dict" has no attribute "default"
fabric\task_utils.py:52:4: error: Need type annotation for variable
fabric\task_utils.py:71:8: error: Need type annotation for variable
fabric\task_utils.py:81:4: error: Need type annotation for variable
fabric\task_utils.py:82:4: error: Need type annotation for variable
fabric\task_utils.py:83:4: error: Need type annotation for variable
fabric\io.py:72:8: error: Need type annotation for variable
fabric\io.py:77:8: error: Need type annotation for variable
fabric\context_managers.py:69:4: error: "Callable[..., ContextManager[Any]]" has no attribute "undecorated"
fabric\job_queue.py:40:8: error: Need type annotation for variable
fabric\job_queue.py:41:8: error: Need type annotation for variable
fabric\job_queue.py:42:8: error: Need type annotation for variable
fabric\job_queue.py:215:8: error: Name 'Bucket' already defined
fabric\job_queue.py:218:12: error: Need type annotation for variable
fabric\tasks.py:383:20: error: Iterable expected
fabric\tasks.py:383:20: error: "bool" has no attribute "__iter__"
fabric\decorators.py:139:12: error: "Callable[..., Any]" has no attribute "return_value"
fabric\decorators.py:140:15: error: "Callable[..., Any]" has no attribute "return_value"
fabric\decorators.py:180:12: error: Module has no attribute "atfork"
fabric\decorators.py:182:8: error: "Callable[..., Any]" has no attribute "parallel"
fabric\decorators.py:183:8: error: "Callable[..., Any]" has no attribute "serial"
fabric\decorators.py:184:8: error: "Callable[..., Any]" has no attribute "pool_size"
fabric\sftp.py:109:8: error: Module 'fabric.api' has no attribute 'sudo'
fabric\sftp.py:109:8: error: Module 'fabric.api' has no attribute 'hide'
fabric\sftp.py:117:8: error: Module 'fabric.api' has no attribute 'sudo'
fabric\sftp.py:117:8: error: Module 'fabric.api' has no attribute 'hide'
fabric\sftp.py:235:8: error: Module 'fabric.api' has no attribute 'sudo'
fabric\sftp.py:235:8: error: Module 'fabric.api' has no attribute 'hide'
fabric\sftp.py:270:24: error: No overload variant of "int" matches argument types [builtins.basestring, builtins.int]
fabric\operations.py:393:8: error: Need type annotation for variable
fabric\operations.py:412:8: error: "_AttributeList" has no attribute "failed"
fabric\operations.py:413:8: error: "_AttributeList" has no attribute "succeeded"
fabric\operations.py:413:28: error: "_AttributeList" has no attribute "failed"
fabric\operations.py:562:8: error: Need type annotation for variable
fabric\operations.py:598:8: error: "_AttributeList" has no attribute "failed"
fabric\operations.py:599:8: error: "_AttributeList" has no attribute "succeeded"
fabric\operations.py:599:28: error: "_AttributeList" has no attribute "failed"
fabric\operations.py:787:8: error: Need type annotation for variable
fabric\operations.py:935:8: error: "_AttributeString" has no attribute "failed"
fabric\operations.py:936:8: error: "_AttributeString" has no attribute "command"
fabric\operations.py:937:8: error: "_AttributeString" has no attribute "real_command"
fabric\operations.py:939:12: error: "_AttributeString" has no attribute "failed"
fabric\operations.py:953:8: error: "_AttributeString" has no attribute "return_code"
fabric\operations.py:956:8: error: "_AttributeString" has no attribute "succeeded"
fabric\operations.py:956:28: error: "_AttributeString" has no attribute "failed"
fabric\operations.py:959:8: error: "_AttributeString" has no attribute "stderr"
fabric\operations.py:1187:8: error: Incompatible types in assignment (expression has type "BinaryIO", variable has type "int")
fabric\operations.py:1188:8: error: Incompatible types in assignment (expression has type "BinaryIO", variable has type "int")
fabric\operations.py:1201:4: error: "_AttributeString" has no attribute "command"
fabric\operations.py:1202:4: error: "_AttributeString" has no attribute "real_command"
fabric\operations.py:1203:4: error: "_AttributeString" has no attribute "failed"
fabric\operations.py:1204:4: error: "_AttributeString" has no attribute "return_code"
fabric\operations.py:1205:4: error: "_AttributeString" has no attribute "stderr"
fabric\operations.py:1207:8: error: "_AttributeString" has no attribute "failed"
fabric\operations.py:1210:4: error: "_AttributeString" has no attribute "succeeded"
fabric\operations.py:1210:24: error: "_AttributeString" has no attribute "failed"
tests\server.py:173:12: error: Incompatible types in assignment (expression has type "Tuple[int, int, int, str, Tuple[Any, ...]]", variable has type "int")
tests\server.py:278:8: error: Need type annotation for variable
fabric\utils.py:47:8: error: Name 'red' already defined
fabric\utils.py:79:8: error: Name 'magenta' already defined
fabric\utils.py:273:8: error: Need type annotation for variable
fabric\network.py:249:19: error: Unsupported right operand type for in ("Exception")
fabric\network.py:650:4: error: "Callable[..., Any]" has no attribute "undecorated"
fabric\state.py:370:23: error: "Option" has no attribute "default"
fabric\state.py:378:0: error: Need type annotation for variable
fabric\network.py:189:4: error: Need type annotation for variable
fabric\network.py:249:19: error: Unsupported right operand type for in ("Exception")
fabric\task_utils.py:27:25: error: "_Dict" has no attribute "default"
fabric\task_utils.py:52:4: error: Need type annotation for variable
fabric\task_utils.py:71:8: error: Need type annotation for variable
fabric\task_utils.py:81:4: error: Need type annotation for variable
fabric\task_utils.py:82:4: error: Need type annotation for variable
fabric\task_utils.py:83:4: error: Need type annotation for variable
fabric\io.py:72:8: error: Need type annotation for variable
fabric\io.py:77:8: error: Need type annotation for variable
fabric\context_managers.py:69:4: error: "Callable[..., ContextManager[Any]]" has no attribute "undecorated"
fabric\job_queue.py:40:8: error: Need type annotation for variable
fabric\job_queue.py:41:8: error: Need type annotation for variable
fabric\job_queue.py:42:8: error: Need type annotation for variable
fabric\job_queue.py:215:8: error: Name 'Bucket' already defined
fabric\job_queue.py:218:12: error: Need type annotation for variable
fabric\tasks.py:383:20: error: Iterable expected
fabric\tasks.py:383:20: error: "bool" has no attribute "__iter__"
fabric\decorators.py:139:12: error: "Callable[..., Any]" has no attribute "return_value"
fabric\decorators.py:140:15: error: "Callable[..., Any]" has no attribute "return_value"
fabric\decorators.py:180:12: error: Module has no attribute "atfork"
fabric\decorators.py:182:8: error: "Callable[..., Any]" has no attribute "parallel"
fabric\decorators.py:183:8: error: "Callable[..., Any]" has no attribute "serial"
fabric\decorators.py:184:8: error: "Callable[..., Any]" has no attribute "pool_size"
fabric\sftp.py:109:8: error: Module 'fabric.api' has no attribute 'sudo'
fabric\sftp.py:109:8: error: Module 'fabric.api' has no attribute 'hide'
fabric\sftp.py:117:8: error: Module 'fabric.api' has no attribute 'sudo'
fabric\sftp.py:117:8: error: Module 'fabric.api' has no attribute 'hide'
fabric\sftp.py:235:8: error: Module 'fabric.api' has no attribute 'sudo'
fabric\sftp.py:235:8: error: Module 'fabric.api' has no attribute 'hide'
fabric\sftp.py:270:24: error: No overload variant of "int" matches argument types [builtins.basestring, builtins.int]
fabric\operations.py:393:8: error: Need type annotation for variable
fabric\operations.py:412:8: error: "_AttributeList" has no attribute "failed"
fabric\operations.py:413:8: error: "_AttributeList" has no attribute "succeeded"
fabric\operations.py:413:28: error: "_AttributeList" has no attribute "failed"
fabric\operations.py:562:8: error: Need type annotation for variable
fabric\operations.py:598:8: error: "_AttributeList" has no attribute "failed"
fabric\operations.py:599:8: error: "_AttributeList" has no attribute "succeeded"
fabric\operations.py:599:28: error: "_AttributeList" has no attribute "failed"
fabric\operations.py:787:8: error: Need type annotation for variable
fabric\operations.py:935:8: error: "_AttributeString" has no attribute "failed"
fabric\operations.py:936:8: error: "_AttributeString" has no attribute "command"
fabric\operations.py:937:8: error: "_AttributeString" has no attribute "real_command"
fabric\operations.py:939:12: error: "_AttributeString" has no attribute "failed"
fabric\operations.py:953:8: error: "_AttributeString" has no attribute "return_code"
fabric\operations.py:956:8: error: "_AttributeString" has no attribute "succeeded"
fabric\operations.py:956:28: error: "_AttributeString" has no attribute "failed"
fabric\operations.py:959:8: error: "_AttributeString" has no attribute "stderr"
fabric\operations.py:1187:8: error: Incompatible types in assignment (expression has type "BinaryIO", variable has type "int")
fabric\operations.py:1188:8: error: Incompatible types in assignment (expression has type "BinaryIO", variable has type "int")
fabric\operations.py:1201:4: error: "_AttributeString" has no attribute "command"
fabric\operations.py:1202:4: error: "_AttributeString" has no attribute "real_command"
fabric\operations.py:1203:4: error: "_AttributeString" has no attribute "failed"
fabric\operations.py:1204:4: error: "_AttributeString" has no attribute "return_code"
fabric\operations.py:1205:4: error: "_AttributeString" has no attribute "stderr"
fabric\operations.py:1207:8: error: "_AttributeString" has no attribute "failed"
fabric\operations.py:1210:4: error: "_AttributeString" has no attribute "succeeded"
fabric\operations.py:1210:24: error: "_AttributeString" has no attribute "failed"
tests\Python26SocketServer.py:139:4: error: Name 'threading' already defined
tests\Python26SocketServer.py:576:0: error: Definition of "timeout" in base class "ForkingMixIn" is incompatible with definition in base class "BaseServer"
tests\Python26SocketServer.py:580:0: error: Definition of "timeout" in base class "ForkingMixIn" is incompatible with definition in base class "BaseServer"
tests\Python26SocketServer.py:691:12: error: Name 'StringIO' already defined
fabric\utils.py:47:8: error: Name 'red' already defined
fabric\utils.py:79:8: error: Name 'magenta' already defined
fabric\utils.py:273:8: error: Need type annotation for variable
fabric\network.py:249:19: error: Unsupported right operand type for in ("Exception")
fabric\network.py:650:4: error: "Callable[..., Any]" has no attribute "undecorated"
fabric\state.py:370:23: error: "Option" has no attribute "default"
fabric\state.py:378:0: error: Need type annotation for variable
fabric\network.py:189:4: error: Need type annotation for variable
fabric\network.py:249:19: error: Unsupported right operand type for in ("Exception")
fabric\task_utils.py:27:25: error: "_Dict" has no attribute "default"
fabric\task_utils.py:52:4: error: Need type annotation for variable
fabric\task_utils.py:71:8: error: Need type annotation for variable
fabric\task_utils.py:81:4: error: Need type annotation for variable
fabric\task_utils.py:82:4: error: Need type annotation for variable
fabric\task_utils.py:83:4: error: Need type annotation for variable
fabric\io.py:72:8: error: Need type annotation for variable
fabric\io.py:77:8: error: Need type annotation for variable
fabric\context_managers.py:69:4: error: "Callable[..., ContextManager[Any]]" has no attribute "undecorated"
fabric\job_queue.py:40:8: error: Need type annotation for variable
fabric\job_queue.py:41:8: error: Need type annotation for variable
fabric\job_queue.py:42:8: error: Need type annotation for variable
fabric\job_queue.py:215:8: error: Name 'Bucket' already defined
fabric\job_queue.py:218:12: error: Need type annotation for variable
fabric\tasks.py:383:20: error: Iterable expected
fabric\tasks.py:383:20: error: "bool" has no attribute "__iter__"
fabric\decorators.py:139:12: error: "Callable[..., Any]" has no attribute "return_value"
fabric\decorators.py:140:15: error: "Callable[..., Any]" has no attribute "return_value"
fabric\decorators.py:180:12: error: Module has no attribute "atfork"
fabric\decorators.py:182:8: error: "Callable[..., Any]" has no attribute "parallel"
fabric\decorators.py:183:8: error: "Callable[..., Any]" has no attribute "serial"
fabric\decorators.py:184:8: error: "Callable[..., Any]" has no attribute "pool_size"
fabric\sftp.py:109:8: error: Module 'fabric.api' has no attribute 'sudo'
fabric\sftp.py:109:8: error: Module 'fabric.api' has no attribute 'hide'
fabric\sftp.py:117:8: error: Module 'fabric.api' has no attribute 'sudo'
fabric\sftp.py:117:8: error: Module 'fabric.api' has no attribute 'hide'
fabric\sftp.py:235:8: error: Module 'fabric.api' has no attribute 'sudo'
fabric\sftp.py:235:8: error: Module 'fabric.api' has no attribute 'hide'
fabric\sftp.py:270:24: error: No overload variant of "int" matches argument types [builtins.basestring, builtins.int]
fabric\operations.py:393:8: error: Need type annotation for variable
fabric\operations.py:412:8: error: "_AttributeList" has no attribute "failed"
fabric\operations.py:413:8: error: "_AttributeList" has no attribute "succeeded"
fabric\operations.py:413:28: error: "_AttributeList" has no attribute "failed"
fabric\operations.py:562:8: error: Need type annotation for variable
fabric\operations.py:598:8: error: "_AttributeList" has no attribute "failed"
fabric\operations.py:599:8: error: "_AttributeList" has no attribute "succeeded"
fabric\operations.py:599:28: error: "_AttributeList" has no attribute "failed"
fabric\operations.py:787:8: error: Need type annotation for variable
fabric\operations.py:935:8: error: "_AttributeString" has no attribute "failed"
fabric\operations.py:936:8: error: "_AttributeString" has no attribute "command"
fabric\operations.py:937:8: error: "_AttributeString" has no attribute "real_command"
fabric\operations.py:939:12: error: "_AttributeString" has no attribute "failed"
fabric\operations.py:953:8: error: "_AttributeString" has no attribute "return_code"
fabric\operations.py:956:8: error: "_AttributeString" has no attribute "succeeded"
fabric\operations.py:956:28: error: "_AttributeString" has no attribute "failed"
fabric\operations.py:959:8: error: "_AttributeString" has no attribute "stderr"
fabric\operations.py:1187:8: error: Incompatible types in assignment (expression has type "BinaryIO", variable has type "int")
fabric\operations.py:1188:8: error: Incompatible types in assignment (expression has type "BinaryIO", variable has type "int")
fabric\operations.py:1201:4: error: "_AttributeString" has no attribute "command"
fabric\operations.py:1202:4: error: "_AttributeString" has no attribute "real_command"
fabric\operations.py:1203:4: error: "_AttributeString" has no attribute "failed"
fabric\operations.py:1204:4: error: "_AttributeString" has no attribute "return_code"
fabric\operations.py:1205:4: error: "_AttributeString" has no attribute "stderr"
fabric\operations.py:1207:8: error: "_AttributeString" has no attribute "failed"
fabric\operations.py:1210:4: error: "_AttributeString" has no attribute "succeeded"
fabric\operations.py:1210:24: error: "_AttributeString" has no attribute "failed"
tests\server.py:173:12: error: Incompatible types in assignment (expression has type "Tuple[int, int, int, str, Tuple[Any, ...]]", variable has type "int")
tests\server.py:278:8: error: Need type annotation for variable
tests\test_server.py:87:8: error: "AttrHolder" has no attribute "files"
fabric\utils.py:47:8: error: Name 'red' already defined
fabric\utils.py:79:8: error: Name 'magenta' already defined
fabric\utils.py:273:8: error: Need type annotation for variable
fabric\network.py:249:19: error: Unsupported right operand type for in ("Exception")
fabric\network.py:650:4: error: "Callable[..., Any]" has no attribute "undecorated"
fabric\state.py:370:23: error: "Option" has no attribute "default"
fabric\state.py:378:0: error: Need type annotation for variable
fabric\network.py:189:4: error: Need type annotation for variable
fabric\network.py:249:19: error: Unsupported right operand type for in ("Exception")
tests\mock_streams.py:64:16: error: Module has no attribute "stdall"
tests\mock_streams.py:65:44: error: Module has no attribute "stdall"
tests\mock_streams.py:66:44: error: Module has no attribute "stdall"
tests\mock_streams.py:68:16: error: Incompatible types in assignment (expression has type "StringIO[str]", variable has type "CarbonCopy")
tests\mock_streams.py:81:24: error: Module has no attribute "stdall"
tests\Python26SocketServer.py:139:4: error: Name 'threading' already defined
tests\Python26SocketServer.py:576:0: error: Definition of "timeout" in base class "ForkingMixIn" is incompatible with definition in base class "BaseServer"
tests\Python26SocketServer.py:580:0: error: Definition of "timeout" in base class "ForkingMixIn" is incompatible with definition in base class "BaseServer"
tests\Python26SocketServer.py:691:12: error: Name 'StringIO' already defined
fabric\utils.py:47:8: error: Name 'red' already defined
fabric\utils.py:79:8: error: Name 'magenta' already defined
fabric\utils.py:273:8: error: Need type annotation for variable
fabric\network.py:249:19: error: Unsupported right operand type for in ("Exception")
fabric\network.py:650:4: error: "Callable[..., Any]" has no attribute "undecorated"
fabric\state.py:370:23: error: "Option" has no attribute "default"
fabric\state.py:378:0: error: Need type annotation for variable
fabric\network.py:189:4: error: Need type annotation for variable
fabric\network.py:249:19: error: Unsupported right operand type for in ("Exception")
fabric\io.py:72:8: error: Need type annotation for variable
fabric\io.py:77:8: error: Need type annotation for variable
fabric\task_utils.py:27:25: error: "_Dict" has no attribute "default"
fabric\task_utils.py:52:4: error: Need type annotation for variable
fabric\task_utils.py:71:8: error: Need type annotation for variable
fabric\task_utils.py:81:4: error: Need type annotation for variable
fabric\task_utils.py:82:4: error: Need type annotation for variable
fabric\task_utils.py:83:4: error: Need type annotation for variable
fabric\context_managers.py:69:4: error: "Callable[..., ContextManager[Any]]" has no attribute "undecorated"
fabric\job_queue.py:40:8: error: Need type annotation for variable
fabric\job_queue.py:41:8: error: Need type annotation for variable
fabric\job_queue.py:42:8: error: Need type annotation for variable
fabric\job_queue.py:215:8: error: Name 'Bucket' already defined
fabric\job_queue.py:218:12: error: Need type annotation for variable
fabric\tasks.py:383:20: error: Iterable expected
fabric\tasks.py:383:20: error: "bool" has no attribute "__iter__"
fabric\decorators.py:139:12: error: "Callable[..., Any]" has no attribute "return_value"
fabric\decorators.py:140:15: error: "Callable[..., Any]" has no attribute "return_value"
fabric\decorators.py:180:12: error: Module has no attribute "atfork"
fabric\decorators.py:182:8: error: "Callable[..., Any]" has no attribute "parallel"
fabric\decorators.py:183:8: error: "Callable[..., Any]" has no attribute "serial"
fabric\decorators.py:184:8: error: "Callable[..., Any]" has no attribute "pool_size"
fabric\sftp.py:109:8: error: Module 'fabric.api' has no attribute 'sudo'
fabric\sftp.py:109:8: error: Module 'fabric.api' has no attribute 'hide'
fabric\sftp.py:117:8: error: Module 'fabric.api' has no attribute 'sudo'
fabric\sftp.py:117:8: error: Module 'fabric.api' has no attribute 'hide'
fabric\sftp.py:235:8: error: Module 'fabric.api' has no attribute 'sudo'
fabric\sftp.py:235:8: error: Module 'fabric.api' has no attribute 'hide'
fabric\sftp.py:270:24: error: No overload variant of "int" matches argument types [builtins.basestring, builtins.int]
fabric\operations.py:393:8: error: Need type annotation for variable
fabric\operations.py:412:8: error: "_AttributeList" has no attribute "failed"
fabric\operations.py:413:8: error: "_AttributeList" has no attribute "succeeded"
fabric\operations.py:413:28: error: "_AttributeList" has no attribute "failed"
fabric\operations.py:562:8: error: Need type annotation for variable
fabric\operations.py:598:8: error: "_AttributeList" has no attribute "failed"
fabric\operations.py:599:8: error: "_AttributeList" has no attribute "succeeded"
fabric\operations.py:599:28: error: "_AttributeList" has no attribute "failed"
fabric\operations.py:787:8: error: Need type annotation for variable
fabric\operations.py:935:8: error: "_AttributeString" has no attribute "failed"
fabric\operations.py:936:8: error: "_AttributeString" has no attribute "command"
fabric\operations.py:937:8: error: "_AttributeString" has no attribute "real_command"
fabric\operations.py:939:12: error: "_AttributeString" has no attribute "failed"
fabric\operations.py:953:8: error: "_AttributeString" has no attribute "return_code"
fabric\operations.py:956:8: error: "_AttributeString" has no attribute "succeeded"
fabric\operations.py:956:28: error: "_AttributeString" has no attribute "failed"
fabric\operations.py:959:8: error: "_AttributeString" has no attribute "stderr"
fabric\operations.py:1187:8: error: Incompatible types in assignment (expression has type "BinaryIO", variable has type "int")
fabric\operations.py:1188:8: error: Incompatible types in assignment (expression has type "BinaryIO", variable has type "int")
fabric\operations.py:1201:4: error: "_AttributeString" has no attribute "command"
fabric\operations.py:1202:4: error: "_AttributeString" has no attribute "real_command"
fabric\operations.py:1203:4: error: "_AttributeString" has no attribute "failed"
fabric\operations.py:1204:4: error: "_AttributeString" has no attribute "return_code"
fabric\operations.py:1205:4: error: "_AttributeString" has no attribute "stderr"
fabric\operations.py:1207:8: error: "_AttributeString" has no attribute "failed"
fabric\operations.py:1210:4: error: "_AttributeString" has no attribute "succeeded"
fabric\operations.py:1210:24: error: "_AttributeString" has no attribute "failed"
fabric\contrib\files.py:51:4: error: Need type annotation for variable
tests\server.py:173:12: error: Incompatible types in assignment (expression has type "Tuple[int, int, int, str, Tuple[Any, ...]]", variable has type "int")
tests\server.py:278:8: error: Need type annotation for variable
fabric\main.py:32:0: error: Need type annotation for variable
fabric\main.py:44:8: error: Need type annotation for variable
fabric\main.py:189:8: error: Incompatible types in assignment (expression has type "List[Tuple[str, Any]]", variable has type "Dict[str, Any]")
fabric\main.py:192:8: error: Incompatible types in assignment (expression has type "List[Tuple[str, Any]]", variable has type "Dict[str, Any]")
fabric\main.py:528:8: error: Need type annotation for variable
fabric\main.py:529:8: error: Need type annotation for variable
fabric\main.py:530:8: error: Need type annotation for variable
tests\test_tasks.py:118:40: error: "None" has no attribute "__iter__"
tests\test_tasks.py:123:34: error: "None" has no attribute "__iter__"
tests\test_tasks.py:158:26: error: "Callable[[], Any]" has no attribute "hosts"
tests\test_tasks.py:326:12: error: "IO[str]" has no attribute "getvalue"
tests\test_tasks.py:339:12: error: "IO[str]" has no attribute "getvalue"
tests\test_tasks.py:566:12: error: "IO[str]" has no attribute "getvalue"
tests\mock_streams.py:64:16: error: Module has no attribute "stdall"
tests\mock_streams.py:65:44: error: Module has no attribute "stdall"
tests\mock_streams.py:66:44: error: Module has no attribute "stdall"
tests\mock_streams.py:68:16: error: Incompatible types in assignment (expression has type "StringIO[str]", variable has type "CarbonCopy")
tests\mock_streams.py:81:24: error: Module has no attribute "stdall"
tests\Python26SocketServer.py:139:4: error: Name 'threading' already defined
tests\Python26SocketServer.py:576:0: error: Definition of "timeout" in base class "ForkingMixIn" is incompatible with definition in base class "BaseServer"
tests\Python26SocketServer.py:580:0: error: Definition of "timeout" in base class "ForkingMixIn" is incompatible with definition in base class "BaseServer"
tests\Python26SocketServer.py:691:12: error: Name 'StringIO' already defined
fabric\utils.py:47:8: error: Name 'red' already defined
fabric\utils.py:79:8: error: Name 'magenta' already defined
fabric\utils.py:273:8: error: Need type annotation for variable
fabric\network.py:249:19: error: Unsupported right operand type for in ("Exception")
fabric\network.py:650:4: error: "Callable[..., Any]" has no attribute "undecorated"
fabric\state.py:370:23: error: "Option" has no attribute "default"
fabric\state.py:378:0: error: Need type annotation for variable
fabric\network.py:189:4: error: Need type annotation for variable
fabric\network.py:249:19: error: Unsupported right operand type for in ("Exception")
fabric\task_utils.py:27:25: error: "_Dict" has no attribute "default"
fabric\task_utils.py:52:4: error: Need type annotation for variable
fabric\task_utils.py:71:8: error: Need type annotation for variable
fabric\task_utils.py:81:4: error: Need type annotation for variable
fabric\task_utils.py:82:4: error: Need type annotation for variable
fabric\task_utils.py:83:4: error: Need type annotation for variable
fabric\io.py:72:8: error: Need type annotation for variable
fabric\io.py:77:8: error: Need type annotation for variable
fabric\context_managers.py:69:4: error: "Callable[..., ContextManager[Any]]" has no attribute "undecorated"
fabric\job_queue.py:40:8: error: Need type annotation for variable
fabric\job_queue.py:41:8: error: Need type annotation for variable
fabric\job_queue.py:42:8: error: Need type annotation for variable
fabric\job_queue.py:215:8: error: Name 'Bucket' already defined
fabric\job_queue.py:218:12: error: Need type annotation for variable
fabric\tasks.py:383:20: error: Iterable expected
fabric\tasks.py:383:20: error: "bool" has no attribute "__iter__"
fabric\decorators.py:139:12: error: "Callable[..., Any]" has no attribute "return_value"
fabric\decorators.py:140:15: error: "Callable[..., Any]" has no attribute "return_value"
fabric\decorators.py:180:12: error: Module has no attribute "atfork"
fabric\decorators.py:182:8: error: "Callable[..., Any]" has no attribute "parallel"
fabric\decorators.py:183:8: error: "Callable[..., Any]" has no attribute "serial"
fabric\decorators.py:184:8: error: "Callable[..., Any]" has no attribute "pool_size"
fabric\sftp.py:109:8: error: Module 'fabric.api' has no attribute 'sudo'
fabric\sftp.py:109:8: error: Module 'fabric.api' has no attribute 'hide'
fabric\sftp.py:117:8: error: Module 'fabric.api' has no attribute 'sudo'
fabric\sftp.py:117:8: error: Module 'fabric.api' has no attribute 'hide'
fabric\sftp.py:235:8: error: Module 'fabric.api' has no attribute 'sudo'
fabric\sftp.py:235:8: error: Module 'fabric.api' has no attribute 'hide'
fabric\sftp.py:270:24: error: No overload variant of "int" matches argument types [builtins.basestring, builtins.int]
fabric\operations.py:393:8: error: Need type annotation for variable
fabric\operations.py:412:8: error: "_AttributeList" has no attribute "failed"
fabric\operations.py:413:8: error: "_AttributeList" has no attribute "succeeded"
fabric\operations.py:413:28: error: "_AttributeList" has no attribute "failed"
fabric\operations.py:562:8: error: Need type annotation for variable
fabric\operations.py:598:8: error: "_AttributeList" has no attribute "failed"
fabric\operations.py:599:8: error: "_AttributeList" has no attribute "succeeded"
fabric\operations.py:599:28: error: "_AttributeList" has no attribute "failed"
fabric\operations.py:787:8: error: Need type annotation for variable
fabric\operations.py:935:8: error: "_AttributeString" has no attribute "failed"
fabric\operations.py:936:8: error: "_AttributeString" has no attribute "command"
fabric\operations.py:937:8: error: "_AttributeString" has no attribute "real_command"
fabric\operations.py:939:12: error: "_AttributeString" has no attribute "failed"
fabric\operations.py:953:8: error: "_AttributeString" has no attribute "return_code"
fabric\operations.py:956:8: error: "_AttributeString" has no attribute "succeeded"
fabric\operations.py:956:28: error: "_AttributeString" has no attribute "failed"
fabric\operations.py:959:8: error: "_AttributeString" has no attribute "stderr"
fabric\operations.py:1187:8: error: Incompatible types in assignment (expression has type "BinaryIO", variable has type "int")
fabric\operations.py:1188:8: error: Incompatible types in assignment (expression has type "BinaryIO", variable has type "int")
fabric\operations.py:1201:4: error: "_AttributeString" has no attribute "command"
fabric\operations.py:1202:4: error: "_AttributeString" has no attribute "real_command"
fabric\operations.py:1203:4: error: "_AttributeString" has no attribute "failed"
fabric\operations.py:1204:4: error: "_AttributeString" has no attribute "return_code"
fabric\operations.py:1205:4: error: "_AttributeString" has no attribute "stderr"
fabric\operations.py:1207:8: error: "_AttributeString" has no attribute "failed"
fabric\operations.py:1210:4: error: "_AttributeString" has no attribute "succeeded"
fabric\operations.py:1210:24: error: "_AttributeString" has no attribute "failed"
tests\server.py:173:12: error: Incompatible types in assignment (expression has type "Tuple[int, int, int, str, Tuple[Any, ...]]", variable has type "int")
tests\server.py:278:8: error: Need type annotation for variable
tests\test_utils.py:28:31: error: "IO[str]" has no attribute "getvalue"
tests\test_utils.py:86:13: error: "IO[str]" has no attribute "getvalue"
tests\test_utils.py:123:8: error: "IO[str]" has no attribute "getvalue"
tests\test_utils.py:133:8: error: "IO[str]" has no attribute "getvalue"
tests\test_utils.py:143:4: error: "IO[str]" has no attribute "encoding"
tests\test_utils.py:145:8: error: "IO[str]" has no attribute "getvalue"
tests\test_utils.py:154:8: error: "IO[str]" has no attribute "getvalue"
tests\test_utils.py:166:8: error: "IO[str]" has no attribute "getvalue"
tests\test_utils.py:177:8: error: "IO[str]" has no attribute "getvalue"
tests\test_utils.py:230:32: error: "IO[str]" has no attribute "getvalue"
tests\test_utils.py:243:43: error: "IO[str]" has no attribute "getvalue"
tests\test_utils.py:256:43: error: "IO[str]" has no attribute "getvalue"
tests\test_utils.py:269:36: error: "IO[str]" has no attribute "getvalue"
tests\test_utils.py:282:32: error: "IO[str]" has no attribute "getvalue"
tests\test_utils.py:289:46: error: "IO[str]" has no attribute "getvalue"
tests\test_utils.py:297:39: error: "IO[str]" has no attribute "getvalue"
tests\mock_streams.py:64:16: error: Module has no attribute "stdall"
tests\mock_streams.py:65:44: error: Module has no attribute "stdall"
tests\mock_streams.py:66:44: error: Module has no attribute "stdall"
tests\mock_streams.py:68:16: error: Incompatible types in assignment (expression has type "StringIO[str]", variable has type "CarbonCopy")
tests\mock_streams.py:81:24: error: Module has no attribute "stdall"
tests\Python26SocketServer.py:139:4: error: Name 'threading' already defined
tests\Python26SocketServer.py:576:0: error: Definition of "timeout" in base class "ForkingMixIn" is incompatible with definition in base class "BaseServer"
tests\Python26SocketServer.py:580:0: error: Definition of "timeout" in base class "ForkingMixIn" is incompatible with definition in base class "BaseServer"
tests\Python26SocketServer.py:691:12: error: Name 'StringIO' already defined
fabric\utils.py:47:8: error: Name 'red' already defined
fabric\utils.py:79:8: error: Name 'magenta' already defined
fabric\utils.py:273:8: error: Need type annotation for variable
fabric\network.py:249:19: error: Unsupported right operand type for in ("Exception")
fabric\network.py:650:4: error: "Callable[..., Any]" has no attribute "undecorated"
fabric\state.py:370:23: error: "Option" has no attribute "default"
fabric\state.py:378:0: error: Need type annotation for variable
fabric\network.py:189:4: error: Need type annotation for variable
fabric\network.py:249:19: error: Unsupported right operand type for in ("Exception")
fabric\task_utils.py:27:25: error: "_Dict" has no attribute "default"
fabric\task_utils.py:52:4: error: Need type annotation for variable
fabric\task_utils.py:71:8: error: Need type annotation for variable
fabric\task_utils.py:81:4: error: Need type annotation for variable
fabric\task_utils.py:82:4: error: Need type annotation for variable
fabric\task_utils.py:83:4: error: Need type annotation for variable
fabric\io.py:72:8: error: Need type annotation for variable
fabric\io.py:77:8: error: Need type annotation for variable
fabric\context_managers.py:69:4: error: "Callable[..., ContextManager[Any]]" has no attribute "undecorated"
fabric\job_queue.py:40:8: error: Need type annotation for variable
fabric\job_queue.py:41:8: error: Need type annotation for variable
fabric\job_queue.py:42:8: error: Need type annotation for variable
fabric\job_queue.py:215:8: error: Name 'Bucket' already defined
fabric\job_queue.py:218:12: error: Need type annotation for variable
fabric\tasks.py:383:20: error: Iterable expected
fabric\tasks.py:383:20: error: "bool" has no attribute "__iter__"
fabric\decorators.py:139:12: error: "Callable[..., Any]" has no attribute "return_value"
fabric\decorators.py:140:15: error: "Callable[..., Any]" has no attribute "return_value"
fabric\decorators.py:180:12: error: Module has no attribute "atfork"
fabric\decorators.py:182:8: error: "Callable[..., Any]" has no attribute "parallel"
fabric\decorators.py:183:8: error: "Callable[..., Any]" has no attribute "serial"
fabric\decorators.py:184:8: error: "Callable[..., Any]" has no attribute "pool_size"
fabric\sftp.py:109:8: error: Module 'fabric.api' has no attribute 'sudo'
fabric\sftp.py:109:8: error: Module 'fabric.api' has no attribute 'hide'
fabric\sftp.py:117:8: error: Module 'fabric.api' has no attribute 'sudo'
fabric\sftp.py:117:8: error: Module 'fabric.api' has no attribute 'hide'
fabric\sftp.py:235:8: error: Module 'fabric.api' has no attribute 'sudo'
fabric\sftp.py:235:8: error: Module 'fabric.api' has no attribute 'hide'
fabric\sftp.py:270:24: error: No overload variant of "int" matches argument types [builtins.basestring, builtins.int]
fabric\operations.py:393:8: error: Need type annotation for variable
fabric\operations.py:412:8: error: "_AttributeList" has no attribute "failed"
fabric\operations.py:413:8: error: "_AttributeList" has no attribute "succeeded"
fabric\operations.py:413:28: error: "_AttributeList" has no attribute "failed"
fabric\operations.py:562:8: error: Need type annotation for variable
fabric\operations.py:598:8: error: "_AttributeList" has no attribute "failed"
fabric\operations.py:599:8: error: "_AttributeList" has no attribute "succeeded"
fabric\operations.py:599:28: error: "_AttributeList" has no attribute "failed"
fabric\operations.py:787:8: error: Need type annotation for variable
fabric\operations.py:935:8: error: "_AttributeString" has no attribute "failed"
fabric\operations.py:936:8: error: "_AttributeString" has no attribute "command"
fabric\operations.py:937:8: error: "_AttributeString" has no attribute "real_command"
fabric\operations.py:939:12: error: "_AttributeString" has no attribute "failed"
fabric\operations.py:953:8: error: "_AttributeString" has no attribute "return_code"
fabric\operations.py:956:8: error: "_AttributeString" has no attribute "succeeded"
fabric\operations.py:956:28: error: "_AttributeString" has no attribute "failed"
fabric\operations.py:959:8: error: "_AttributeString" has no attribute "stderr"
fabric\operations.py:1187:8: error: Incompatible types in assignment (expression has type "BinaryIO", variable has type "int")
fabric\operations.py:1188:8: error: Incompatible types in assignment (expression has type "BinaryIO", variable has type "int")
fabric\operations.py:1201:4: error: "_AttributeString" has no attribute "command"
fabric\operations.py:1202:4: error: "_AttributeString" has no attribute "real_command"
fabric\operations.py:1203:4: error: "_AttributeString" has no attribute "failed"
fabric\operations.py:1204:4: error: "_AttributeString" has no attribute "return_code"
fabric\operations.py:1205:4: error: "_AttributeString" has no attribute "stderr"
fabric\operations.py:1207:8: error: "_AttributeString" has no attribute "failed"
fabric\operations.py:1210:4: error: "_AttributeString" has no attribute "succeeded"
fabric\operations.py:1210:24: error: "_AttributeString" has no attribute "failed"
tests\server.py:173:12: error: Incompatible types in assignment (expression has type "Tuple[int, int, int, str, Tuple[Any, ...]]", variable has type "int")
tests\server.py:278:8: error: Need type annotation for variable
fabric\utils.py:47:8: error: Name 'red' already defined
fabric\utils.py:79:8: error: Name 'magenta' already defined
fabric\utils.py:273:8: error: Need type annotation for variable
fabric\network.py:249:19: error: Unsupported right operand type for in ("Exception")
fabric\network.py:650:4: error: "Callable[..., Any]" has no attribute "undecorated"
fabric\state.py:370:23: error: "Option" has no attribute "default"
fabric\state.py:378:0: error: Need type annotation for variable
fabric\network.py:189:4: error: Need type annotation for variable
fabric\network.py:249:19: error: Unsupported right operand type for in ("Exception")
fabric\task_utils.py:27:25: error: "_Dict" has no attribute "default"
fabric\task_utils.py:52:4: error: Need type annotation for variable
fabric\task_utils.py:71:8: error: Need type annotation for variable
fabric\task_utils.py:81:4: error: Need type annotation for variable
fabric\task_utils.py:82:4: error: Need type annotation for variable
fabric\task_utils.py:83:4: error: Need type annotation for variable
fabric\io.py:72:8: error: Need type annotation for variable
fabric\io.py:77:8: error: Need type annotation for variable
fabric\context_managers.py:69:4: error: "Callable[..., ContextManager[Any]]" has no attribute "undecorated"
fabric\job_queue.py:40:8: error: Need type annotation for variable
fabric\job_queue.py:41:8: error: Need type annotation for variable
fabric\job_queue.py:42:8: error: Need type annotation for variable
fabric\job_queue.py:215:8: error: Name 'Bucket' already defined
fabric\job_queue.py:218:12: error: Need type annotation for variable
fabric\tasks.py:383:20: error: Iterable expected
fabric\tasks.py:383:20: error: "bool" has no attribute "__iter__"
fabric\decorators.py:139:12: error: "Callable[..., Any]" has no attribute "return_value"
fabric\decorators.py:140:15: error: "Callable[..., Any]" has no attribute "return_value"
fabric\decorators.py:180:12: error: Module has no attribute "atfork"
fabric\decorators.py:182:8: error: "Callable[..., Any]" has no attribute "parallel"
fabric\decorators.py:183:8: error: "Callable[..., Any]" has no attribute "serial"
fabric\decorators.py:184:8: error: "Callable[..., Any]" has no attribute "pool_size"
fabric\sftp.py:109:8: error: Module 'fabric.api' has no attribute 'sudo'
fabric\sftp.py:109:8: error: Module 'fabric.api' has no attribute 'hide'
fabric\sftp.py:117:8: error: Module 'fabric.api' has no attribute 'sudo'
fabric\sftp.py:117:8: error: Module 'fabric.api' has no attribute 'hide'
fabric\sftp.py:235:8: error: Module 'fabric.api' has no attribute 'sudo'
fabric\sftp.py:235:8: error: Module 'fabric.api' has no attribute 'hide'
fabric\sftp.py:270:24: error: No overload variant of "int" matches argument types [builtins.basestring, builtins.int]
fabric\operations.py:393:8: error: Need type annotation for variable
fabric\operations.py:412:8: error: "_AttributeList" has no attribute "failed"
fabric\operations.py:413:8: error: "_AttributeList" has no attribute "succeeded"
fabric\operations.py:413:28: error: "_AttributeList" has no attribute "failed"
fabric\operations.py:562:8: error: Need type annotation for variable
fabric\operations.py:598:8: error: "_AttributeList" has no attribute "failed"
fabric\operations.py:599:8: error: "_AttributeList" has no attribute "succeeded"
fabric\operations.py:599:28: error: "_AttributeList" has no attribute "failed"
fabric\operations.py:787:8: error: Need type annotation for variable
fabric\operations.py:935:8: error: "_AttributeString" has no attribute "failed"
fabric\operations.py:936:8: error: "_AttributeString" has no attribute "command"
fabric\operations.py:937:8: error: "_AttributeString" has no attribute "real_command"
fabric\operations.py:939:12: error: "_AttributeString" has no attribute "failed"
fabric\operations.py:953:8: error: "_AttributeString" has no attribute "return_code"
fabric\operations.py:956:8: error: "_AttributeString" has no attribute "succeeded"
fabric\operations.py:956:28: error: "_AttributeString" has no attribute "failed"
fabric\operations.py:959:8: error: "_AttributeString" has no attribute "stderr"
fabric\operations.py:1187:8: error: Incompatible types in assignment (expression has type "BinaryIO", variable has type "int")
fabric\operations.py:1188:8: error: Incompatible types in assignment (expression has type "BinaryIO", variable has type "int")
fabric\operations.py:1201:4: error: "_AttributeString" has no attribute "command"
fabric\operations.py:1202:4: error: "_AttributeString" has no attribute "real_command"
fabric\operations.py:1203:4: error: "_AttributeString" has no attribute "failed"
fabric\operations.py:1204:4: error: "_AttributeString" has no attribute "return_code"
fabric\operations.py:1205:4: error: "_AttributeString" has no attribute "stderr"
fabric\operations.py:1207:8: error: "_AttributeString" has no attribute "failed"
fabric\operations.py:1210:4: error: "_AttributeString" has no attribute "succeeded"
fabric\operations.py:1210:24: error: "_AttributeString" has no attribute "failed"
fabric\utils.py:47:8: error: Name 'red' already defined
fabric\utils.py:79:8: error: Name 'magenta' already defined
fabric\utils.py:273:8: error: Need type annotation for variable
fabric\network.py:249:19: error: Unsupported right operand type for in ("Exception")
fabric\network.py:650:4: error: "Callable[..., Any]" has no attribute "undecorated"
fabric\state.py:370:23: error: "Option" has no attribute "default"
fabric\state.py:378:0: error: Need type annotation for variable
fabric\network.py:189:4: error: Need type annotation for variable
fabric\network.py:249:19: error: Unsupported right operand type for in ("Exception")
fabric\task_utils.py:27:25: error: "_Dict" has no attribute "default"
fabric\task_utils.py:52:4: error: Need type annotation for variable
fabric\task_utils.py:71:8: error: Need type annotation for variable
fabric\task_utils.py:81:4: error: Need type annotation for variable
fabric\task_utils.py:82:4: error: Need type annotation for variable
fabric\task_utils.py:83:4: error: Need type annotation for variable
fabric\context_managers.py:69:4: error: "Callable[..., ContextManager[Any]]" has no attribute "undecorated"
fabric\job_queue.py:40:8: error: Need type annotation for variable
fabric\job_queue.py:41:8: error: Need type annotation for variable
fabric\job_queue.py:42:8: error: Need type annotation for variable
fabric\job_queue.py:215:8: error: Name 'Bucket' already defined
fabric\job_queue.py:218:12: error: Need type annotation for variable
fabric\tasks.py:383:20: error: Iterable expected
fabric\tasks.py:383:20: error: "bool" has no attribute "__iter__"
fabric\utils.py:47:8: error: Name 'red' already defined
fabric\utils.py:79:8: error: Name 'magenta' already defined
fabric\utils.py:273:8: error: Need type annotation for variable
fabric\network.py:249:19: error: Unsupported right operand type for in ("Exception")
fabric\network.py:650:4: error: "Callable[..., Any]" has no attribute "undecorated"
fabric\state.py:370:23: error: "Option" has no attribute "default"
fabric\state.py:378:0: error: Need type annotation for variable
fabric\network.py:189:4: error: Need type annotation for variable
fabric\network.py:249:19: error: Unsupported right operand type for in ("Exception")
fabric\task_utils.py:27:25: error: "_Dict" has no attribute "default"
fabric\task_utils.py:52:4: error: Need type annotation for variable
fabric\task_utils.py:71:8: error: Need type annotation for variable
fabric\task_utils.py:81:4: error: Need type annotation for variable
fabric\task_utils.py:82:4: error: Need type annotation for variable
fabric\task_utils.py:83:4: error: Need type annotation for variable
fabric\context_managers.py:69:4: error: "Callable[..., ContextManager[Any]]" has no attribute "undecorated"
fabric\job_queue.py:40:8: error: Need type annotation for variable
fabric\job_queue.py:41:8: error: Need type annotation for variable
fabric\job_queue.py:42:8: error: Need type annotation for variable
fabric\job_queue.py:215:8: error: Name 'Bucket' already defined
fabric\job_queue.py:218:12: error: Need type annotation for variable
fabric\tasks.py:383:20: error: Iterable expected
fabric\tasks.py:383:20: error: "bool" has no attribute "__iter__"
fabric\decorators.py:139:12: error: "Callable[..., Any]" has no attribute "return_value"
fabric\decorators.py:140:15: error: "Callable[..., Any]" has no attribute "return_value"
fabric\decorators.py:180:12: error: Module has no attribute "atfork"
fabric\decorators.py:182:8: error: "Callable[..., Any]" has no attribute "parallel"
fabric\decorators.py:183:8: error: "Callable[..., Any]" has no attribute "serial"
fabric\decorators.py:184:8: error: "Callable[..., Any]" has no attribute "pool_size"
fabric\utils.py:47:8: error: Name 'red' already defined
fabric\utils.py:79:8: error: Name 'magenta' already defined
fabric\utils.py:273:8: error: Need type annotation for variable
fabric\network.py:249:19: error: Unsupported right operand type for in ("Exception")
fabric\network.py:650:4: error: "Callable[..., Any]" has no attribute "undecorated"
fabric\state.py:370:23: error: "Option" has no attribute "default"
fabric\state.py:378:0: error: Need type annotation for variable
fabric\network.py:189:4: error: Need type annotation for variable
fabric\network.py:249:19: error: Unsupported right operand type for in ("Exception")
fabric\task_utils.py:27:25: error: "_Dict" has no attribute "default"
fabric\task_utils.py:52:4: error: Need type annotation for variable
fabric\task_utils.py:71:8: error: Need type annotation for variable
fabric\task_utils.py:81:4: error: Need type annotation for variable
fabric\task_utils.py:82:4: error: Need type annotation for variable
fabric\task_utils.py:83:4: error: Need type annotation for variable
fabric\context_managers.py:69:4: error: "Callable[..., ContextManager[Any]]" has no attribute "undecorated"
fabric\job_queue.py:40:8: error: Need type annotation for variable
fabric\job_queue.py:41:8: error: Need type annotation for variable
fabric\job_queue.py:42:8: error: Need type annotation for variable
fabric\job_queue.py:215:8: error: Name 'Bucket' already defined
fabric\job_queue.py:218:12: error: Need type annotation for variable
fabric\tasks.py:383:20: error: Iterable expected
fabric\tasks.py:383:20: error: "bool" has no attribute "__iter__"
fabric\decorators.py:139:12: error: "Callable[..., Any]" has no attribute "return_value"
fabric\decorators.py:140:15: error: "Callable[..., Any]" has no attribute "return_value"
fabric\decorators.py:180:12: error: Module has no attribute "atfork"
fabric\decorators.py:182:8: error: "Callable[..., Any]" has no attribute "parallel"
fabric\decorators.py:183:8: error: "Callable[..., Any]" has no attribute "serial"
fabric\decorators.py:184:8: error: "Callable[..., Any]" has no attribute "pool_size"
fabric\utils.py:47:8: error: Name 'red' already defined
fabric\utils.py:79:8: error: Name 'magenta' already defined
fabric\utils.py:273:8: error: Need type annotation for variable
fabric\network.py:249:19: error: Unsupported right operand type for in ("Exception")
fabric\network.py:650:4: error: "Callable[..., Any]" has no attribute "undecorated"
fabric\state.py:370:23: error: "Option" has no attribute "default"
fabric\state.py:378:0: error: Need type annotation for variable
fabric\network.py:189:4: error: Need type annotation for variable
fabric\network.py:249:19: error: Unsupported right operand type for in ("Exception")
fabric\task_utils.py:27:25: error: "_Dict" has no attribute "default"
fabric\task_utils.py:52:4: error: Need type annotation for variable
fabric\task_utils.py:71:8: error: Need type annotation for variable
fabric\task_utils.py:81:4: error: Need type annotation for variable
fabric\task_utils.py:82:4: error: Need type annotation for variable
fabric\task_utils.py:83:4: error: Need type annotation for variable
fabric\context_managers.py:69:4: error: "Callable[..., ContextManager[Any]]" has no attribute "undecorated"
fabric\job_queue.py:40:8: error: Need type annotation for variable
fabric\job_queue.py:41:8: error: Need type annotation for variable
fabric\job_queue.py:42:8: error: Need type annotation for variable
fabric\job_queue.py:215:8: error: Name 'Bucket' already defined
fabric\job_queue.py:218:12: error: Need type annotation for variable
fabric\tasks.py:383:20: error: Iterable expected
fabric\tasks.py:383:20: error: "bool" has no attribute "__iter__"
fabric\decorators.py:139:12: error: "Callable[..., Any]" has no attribute "return_value"
fabric\decorators.py:140:15: error: "Callable[..., Any]" has no attribute "return_value"
fabric\decorators.py:180:12: error: Module has no attribute "atfork"
fabric\decorators.py:182:8: error: "Callable[..., Any]" has no attribute "parallel"
fabric\decorators.py:183:8: error: "Callable[..., Any]" has no attribute "serial"
fabric\decorators.py:184:8: error: "Callable[..., Any]" has no attribute "pool_size"
fabric\utils.py:47:8: error: Name 'red' already defined
fabric\utils.py:79:8: error: Name 'magenta' already defined
fabric\utils.py:273:8: error: Need type annotation for variable
fabric\network.py:249:19: error: Unsupported right operand type for in ("Exception")
fabric\network.py:650:4: error: "Callable[..., Any]" has no attribute "undecorated"
fabric\state.py:370:23: error: "Option" has no attribute "default"
fabric\state.py:378:0: error: Need type annotation for variable
fabric\network.py:189:4: error: Need type annotation for variable
fabric\network.py:249:19: error: Unsupported right operand type for in ("Exception")
fabric\task_utils.py:27:25: error: "_Dict" has no attribute "default"
fabric\task_utils.py:52:4: error: Need type annotation for variable
fabric\task_utils.py:71:8: error: Need type annotation for variable
fabric\task_utils.py:81:4: error: Need type annotation for variable
fabric\task_utils.py:82:4: error: Need type annotation for variable
fabric\task_utils.py:83:4: error: Need type annotation for variable
fabric\io.py:72:8: error: Need type annotation for variable
fabric\io.py:77:8: error: Need type annotation for variable
fabric\context_managers.py:69:4: error: "Callable[..., ContextManager[Any]]" has no attribute "undecorated"
fabric\job_queue.py:40:8: error: Need type annotation for variable
fabric\job_queue.py:41:8: error: Need type annotation for variable
fabric\job_queue.py:42:8: error: Need type annotation for variable
fabric\job_queue.py:215:8: error: Name 'Bucket' already defined
fabric\job_queue.py:218:12: error: Need type annotation for variable
fabric\tasks.py:383:20: error: Iterable expected
fabric\tasks.py:383:20: error: "bool" has no attribute "__iter__"
fabric\decorators.py:139:12: error: "Callable[..., Any]" has no attribute "return_value"
fabric\decorators.py:140:15: error: "Callable[..., Any]" has no attribute "return_value"
fabric\decorators.py:180:12: error: Module has no attribute "atfork"
fabric\decorators.py:182:8: error: "Callable[..., Any]" has no attribute "parallel"
fabric\decorators.py:183:8: error: "Callable[..., Any]" has no attribute "serial"
fabric\decorators.py:184:8: error: "Callable[..., Any]" has no attribute "pool_size"
fabric\sftp.py:109:8: error: Module 'fabric.api' has no attribute 'sudo'
fabric\sftp.py:109:8: error: Module 'fabric.api' has no attribute 'hide'
fabric\sftp.py:117:8: error: Module 'fabric.api' has no attribute 'sudo'
fabric\sftp.py:117:8: error: Module 'fabric.api' has no attribute 'hide'
fabric\sftp.py:235:8: error: Module 'fabric.api' has no attribute 'sudo'
fabric\sftp.py:235:8: error: Module 'fabric.api' has no attribute 'hide'
fabric\sftp.py:270:24: error: No overload variant of "int" matches argument types [builtins.basestring, builtins.int]
fabric\operations.py:393:8: error: Need type annotation for variable
fabric\operations.py:412:8: error: "_AttributeList" has no attribute "failed"
fabric\operations.py:413:8: error: "_AttributeList" has no attribute "succeeded"
fabric\operations.py:413:28: error: "_AttributeList" has no attribute "failed"
fabric\operations.py:562:8: error: Need type annotation for variable
fabric\operations.py:598:8: error: "_AttributeList" has no attribute "failed"
fabric\operations.py:599:8: error: "_AttributeList" has no attribute "succeeded"
fabric\operations.py:599:28: error: "_AttributeList" has no attribute "failed"
fabric\operations.py:787:8: error: Need type annotation for variable
fabric\operations.py:935:8: error: "_AttributeString" has no attribute "failed"
fabric\operations.py:936:8: error: "_AttributeString" has no attribute "command"
fabric\operations.py:937:8: error: "_AttributeString" has no attribute "real_command"
fabric\operations.py:939:12: error: "_AttributeString" has no attribute "failed"
fabric\operations.py:953:8: error: "_AttributeString" has no attribute "return_code"
fabric\operations.py:956:8: error: "_AttributeString" has no attribute "succeeded"
fabric\operations.py:956:28: error: "_AttributeString" has no attribute "failed"
fabric\operations.py:959:8: error: "_AttributeString" has no attribute "stderr"
fabric\operations.py:1187:8: error: Incompatible types in assignment (expression has type "BinaryIO", variable has type "int")
fabric\operations.py:1188:8: error: Incompatible types in assignment (expression has type "BinaryIO", variable has type "int")
fabric\operations.py:1201:4: error: "_AttributeString" has no attribute "command"
fabric\operations.py:1202:4: error: "_AttributeString" has no attribute "real_command"
fabric\operations.py:1203:4: error: "_AttributeString" has no attribute "failed"
fabric\operations.py:1204:4: error: "_AttributeString" has no attribute "return_code"
fabric\operations.py:1205:4: error: "_AttributeString" has no attribute "stderr"
fabric\operations.py:1207:8: error: "_AttributeString" has no attribute "failed"
fabric\operations.py:1210:4: error: "_AttributeString" has no attribute "succeeded"
fabric\operations.py:1210:24: error: "_AttributeString" has no attribute "failed"
fabric\utils.py:47:8: error: Name 'red' already defined
fabric\utils.py:79:8: error: Name 'magenta' already defined
fabric\utils.py:273:8: error: Need type annotation for variable
fabric\network.py:249:19: error: Unsupported right operand type for in ("Exception")
fabric\network.py:650:4: error: "Callable[..., Any]" has no attribute "undecorated"
fabric\state.py:370:23: error: "Option" has no attribute "default"
fabric\state.py:378:0: error: Need type annotation for variable
fabric\network.py:189:4: error: Need type annotation for variable
fabric\network.py:249:19: error: Unsupported right operand type for in ("Exception")
fabric\task_utils.py:27:25: error: "_Dict" has no attribute "default"
fabric\task_utils.py:52:4: error: Need type annotation for variable
fabric\task_utils.py:71:8: error: Need type annotation for variable
fabric\task_utils.py:81:4: error: Need type annotation for variable
fabric\task_utils.py:82:4: error: Need type annotation for variable
fabric\task_utils.py:83:4: error: Need type annotation for variable
fabric\io.py:72:8: error: Need type annotation for variable
fabric\io.py:77:8: error: Need type annotation for variable
fabric\context_managers.py:69:4: error: "Callable[..., ContextManager[Any]]" has no attribute "undecorated"
fabric\job_queue.py:40:8: error: Need type annotation for variable
fabric\job_queue.py:41:8: error: Need type annotation for variable
fabric\job_queue.py:42:8: error: Need type annotation for variable
fabric\job_queue.py:215:8: error: Name 'Bucket' already defined
fabric\job_queue.py:218:12: error: Need type annotation for variable
fabric\tasks.py:383:20: error: Iterable expected
fabric\tasks.py:383:20: error: "bool" has no attribute "__iter__"
fabric\decorators.py:139:12: error: "Callable[..., Any]" has no attribute "return_value"
fabric\decorators.py:140:15: error: "Callable[..., Any]" has no attribute "return_value"
fabric\decorators.py:180:12: error: Module has no attribute "atfork"
fabric\decorators.py:182:8: error: "Callable[..., Any]" has no attribute "parallel"
fabric\decorators.py:183:8: error: "Callable[..., Any]" has no attribute "serial"
fabric\decorators.py:184:8: error: "Callable[..., Any]" has no attribute "pool_size"
fabric\sftp.py:109:8: error: Module 'fabric.api' has no attribute 'sudo'
fabric\sftp.py:109:8: error: Module 'fabric.api' has no attribute 'hide'
fabric\sftp.py:117:8: error: Module 'fabric.api' has no attribute 'sudo'
fabric\sftp.py:117:8: error: Module 'fabric.api' has no attribute 'hide'
fabric\sftp.py:235:8: error: Module 'fabric.api' has no attribute 'sudo'
fabric\sftp.py:235:8: error: Module 'fabric.api' has no attribute 'hide'
fabric\sftp.py:270:24: error: No overload variant of "int" matches argument types [builtins.basestring, builtins.int]
fabric\operations.py:393:8: error: Need type annotation for variable
fabric\operations.py:412:8: error: "_AttributeList" has no attribute "failed"
fabric\operations.py:413:8: error: "_AttributeList" has no attribute "succeeded"
fabric\operations.py:413:28: error: "_AttributeList" has no attribute "failed"
fabric\operations.py:562:8: error: Need type annotation for variable
fabric\operations.py:598:8: error: "_AttributeList" has no attribute "failed"
fabric\operations.py:599:8: error: "_AttributeList" has no attribute "succeeded"
fabric\operations.py:599:28: error: "_AttributeList" has no attribute "failed"
fabric\operations.py:787:8: error: Need type annotation for variable
fabric\operations.py:935:8: error: "_AttributeString" has no attribute "failed"
fabric\operations.py:936:8: error: "_AttributeString" has no attribute "command"
fabric\operations.py:937:8: error: "_AttributeString" has no attribute "real_command"
fabric\operations.py:939:12: error: "_AttributeString" has no attribute "failed"
fabric\operations.py:953:8: error: "_AttributeString" has no attribute "return_code"
fabric\operations.py:956:8: error: "_AttributeString" has no attribute "succeeded"
fabric\operations.py:956:28: error: "_AttributeString" has no attribute "failed"
fabric\operations.py:959:8: error: "_AttributeString" has no attribute "stderr"
fabric\operations.py:1187:8: error: Incompatible types in assignment (expression has type "BinaryIO", variable has type "int")
fabric\operations.py:1188:8: error: Incompatible types in assignment (expression has type "BinaryIO", variable has type "int")
fabric\operations.py:1201:4: error: "_AttributeString" has no attribute "command"
fabric\operations.py:1202:4: error: "_AttributeString" has no attribute "real_command"
fabric\operations.py:1203:4: error: "_AttributeString" has no attribute "failed"
fabric\operations.py:1204:4: error: "_AttributeString" has no attribute "return_code"
fabric\operations.py:1205:4: error: "_AttributeString" has no attribute "stderr"
fabric\operations.py:1207:8: error: "_AttributeString" has no attribute "failed"
fabric\operations.py:1210:4: error: "_AttributeString" has no attribute "succeeded"
fabric\operations.py:1210:24: error: "_AttributeString" has no attribute "failed"
fabric\utils.py:47:8: error: Name 'red' already defined
fabric\utils.py:79:8: error: Name 'magenta' already defined
fabric\utils.py:273:8: error: Need type annotation for variable
fabric\network.py:249:19: error: Unsupported right operand type for in ("Exception")
fabric\network.py:650:4: error: "Callable[..., Any]" has no attribute "undecorated"
fabric\state.py:370:23: error: "Option" has no attribute "default"
fabric\state.py:378:0: error: Need type annotation for variable
fabric\network.py:189:4: error: Need type annotation for variable
fabric\network.py:249:19: error: Unsupported right operand type for in ("Exception")
fabric\task_utils.py:27:25: error: "_Dict" has no attribute "default"
fabric\task_utils.py:52:4: error: Need type annotation for variable
fabric\task_utils.py:71:8: error: Need type annotation for variable
fabric\task_utils.py:81:4: error: Need type annotation for variable
fabric\task_utils.py:82:4: error: Need type annotation for variable
fabric\task_utils.py:83:4: error: Need type annotation for variable
fabric\context_managers.py:69:4: error: "Callable[..., ContextManager[Any]]" has no attribute "undecorated"
fabric\job_queue.py:40:8: error: Need type annotation for variable
fabric\job_queue.py:41:8: error: Need type annotation for variable
fabric\job_queue.py:42:8: error: Need type annotation for variable
fabric\job_queue.py:215:8: error: Name 'Bucket' already defined
fabric\job_queue.py:218:12: error: Need type annotation for variable
fabric\tasks.py:383:20: error: Iterable expected
fabric\tasks.py:383:20: error: "bool" has no attribute "__iter__"
fabric\decorators.py:139:12: error: "Callable[..., Any]" has no attribute "return_value"
fabric\decorators.py:140:15: error: "Callable[..., Any]" has no attribute "return_value"
fabric\decorators.py:180:12: error: Module has no attribute "atfork"
fabric\decorators.py:182:8: error: "Callable[..., Any]" has no attribute "parallel"
fabric\decorators.py:183:8: error: "Callable[..., Any]" has no attribute "serial"
fabric\decorators.py:184:8: error: "Callable[..., Any]" has no attribute "pool_size"
fabric\utils.py:47:8: error: Name 'red' already defined
fabric\utils.py:79:8: error: Name 'magenta' already defined
fabric\utils.py:273:8: error: Need type annotation for variable
fabric\network.py:249:19: error: Unsupported right operand type for in ("Exception")
fabric\network.py:650:4: error: "Callable[..., Any]" has no attribute "undecorated"
fabric\state.py:370:23: error: "Option" has no attribute "default"
fabric\state.py:378:0: error: Need type annotation for variable
fabric\network.py:189:4: error: Need type annotation for variable
fabric\network.py:249:19: error: Unsupported right operand type for in ("Exception")
fabric\task_utils.py:27:25: error: "_Dict" has no attribute "default"
fabric\task_utils.py:52:4: error: Need type annotation for variable
fabric\task_utils.py:71:8: error: Need type annotation for variable
fabric\task_utils.py:81:4: error: Need type annotation for variable
fabric\task_utils.py:82:4: error: Need type annotation for variable
fabric\task_utils.py:83:4: error: Need type annotation for variable
fabric\io.py:72:8: error: Need type annotation for variable
fabric\io.py:77:8: error: Need type annotation for variable
fabric\context_managers.py:69:4: error: "Callable[..., ContextManager[Any]]" has no attribute "undecorated"
fabric\job_queue.py:40:8: error: Need type annotation for variable
fabric\job_queue.py:41:8: error: Need type annotation for variable
fabric\job_queue.py:42:8: error: Need type annotation for variable
fabric\job_queue.py:215:8: error: Name 'Bucket' already defined
fabric\job_queue.py:218:12: error: Need type annotation for variable
fabric\tasks.py:383:20: error: Iterable expected
fabric\tasks.py:383:20: error: "bool" has no attribute "__iter__"
fabric\decorators.py:139:12: error: "Callable[..., Any]" has no attribute "return_value"
fabric\decorators.py:140:15: error: "Callable[..., Any]" has no attribute "return_value"
fabric\decorators.py:180:12: error: Module has no attribute "atfork"
fabric\decorators.py:182:8: error: "Callable[..., Any]" has no attribute "parallel"
fabric\decorators.py:183:8: error: "Callable[..., Any]" has no attribute "serial"
fabric\decorators.py:184:8: error: "Callable[..., Any]" has no attribute "pool_size"
fabric\sftp.py:109:8: error: Module 'fabric.api' has no attribute 'sudo'
fabric\sftp.py:109:8: error: Module 'fabric.api' has no attribute 'hide'
fabric\sftp.py:117:8: error: Module 'fabric.api' has no attribute 'sudo'
fabric\sftp.py:117:8: error: Module 'fabric.api' has no attribute 'hide'
fabric\sftp.py:235:8: error: Module 'fabric.api' has no attribute 'sudo'
fabric\sftp.py:235:8: error: Module 'fabric.api' has no attribute 'hide'
fabric\sftp.py:270:24: error: No overload variant of "int" matches argument types [builtins.basestring, builtins.int]
fabric\operations.py:393:8: error: Need type annotation for variable
fabric\operations.py:412:8: error: "_AttributeList" has no attribute "failed"
fabric\operations.py:413:8: error: "_AttributeList" has no attribute "succeeded"
fabric\operations.py:413:28: error: "_AttributeList" has no attribute "failed"
fabric\operations.py:562:8: error: Need type annotation for variable
fabric\operations.py:598:8: error: "_AttributeList" has no attribute "failed"
fabric\operations.py:599:8: error: "_AttributeList" has no attribute "succeeded"
fabric\operations.py:599:28: error: "_AttributeList" has no attribute "failed"
fabric\operations.py:787:8: error: Need type annotation for variable
fabric\operations.py:935:8: error: "_AttributeString" has no attribute "failed"
fabric\operations.py:936:8: error: "_AttributeString" has no attribute "command"
fabric\operations.py:937:8: error: "_AttributeString" has no attribute "real_command"
fabric\operations.py:939:12: error: "_AttributeString" has no attribute "failed"
fabric\operations.py:953:8: error: "_AttributeString" has no attribute "return_code"
fabric\operations.py:956:8: error: "_AttributeString" has no attribute "succeeded"
fabric\operations.py:956:28: error: "_AttributeString" has no attribute "failed"
fabric\operations.py:959:8: error: "_AttributeString" has no attribute "stderr"
fabric\operations.py:1187:8: error: Incompatible types in assignment (expression has type "BinaryIO", variable has type "int")
fabric\operations.py:1188:8: error: Incompatible types in assignment (expression has type "BinaryIO", variable has type "int")
fabric\operations.py:1201:4: error: "_AttributeString" has no attribute "command"
fabric\operations.py:1202:4: error: "_AttributeString" has no attribute "real_command"
fabric\operations.py:1203:4: error: "_AttributeString" has no attribute "failed"
fabric\operations.py:1204:4: error: "_AttributeString" has no attribute "return_code"
fabric\operations.py:1205:4: error: "_AttributeString" has no attribute "stderr"
fabric\operations.py:1207:8: error: "_AttributeString" has no attribute "failed"
fabric\operations.py:1210:4: error: "_AttributeString" has no attribute "succeeded"
fabric\operations.py:1210:24: error: "_AttributeString" has no attribute "failed"
fabric\utils.py:47:8: error: Name 'red' already defined
fabric\utils.py:79:8: error: Name 'magenta' already defined
fabric\utils.py:273:8: error: Need type annotation for variable
fabric\network.py:249:19: error: Unsupported right operand type for in ("Exception")
fabric\network.py:650:4: error: "Callable[..., Any]" has no attribute "undecorated"
fabric\state.py:370:23: error: "Option" has no attribute "default"
fabric\state.py:378:0: error: Need type annotation for variable
fabric\network.py:189:4: error: Need type annotation for variable
fabric\network.py:249:19: error: Unsupported right operand type for in ("Exception")
fabric\task_utils.py:27:25: error: "_Dict" has no attribute "default"
fabric\task_utils.py:52:4: error: Need type annotation for variable
fabric\task_utils.py:71:8: error: Need type annotation for variable
fabric\task_utils.py:81:4: error: Need type annotation for variable
fabric\task_utils.py:82:4: error: Need type annotation for variable
fabric\task_utils.py:83:4: error: Need type annotation for variable
fabric\io.py:72:8: error: Need type annotation for variable
fabric\io.py:77:8: error: Need type annotation for variable
fabric\context_managers.py:69:4: error: "Callable[..., ContextManager[Any]]" has no attribute "undecorated"
fabric\job_queue.py:40:8: error: Need type annotation for variable
fabric\job_queue.py:41:8: error: Need type annotation for variable
fabric\job_queue.py:42:8: error: Need type annotation for variable
fabric\job_queue.py:215:8: error: Name 'Bucket' already defined
fabric\job_queue.py:218:12: error: Need type annotation for variable
fabric\tasks.py:383:20: error: Iterable expected
fabric\tasks.py:383:20: error: "bool" has no attribute "__iter__"
fabric\decorators.py:139:12: error: "Callable[..., Any]" has no attribute "return_value"
fabric\decorators.py:140:15: error: "Callable[..., Any]" has no attribute "return_value"
fabric\decorators.py:180:12: error: Module has no attribute "atfork"
fabric\decorators.py:182:8: error: "Callable[..., Any]" has no attribute "parallel"
fabric\decorators.py:183:8: error: "Callable[..., Any]" has no attribute "serial"
fabric\decorators.py:184:8: error: "Callable[..., Any]" has no attribute "pool_size"
fabric\sftp.py:109:8: error: Module 'fabric.api' has no attribute 'sudo'
fabric\sftp.py:109:8: error: Module 'fabric.api' has no attribute 'hide'
fabric\sftp.py:117:8: error: Module 'fabric.api' has no attribute 'sudo'
fabric\sftp.py:117:8: error: Module 'fabric.api' has no attribute 'hide'
fabric\sftp.py:235:8: error: Module 'fabric.api' has no attribute 'sudo'
fabric\sftp.py:235:8: error: Module 'fabric.api' has no attribute 'hide'
fabric\sftp.py:270:24: error: No overload variant of "int" matches argument types [builtins.basestring, builtins.int]
fabric\operations.py:393:8: error: Need type annotation for variable
fabric\operations.py:412:8: error: "_AttributeList" has no attribute "failed"
fabric\operations.py:413:8: error: "_AttributeList" has no attribute "succeeded"
fabric\operations.py:413:28: error: "_AttributeList" has no attribute "failed"
fabric\operations.py:562:8: error: Need type annotation for variable
fabric\operations.py:598:8: error: "_AttributeList" has no attribute "failed"
fabric\operations.py:599:8: error: "_AttributeList" has no attribute "succeeded"
fabric\operations.py:599:28: error: "_AttributeList" has no attribute "failed"
fabric\operations.py:787:8: error: Need type annotation for variable
fabric\operations.py:935:8: error: "_AttributeString" has no attribute "failed"
fabric\operations.py:936:8: error: "_AttributeString" has no attribute "command"
fabric\operations.py:937:8: error: "_AttributeString" has no attribute "real_command"
fabric\operations.py:939:12: error: "_AttributeString" has no attribute "failed"
fabric\operations.py:953:8: error: "_AttributeString" has no attribute "return_code"
fabric\operations.py:956:8: error: "_AttributeString" has no attribute "succeeded"
fabric\operations.py:956:28: error: "_AttributeString" has no attribute "failed"
fabric\operations.py:959:8: error: "_AttributeString" has no attribute "stderr"
fabric\operations.py:1187:8: error: Incompatible types in assignment (expression has type "BinaryIO", variable has type "int")
fabric\operations.py:1188:8: error: Incompatible types in assignment (expression has type "BinaryIO", variable has type "int")
fabric\operations.py:1201:4: error: "_AttributeString" has no attribute "command"
fabric\operations.py:1202:4: error: "_AttributeString" has no attribute "real_command"
fabric\operations.py:1203:4: error: "_AttributeString" has no attribute "failed"
fabric\operations.py:1204:4: error: "_AttributeString" has no attribute "return_code"
fabric\operations.py:1205:4: error: "_AttributeString" has no attribute "stderr"
fabric\operations.py:1207:8: error: "_AttributeString" has no attribute "failed"
fabric\operations.py:1210:4: error: "_AttributeString" has no attribute "succeeded"
fabric\operations.py:1210:24: error: "_AttributeString" has no attribute "failed"
fabric\utils.py:47:8: error: Name 'red' already defined
fabric\utils.py:79:8: error: Name 'magenta' already defined
fabric\utils.py:273:8: error: Need type annotation for variable
fabric\network.py:249:19: error: Unsupported right operand type for in ("Exception")
fabric\network.py:650:4: error: "Callable[..., Any]" has no attribute "undecorated"
fabric\state.py:370:23: error: "Option" has no attribute "default"
fabric\state.py:378:0: error: Need type annotation for variable
fabric\network.py:189:4: error: Need type annotation for variable
fabric\network.py:249:19: error: Unsupported right operand type for in ("Exception")
fabric\task_utils.py:27:25: error: "_Dict" has no attribute "default"
fabric\task_utils.py:52:4: error: Need type annotation for variable
fabric\task_utils.py:71:8: error: Need type annotation for variable
fabric\task_utils.py:81:4: error: Need type annotation for variable
fabric\task_utils.py:82:4: error: Need type annotation for variable
fabric\task_utils.py:83:4: error: Need type annotation for variable
fabric\context_managers.py:69:4: error: "Callable[..., ContextManager[Any]]" has no attribute "undecorated"
fabric\job_queue.py:40:8: error: Need type annotation for variable
fabric\job_queue.py:41:8: error: Need type annotation for variable
fabric\job_queue.py:42:8: error: Need type annotation for variable
fabric\job_queue.py:215:8: error: Name 'Bucket' already defined
fabric\job_queue.py:218:12: error: Need type annotation for variable
fabric\tasks.py:383:20: error: Iterable expected
fabric\tasks.py:383:20: error: "bool" has no attribute "__iter__"
fabric\utils.py:47:8: error: Name 'red' already defined
fabric\utils.py:79:8: error: Name 'magenta' already defined
fabric\utils.py:273:8: error: Need type annotation for variable
fabric\network.py:249:19: error: Unsupported right operand type for in ("Exception")
fabric\network.py:650:4: error: "Callable[..., Any]" has no attribute "undecorated"
fabric\state.py:370:23: error: "Option" has no attribute "default"
fabric\state.py:378:0: error: Need type annotation for variable
fabric\network.py:189:4: error: Need type annotation for variable
fabric\network.py:249:19: error: Unsupported right operand type for in ("Exception")
fabric\task_utils.py:27:25: error: "_Dict" has no attribute "default"
fabric\task_utils.py:52:4: error: Need type annotation for variable
fabric\task_utils.py:71:8: error: Need type annotation for variable
fabric\task_utils.py:81:4: error: Need type annotation for variable
fabric\task_utils.py:82:4: error: Need type annotation for variable
fabric\task_utils.py:83:4: error: Need type annotation for variable
fabric\io.py:72:8: error: Need type annotation for variable
fabric\io.py:77:8: error: Need type annotation for variable
fabric\context_managers.py:69:4: error: "Callable[..., ContextManager[Any]]" has no attribute "undecorated"
fabric\job_queue.py:40:8: error: Need type annotation for variable
fabric\job_queue.py:41:8: error: Need type annotation for variable
fabric\job_queue.py:42:8: error: Need type annotation for variable
fabric\job_queue.py:215:8: error: Name 'Bucket' already defined
fabric\job_queue.py:218:12: error: Need type annotation for variable
fabric\tasks.py:383:20: error: Iterable expected
fabric\tasks.py:383:20: error: "bool" has no attribute "__iter__"
fabric\decorators.py:139:12: error: "Callable[..., Any]" has no attribute "return_value"
fabric\decorators.py:140:15: error: "Callable[..., Any]" has no attribute "return_value"
fabric\decorators.py:180:12: error: Module has no attribute "atfork"
fabric\decorators.py:182:8: error: "Callable[..., Any]" has no attribute "parallel"
fabric\decorators.py:183:8: error: "Callable[..., Any]" has no attribute "serial"
fabric\decorators.py:184:8: error: "Callable[..., Any]" has no attribute "pool_size"
fabric\sftp.py:109:8: error: Module 'fabric.api' has no attribute 'sudo'
fabric\sftp.py:109:8: error: Module 'fabric.api' has no attribute 'hide'
fabric\sftp.py:117:8: error: Module 'fabric.api' has no attribute 'sudo'
fabric\sftp.py:117:8: error: Module 'fabric.api' has no attribute 'hide'
fabric\sftp.py:235:8: error: Module 'fabric.api' has no attribute 'sudo'
fabric\sftp.py:235:8: error: Module 'fabric.api' has no attribute 'hide'
fabric\sftp.py:270:24: error: No overload variant of "int" matches argument types [builtins.basestring, builtins.int]
fabric\operations.py:393:8: error: Need type annotation for variable
fabric\operations.py:412:8: error: "_AttributeList" has no attribute "failed"
fabric\operations.py:413:8: error: "_AttributeList" has no attribute "succeeded"
fabric\operations.py:413:28: error: "_AttributeList" has no attribute "failed"
fabric\operations.py:562:8: error: Need type annotation for variable
fabric\operations.py:598:8: error: "_AttributeList" has no attribute "failed"
fabric\operations.py:599:8: error: "_AttributeList" has no attribute "succeeded"
fabric\operations.py:599:28: error: "_AttributeList" has no attribute "failed"
fabric\operations.py:787:8: error: Need type annotation for variable
fabric\operations.py:935:8: error: "_AttributeString" has no attribute "failed"
fabric\operations.py:936:8: error: "_AttributeString" has no attribute "command"
fabric\operations.py:937:8: error: "_AttributeString" has no attribute "real_command"
fabric\operations.py:939:12: error: "_AttributeString" has no attribute "failed"
fabric\operations.py:953:8: error: "_AttributeString" has no attribute "return_code"
fabric\operations.py:956:8: error: "_AttributeString" has no attribute "succeeded"
fabric\operations.py:956:28: error: "_AttributeString" has no attribute "failed"
fabric\operations.py:959:8: error: "_AttributeString" has no attribute "stderr"
fabric\operations.py:1187:8: error: Incompatible types in assignment (expression has type "BinaryIO", variable has type "int")
fabric\operations.py:1188:8: error: Incompatible types in assignment (expression has type "BinaryIO", variable has type "int")
fabric\operations.py:1201:4: error: "_AttributeString" has no attribute "command"
fabric\operations.py:1202:4: error: "_AttributeString" has no attribute "real_command"
fabric\operations.py:1203:4: error: "_AttributeString" has no attribute "failed"
fabric\operations.py:1204:4: error: "_AttributeString" has no attribute "return_code"
fabric\operations.py:1205:4: error: "_AttributeString" has no attribute "stderr"
fabric\operations.py:1207:8: error: "_AttributeString" has no attribute "failed"
fabric\operations.py:1210:4: error: "_AttributeString" has no attribute "succeeded"
fabric\operations.py:1210:24: error: "_AttributeString" has no attribute "failed"
fabric\utils.py:47:8: error: Name 'red' already defined
fabric\utils.py:79:8: error: Name 'magenta' already defined
fabric\utils.py:273:8: error: Need type annotation for variable
fabric\network.py:249:19: error: Unsupported right operand type for in ("Exception")
fabric\network.py:650:4: error: "Callable[..., Any]" has no attribute "undecorated"
fabric\state.py:370:23: error: "Option" has no attribute "default"
fabric\state.py:378:0: error: Need type annotation for variable
fabric\network.py:189:4: error: Need type annotation for variable
fabric\network.py:249:19: error: Unsupported right operand type for in ("Exception")
fabric\task_utils.py:27:25: error: "_Dict" has no attribute "default"
fabric\task_utils.py:52:4: error: Need type annotation for variable
fabric\task_utils.py:71:8: error: Need type annotation for variable
fabric\task_utils.py:81:4: error: Need type annotation for variable
fabric\task_utils.py:82:4: error: Need type annotation for variable
fabric\task_utils.py:83:4: error: Need type annotation for variable
fabric\io.py:72:8: error: Need type annotation for variable
fabric\io.py:77:8: error: Need type annotation for variable
fabric\context_managers.py:69:4: error: "Callable[..., ContextManager[Any]]" has no attribute "undecorated"
fabric\job_queue.py:40:8: error: Need type annotation for variable
fabric\job_queue.py:41:8: error: Need type annotation for variable
fabric\job_queue.py:42:8: error: Need type annotation for variable
fabric\job_queue.py:215:8: error: Name 'Bucket' already defined
fabric\job_queue.py:218:12: error: Need type annotation for variable
fabric\tasks.py:383:20: error: Iterable expected
fabric\tasks.py:383:20: error: "bool" has no attribute "__iter__"
fabric\decorators.py:139:12: error: "Callable[..., Any]" has no attribute "return_value"
fabric\decorators.py:140:15: error: "Callable[..., Any]" has no attribute "return_value"
fabric\decorators.py:180:12: error: Module has no attribute "atfork"
fabric\decorators.py:182:8: error: "Callable[..., Any]" has no attribute "parallel"
fabric\decorators.py:183:8: error: "Callable[..., Any]" has no attribute "serial"
fabric\decorators.py:184:8: error: "Callable[..., Any]" has no attribute "pool_size"
fabric\sftp.py:109:8: error: Module 'fabric.api' has no attribute 'sudo'
fabric\sftp.py:109:8: error: Module 'fabric.api' has no attribute 'hide'
fabric\sftp.py:117:8: error: Module 'fabric.api' has no attribute 'sudo'
fabric\sftp.py:117:8: error: Module 'fabric.api' has no attribute 'hide'
fabric\sftp.py:235:8: error: Module 'fabric.api' has no attribute 'sudo'
fabric\sftp.py:235:8: error: Module 'fabric.api' has no attribute 'hide'
fabric\sftp.py:270:24: error: No overload variant of "int" matches argument types [builtins.basestring, builtins.int]
fabric\operations.py:393:8: error: Need type annotation for variable
fabric\operations.py:412:8: error: "_AttributeList" has no attribute "failed"
fabric\operations.py:413:8: error: "_AttributeList" has no attribute "succeeded"
fabric\operations.py:413:28: error: "_AttributeList" has no attribute "failed"
fabric\operations.py:562:8: error: Need type annotation for variable
fabric\operations.py:598:8: error: "_AttributeList" has no attribute "failed"
fabric\operations.py:599:8: error: "_AttributeList" has no attribute "succeeded"
fabric\operations.py:599:28: error: "_AttributeList" has no attribute "failed"
fabric\operations.py:787:8: error: Need type annotation for variable
fabric\operations.py:935:8: error: "_AttributeString" has no attribute "failed"
fabric\operations.py:936:8: error: "_AttributeString" has no attribute "command"
fabric\operations.py:937:8: error: "_AttributeString" has no attribute "real_command"
fabric\operations.py:939:12: error: "_AttributeString" has no attribute "failed"
fabric\operations.py:953:8: error: "_AttributeString" has no attribute "return_code"
fabric\operations.py:956:8: error: "_AttributeString" has no attribute "succeeded"
fabric\operations.py:956:28: error: "_AttributeString" has no attribute "failed"
fabric\operations.py:959:8: error: "_AttributeString" has no attribute "stderr"
fabric\operations.py:1187:8: error: Incompatible types in assignment (expression has type "BinaryIO", variable has type "int")
fabric\operations.py:1188:8: error: Incompatible types in assignment (expression has type "BinaryIO", variable has type "int")
fabric\operations.py:1201:4: error: "_AttributeString" has no attribute "command"
fabric\operations.py:1202:4: error: "_AttributeString" has no attribute "real_command"
fabric\operations.py:1203:4: error: "_AttributeString" has no attribute "failed"
fabric\operations.py:1204:4: error: "_AttributeString" has no attribute "return_code"
fabric\operations.py:1205:4: error: "_AttributeString" has no attribute "stderr"
fabric\operations.py:1207:8: error: "_AttributeString" has no attribute "failed"
fabric\operations.py:1210:4: error: "_AttributeString" has no attribute "succeeded"
fabric\operations.py:1210:24: error: "_AttributeString" has no attribute "failed"
fabric\utils.py:47:8: error: Name 'red' already defined
fabric\utils.py:79:8: error: Name 'magenta' already defined
fabric\utils.py:273:8: error: Need type annotation for variable
fabric\network.py:249:19: error: Unsupported right operand type for in ("Exception")
fabric\network.py:650:4: error: "Callable[..., Any]" has no attribute "undecorated"
fabric\state.py:370:23: error: "Option" has no attribute "default"
fabric\state.py:378:0: error: Need type annotation for variable
fabric\network.py:189:4: error: Need type annotation for variable
fabric\network.py:249:19: error: Unsupported right operand type for in ("Exception")
fabric\task_utils.py:27:25: error: "_Dict" has no attribute "default"
fabric\task_utils.py:52:4: error: Need type annotation for variable
fabric\task_utils.py:71:8: error: Need type annotation for variable
fabric\task_utils.py:81:4: error: Need type annotation for variable
fabric\task_utils.py:82:4: error: Need type annotation for variable
fabric\task_utils.py:83:4: error: Need type annotation for variable
fabric\io.py:72:8: error: Need type annotation for variable
fabric\io.py:77:8: error: Need type annotation for variable
fabric\context_managers.py:69:4: error: "Callable[..., ContextManager[Any]]" has no attribute "undecorated"
fabric\job_queue.py:40:8: error: Need type annotation for variable
fabric\job_queue.py:41:8: error: Need type annotation for variable
fabric\job_queue.py:42:8: error: Need type annotation for variable
fabric\job_queue.py:215:8: error: Name 'Bucket' already defined
fabric\job_queue.py:218:12: error: Need type annotation for variable
fabric\tasks.py:383:20: error: Iterable expected
fabric\tasks.py:383:20: error: "bool" has no attribute "__iter__"
fabric\decorators.py:139:12: error: "Callable[..., Any]" has no attribute "return_value"
fabric\decorators.py:140:15: error: "Callable[..., Any]" has no attribute "return_value"
fabric\decorators.py:180:12: error: Module has no attribute "atfork"
fabric\decorators.py:182:8: error: "Callable[..., Any]" has no attribute "parallel"
fabric\decorators.py:183:8: error: "Callable[..., Any]" has no attribute "serial"
fabric\decorators.py:184:8: error: "Callable[..., Any]" has no attribute "pool_size"
fabric\sftp.py:109:8: error: Module 'fabric.api' has no attribute 'sudo'
fabric\sftp.py:109:8: error: Module 'fabric.api' has no attribute 'hide'
fabric\sftp.py:117:8: error: Module 'fabric.api' has no attribute 'sudo'
fabric\sftp.py:117:8: error: Module 'fabric.api' has no attribute 'hide'
fabric\sftp.py:235:8: error: Module 'fabric.api' has no attribute 'sudo'
fabric\sftp.py:235:8: error: Module 'fabric.api' has no attribute 'hide'
fabric\sftp.py:270:24: error: No overload variant of "int" matches argument types [builtins.basestring, builtins.int]
fabric\operations.py:393:8: error: Need type annotation for variable
fabric\operations.py:412:8: error: "_AttributeList" has no attribute "failed"
fabric\operations.py:413:8: error: "_AttributeList" has no attribute "succeeded"
fabric\operations.py:413:28: error: "_AttributeList" has no attribute "failed"
fabric\operations.py:562:8: error: Need type annotation for variable
fabric\operations.py:598:8: error: "_AttributeList" has no attribute "failed"
fabric\operations.py:599:8: error: "_AttributeList" has no attribute "succeeded"
fabric\operations.py:599:28: error: "_AttributeList" has no attribute "failed"
fabric\operations.py:787:8: error: Need type annotation for variable
fabric\operations.py:935:8: error: "_AttributeString" has no attribute "failed"
fabric\operations.py:936:8: error: "_AttributeString" has no attribute "command"
fabric\operations.py:937:8: error: "_AttributeString" has no attribute "real_command"
fabric\operations.py:939:12: error: "_AttributeString" has no attribute "failed"
fabric\operations.py:953:8: error: "_AttributeString" has no attribute "return_code"
fabric\operations.py:956:8: error: "_AttributeString" has no attribute "succeeded"
fabric\operations.py:956:28: error: "_AttributeString" has no attribute "failed"
fabric\operations.py:959:8: error: "_AttributeString" has no attribute "stderr"
fabric\operations.py:1187:8: error: Incompatible types in assignment (expression has type "BinaryIO", variable has type "int")
fabric\operations.py:1188:8: error: Incompatible types in assignment (expression has type "BinaryIO", variable has type "int")
fabric\operations.py:1201:4: error: "_AttributeString" has no attribute "command"
fabric\operations.py:1202:4: error: "_AttributeString" has no attribute "real_command"
fabric\operations.py:1203:4: error: "_AttributeString" has no attribute "failed"
fabric\operations.py:1204:4: error: "_AttributeString" has no attribute "return_code"
fabric\operations.py:1205:4: error: "_AttributeString" has no attribute "stderr"
fabric\operations.py:1207:8: error: "_AttributeString" has no attribute "failed"
fabric\operations.py:1210:4: error: "_AttributeString" has no attribute "succeeded"
fabric\operations.py:1210:24: error: "_AttributeString" has no attribute "failed"
fabric\utils.py:47:8: error: Name 'red' already defined
fabric\utils.py:79:8: error: Name 'magenta' already defined
fabric\utils.py:273:8: error: Need type annotation for variable
fabric\network.py:249:19: error: Unsupported right operand type for in ("Exception")
fabric\network.py:650:4: error: "Callable[..., Any]" has no attribute "undecorated"
fabric\state.py:370:23: error: "Option" has no attribute "default"
fabric\state.py:378:0: error: Need type annotation for variable
fabric\network.py:189:4: error: Need type annotation for variable
fabric\network.py:249:19: error: Unsupported right operand type for in ("Exception")
fabric\task_utils.py:27:25: error: "_Dict" has no attribute "default"
fabric\task_utils.py:52:4: error: Need type annotation for variable
fabric\task_utils.py:71:8: error: Need type annotation for variable
fabric\task_utils.py:81:4: error: Need type annotation for variable
fabric\task_utils.py:82:4: error: Need type annotation for variable
fabric\task_utils.py:83:4: error: Need type annotation for variable
fabric\io.py:72:8: error: Need type annotation for variable
fabric\io.py:77:8: error: Need type annotation for variable
fabric\context_managers.py:69:4: error: "Callable[..., ContextManager[Any]]" has no attribute "undecorated"
fabric\job_queue.py:40:8: error: Need type annotation for variable
fabric\job_queue.py:41:8: error: Need type annotation for variable
fabric\job_queue.py:42:8: error: Need type annotation for variable
fabric\job_queue.py:215:8: error: Name 'Bucket' already defined
fabric\job_queue.py:218:12: error: Need type annotation for variable
fabric\tasks.py:383:20: error: Iterable expected
fabric\tasks.py:383:20: error: "bool" has no attribute "__iter__"
fabric\decorators.py:139:12: error: "Callable[..., Any]" has no attribute "return_value"
fabric\decorators.py:140:15: error: "Callable[..., Any]" has no attribute "return_value"
fabric\decorators.py:180:12: error: Module has no attribute "atfork"
fabric\decorators.py:182:8: error: "Callable[..., Any]" has no attribute "parallel"
fabric\decorators.py:183:8: error: "Callable[..., Any]" has no attribute "serial"
fabric\decorators.py:184:8: error: "Callable[..., Any]" has no attribute "pool_size"
fabric\sftp.py:109:8: error: Module 'fabric.api' has no attribute 'sudo'
fabric\sftp.py:109:8: error: Module 'fabric.api' has no attribute 'hide'
fabric\sftp.py:117:8: error: Module 'fabric.api' has no attribute 'sudo'
fabric\sftp.py:117:8: error: Module 'fabric.api' has no attribute 'hide'
fabric\sftp.py:235:8: error: Module 'fabric.api' has no attribute 'sudo'
fabric\sftp.py:235:8: error: Module 'fabric.api' has no attribute 'hide'
fabric\sftp.py:270:24: error: No overload variant of "int" matches argument types [builtins.basestring, builtins.int]
fabric\operations.py:393:8: error: Need type annotation for variable
fabric\operations.py:412:8: error: "_AttributeList" has no attribute "failed"
fabric\operations.py:413:8: error: "_AttributeList" has no attribute "succeeded"
fabric\operations.py:413:28: error: "_AttributeList" has no attribute "failed"
fabric\operations.py:562:8: error: Need type annotation for variable
fabric\operations.py:598:8: error: "_AttributeList" has no attribute "failed"
fabric\operations.py:599:8: error: "_AttributeList" has no attribute "succeeded"
fabric\operations.py:599:28: error: "_AttributeList" has no attribute "failed"
fabric\operations.py:787:8: error: Need type annotation for variable
fabric\operations.py:935:8: error: "_AttributeString" has no attribute "failed"
fabric\operations.py:936:8: error: "_AttributeString" has no attribute "command"
fabric\operations.py:937:8: error: "_AttributeString" has no attribute "real_command"
fabric\operations.py:939:12: error: "_AttributeString" has no attribute "failed"
fabric\operations.py:953:8: error: "_AttributeString" has no attribute "return_code"
fabric\operations.py:956:8: error: "_AttributeString" has no attribute "succeeded"
fabric\operations.py:956:28: error: "_AttributeString" has no attribute "failed"
fabric\operations.py:959:8: error: "_AttributeString" has no attribute "stderr"
fabric\operations.py:1187:8: error: Incompatible types in assignment (expression has type "BinaryIO", variable has type "int")
fabric\operations.py:1188:8: error: Incompatible types in assignment (expression has type "BinaryIO", variable has type "int")
fabric\operations.py:1201:4: error: "_AttributeString" has no attribute "command"
fabric\operations.py:1202:4: error: "_AttributeString" has no attribute "real_command"
fabric\operations.py:1203:4: error: "_AttributeString" has no attribute "failed"
fabric\operations.py:1204:4: error: "_AttributeString" has no attribute "return_code"
fabric\operations.py:1205:4: error: "_AttributeString" has no attribute "stderr"
fabric\operations.py:1207:8: error: "_AttributeString" has no attribute "failed"
fabric\operations.py:1210:4: error: "_AttributeString" has no attribute "succeeded"
fabric\operations.py:1210:24: error: "_AttributeString" has no attribute "failed"
fabric\utils.py:47:8: error: Name 'red' already defined
fabric\utils.py:79:8: error: Name 'magenta' already defined
fabric\utils.py:273:8: error: Need type annotation for variable
fabric\network.py:249:19: error: Unsupported right operand type for in ("Exception")
fabric\network.py:650:4: error: "Callable[..., Any]" has no attribute "undecorated"
fabric\state.py:370:23: error: "Option" has no attribute "default"
fabric\state.py:378:0: error: Need type annotation for variable
fabric\network.py:189:4: error: Need type annotation for variable
fabric\network.py:249:19: error: Unsupported right operand type for in ("Exception")
fabric\task_utils.py:27:25: error: "_Dict" has no attribute "default"
fabric\task_utils.py:52:4: error: Need type annotation for variable
fabric\task_utils.py:71:8: error: Need type annotation for variable
fabric\task_utils.py:81:4: error: Need type annotation for variable
fabric\task_utils.py:82:4: error: Need type annotation for variable
fabric\task_utils.py:83:4: error: Need type annotation for variable
fabric\io.py:72:8: error: Need type annotation for variable
fabric\io.py:77:8: error: Need type annotation for variable
fabric\context_managers.py:69:4: error: "Callable[..., ContextManager[Any]]" has no attribute "undecorated"
fabric\job_queue.py:40:8: error: Need type annotation for variable
fabric\job_queue.py:41:8: error: Need type annotation for variable
fabric\job_queue.py:42:8: error: Need type annotation for variable
fabric\job_queue.py:215:8: error: Name 'Bucket' already defined
fabric\job_queue.py:218:12: error: Need type annotation for variable
fabric\tasks.py:383:20: error: Iterable expected
fabric\tasks.py:383:20: error: "bool" has no attribute "__iter__"
fabric\decorators.py:139:12: error: "Callable[..., Any]" has no attribute "return_value"
fabric\decorators.py:140:15: error: "Callable[..., Any]" has no attribute "return_value"
fabric\decorators.py:180:12: error: Module has no attribute "atfork"
fabric\decorators.py:182:8: error: "Callable[..., Any]" has no attribute "parallel"
fabric\decorators.py:183:8: error: "Callable[..., Any]" has no attribute "serial"
fabric\decorators.py:184:8: error: "Callable[..., Any]" has no attribute "pool_size"
fabric\sftp.py:109:8: error: Module 'fabric.api' has no attribute 'sudo'
fabric\sftp.py:109:8: error: Module 'fabric.api' has no attribute 'hide'
fabric\sftp.py:117:8: error: Module 'fabric.api' has no attribute 'sudo'
fabric\sftp.py:117:8: error: Module 'fabric.api' has no attribute 'hide'
fabric\sftp.py:235:8: error: Module 'fabric.api' has no attribute 'sudo'
fabric\sftp.py:235:8: error: Module 'fabric.api' has no attribute 'hide'
fabric\sftp.py:270:24: error: No overload variant of "int" matches argument types [builtins.basestring, builtins.int]
fabric\operations.py:393:8: error: Need type annotation for variable
fabric\operations.py:412:8: error: "_AttributeList" has no attribute "failed"
fabric\operations.py:413:8: error: "_AttributeList" has no attribute "succeeded"
fabric\operations.py:413:28: error: "_AttributeList" has no attribute "failed"
fabric\operations.py:562:8: error: Need type annotation for variable
fabric\operations.py:598:8: error: "_AttributeList" has no attribute "failed"
fabric\operations.py:599:8: error: "_AttributeList" has no attribute "succeeded"
fabric\operations.py:599:28: error: "_AttributeList" has no attribute "failed"
fabric\operations.py:787:8: error: Need type annotation for variable
fabric\operations.py:935:8: error: "_AttributeString" has no attribute "failed"
fabric\operations.py:936:8: error: "_AttributeString" has no attribute "command"
fabric\operations.py:937:8: error: "_AttributeString" has no attribute "real_command"
fabric\operations.py:939:12: error: "_AttributeString" has no attribute "failed"
fabric\operations.py:953:8: error: "_AttributeString" has no attribute "return_code"
fabric\operations.py:956:8: error: "_AttributeString" has no attribute "succeeded"
fabric\operations.py:956:28: error: "_AttributeString" has no attribute "failed"
fabric\operations.py:959:8: error: "_AttributeString" has no attribute "stderr"
fabric\operations.py:1187:8: error: Incompatible types in assignment (expression has type "BinaryIO", variable has type "int")
fabric\operations.py:1188:8: error: Incompatible types in assignment (expression has type "BinaryIO", variable has type "int")
fabric\operations.py:1201:4: error: "_AttributeString" has no attribute "command"
fabric\operations.py:1202:4: error: "_AttributeString" has no attribute "real_command"
fabric\operations.py:1203:4: error: "_AttributeString" has no attribute "failed"
fabric\operations.py:1204:4: error: "_AttributeString" has no attribute "return_code"
fabric\operations.py:1205:4: error: "_AttributeString" has no attribute "stderr"
fabric\operations.py:1207:8: error: "_AttributeString" has no attribute "failed"
fabric\operations.py:1210:4: error: "_AttributeString" has no attribute "succeeded"
fabric\operations.py:1210:24: error: "_AttributeString" has no attribute "failed"
